
21. Printing statistics.

=== cv32e40p_id_ex_readmask_context ===

        +----------Local Count, excluding submodules.
        |        +-Local Area, excluding submodules.
        |        | 
    22711        - wires
    23176        - wire bits
     9625        - public wires
    10090        - public wire bits
       44        - ports
      509        - port bits
    15121 1.24E+05 cells
       11        -   $scopeinfo
       22  192.685   sky130_fd_sc_hd__a2111oi_0
       61  534.262   sky130_fd_sc_hd__a211o_1
      225  1689.12   sky130_fd_sc_hd__a211oi_1
       10  100.096   sky130_fd_sc_hd__a21bo_1
       34  255.245   sky130_fd_sc_hd__a21boi_0
       66  495.475   sky130_fd_sc_hd__a21o_1
     1335 6.68E+03   sky130_fd_sc_hd__a21oi_1
       47  470.451   sky130_fd_sc_hd__a221o_1
      251  2.2E+03   sky130_fd_sc_hd__a221oi_1
      164 1.64E+03   sky130_fd_sc_hd__a222oi_1
      152 1.33E+03   sky130_fd_sc_hd__a22o_1
      313 2.35E+03   sky130_fd_sc_hd__a22oi_1
        8   70.067   sky130_fd_sc_hd__a2bb2oi_1
        8   80.077   sky130_fd_sc_hd__a311o_1
       46  402.886   sky130_fd_sc_hd__a311oi_1
       15  131.376   sky130_fd_sc_hd__a31o_1
      157  982.192   sky130_fd_sc_hd__a31oi_1
        5   50.048   sky130_fd_sc_hd__a32o_1
       23  201.443   sky130_fd_sc_hd__a32oi_1
        2   17.517   sky130_fd_sc_hd__a41oi_1
       94  588.064   sky130_fd_sc_hd__and2_0
       83  519.248   sky130_fd_sc_hd__and3_1
        6    52.55   sky130_fd_sc_hd__and3b_1
        1    8.758   sky130_fd_sc_hd__and4_1
        4   40.038   sky130_fd_sc_hd__and4b_1
      392 1.47E+03   sky130_fd_sc_hd__clkinv_1
     1566 3.92E+04   sky130_fd_sc_hd__dfrtp_1
        4  105.101   sky130_fd_sc_hd__dfstp_2
       77  481.712   sky130_fd_sc_hd__lpflow_inputiso1p_1
      108  675.648   sky130_fd_sc_hd__lpflow_isobufsrc_1
       56  560.538   sky130_fd_sc_hd__maj3_1
      345 3.88E+03   sky130_fd_sc_hd__mux2_1
      480  4.8E+03   sky130_fd_sc_hd__mux2i_1
      357 8.04E+03   sky130_fd_sc_hd__mux4_2
     1913 7.18E+03   sky130_fd_sc_hd__nand2_1
      177 1.11E+03   sky130_fd_sc_hd__nand2b_1
      280  1.4E+03   sky130_fd_sc_hd__nand3_1
       12   90.086   sky130_fd_sc_hd__nand3b_1
       59  369.104   sky130_fd_sc_hd__nand4_1
       11   96.342   sky130_fd_sc_hd__nand4b_1
        1   11.261   sky130_fd_sc_hd__nand4bb_1
     2282 8.57E+03   sky130_fd_sc_hd__nor2_1
       11   68.816   sky130_fd_sc_hd__nor2b_1
      268 1.34E+03   sky130_fd_sc_hd__nor3_1
       21  157.651   sky130_fd_sc_hd__nor3b_1
       69  431.664   sky130_fd_sc_hd__nor4_1
       12  105.101   sky130_fd_sc_hd__nor4b_1
        9   90.086   sky130_fd_sc_hd__nor4bb_1
        1   11.261   sky130_fd_sc_hd__o2111a_1
       30  262.752   sky130_fd_sc_hd__o2111ai_1
       16  160.154   sky130_fd_sc_hd__o211a_1
      283 2.12E+03   sky130_fd_sc_hd__o211ai_1
       85  638.112   sky130_fd_sc_hd__o21a_1
     1616 8.09E+03   sky130_fd_sc_hd__o21ai_0
        1    10.01   sky130_fd_sc_hd__o21ba_1
       22  165.158   sky130_fd_sc_hd__o21bai_1
       27  304.042   sky130_fd_sc_hd__o221a_1
      112  980.941   sky130_fd_sc_hd__o221ai_1
       24  210.202   sky130_fd_sc_hd__o22a_1
      609 3.81E+03   sky130_fd_sc_hd__o22ai_1
        6    52.55   sky130_fd_sc_hd__o2bb2ai_1
        8   80.077   sky130_fd_sc_hd__o311a_1
       38  332.819   sky130_fd_sc_hd__o311ai_0
       15  131.376   sky130_fd_sc_hd__o31a_1
       49  367.853   sky130_fd_sc_hd__o31ai_1
       21  210.202   sky130_fd_sc_hd__o32a_1
       13  113.859   sky130_fd_sc_hd__o32ai_1
        3   33.782   sky130_fd_sc_hd__o41a_1
        9   78.826   sky130_fd_sc_hd__o41ai_1
       54  337.824   sky130_fd_sc_hd__or3_1
       10   87.584   sky130_fd_sc_hd__or3b_1
       20  150.144   sky130_fd_sc_hd__or4_1
        4   40.038   sky130_fd_sc_hd__or4b_1
      213 1.87E+03   sky130_fd_sc_hd__xnor2_1
        2   45.043   sky130_fd_sc_hd__xnor3_1
      176 1.54E+03   sky130_fd_sc_hd__xor2_1
        1   23.773   sky130_fd_sc_hd__xor3_1

   Area for cell type $scopeinfo is unknown!

   Chip area for module '\cv32e40p_id_ex_readmask_context': 123569.763200
     of which used for sequential elements: 39292.684800 (31.80%)

