
 /----------------------------------------------------------------------------\
 |  yosys -- Yosys Open SYnthesis Suite                                       |
 |  Copyright (C) 2012 - 2026  Claire Xenia Wolf <claire@yosyshq.com>         |
 |  Distributed under an ISC-like license, type "license" to see terms        |
 \----------------------------------------------------------------------------/
 Yosys 0.66+181 (git sha1 afe6b18f2, Release, Clang /usr/bin/clang++ 18.1.8)

-- Executing script file `prove.ys' --

1. Executing Verilog-2005 frontend: compressed_l244_predicate_miter.sv
Parsing SystemVerilog input from `compressed_l244_predicate_miter.sv' to AST representation.
Generating RTLIL representation for module `\compressed_l244_predicate_miter'.
Successfully finished Verilog frontend.

2. Executing PREP pass.

2.1. Executing HIERARCHY pass (managing design hierarchy).

2.1.1. Analyzing design hierarchy..
Top module:  \compressed_l244_predicate_miter

2.1.2. Analyzing design hierarchy..
Top module:  \compressed_l244_predicate_miter
Removed 0 unused modules.

2.2. Executing PROC pass (convert processes to netlists).

2.2.1. Executing PROC_CLEAN pass (remove empty switches from decision trees).
Cleaned up 0 empty switches.

2.2.2. Executing PROC_RMDEAD pass (remove dead branches from decision trees).
Removed a total of 0 dead cases.

2.2.3. Executing PROC_PRUNE pass (remove redundant assignments in processes).
Removed 0 redundant assignments.
Promoted 0 assignments to connections.

2.2.4. Executing PROC_INIT pass (extract init attributes).

2.2.5. Executing PROC_ARST pass (detect async resets in processes).

2.2.6. Executing PROC_ROM pass (convert switches to ROMs).
Converted 0 switches.

2.2.7. Executing PROC_MUX pass (convert decision trees to multiplexers).

2.2.8. Executing PROC_DLATCH pass (convert process syncs to latches).

2.2.9. Executing PROC_DFF pass (convert process syncs to FFs).

2.2.10. Executing PROC_MEMWR pass (convert process memory writes to cells).

2.2.11. Executing PROC_CLEAN pass (remove empty switches from decision trees).
Cleaned up 0 empty switches.

2.2.12. Executing OPT_EXPR pass (perform const folding).
Optimizing module compressed_l244_predicate_miter.
<suppressed ~1 debug messages>

2.3. Executing FLATTEN pass (flatten design).

2.4. Executing FUTURE pass.

2.5. Executing OPT_EXPR pass (perform const folding).
Optimizing module compressed_l244_predicate_miter.

2.6. Executing OPT_CLEAN pass (remove unused cells and wires).
Finding unused cells or wires in module \compressed_l244_predicate_miter..
Removed 0 unused cells and 3 unused wires.
<suppressed ~1 debug messages>

2.7. Executing CHECK pass (checking for obvious problems).
Checking module compressed_l244_predicate_miter...
Found and reported 0 problems.

2.8. Executing OPT pass (performing simple optimizations).

2.8.1. Executing OPT_EXPR pass (perform const folding).
Optimizing module compressed_l244_predicate_miter.

2.8.2. Executing OPT_MERGE pass (detect identical cells).
Finding identical cells in module `\compressed_l244_predicate_miter'.
Computing hashes of 4 cells of `\compressed_l244_predicate_miter'.
Finding duplicate cells in `\compressed_l244_predicate_miter'.
Removed a total of 0 cells.

2.8.3. Executing OPT_MUXTREE pass (detect dead branches in mux trees).
Running muxtree optimizer on module \compressed_l244_predicate_miter..
  Creating internal representation of mux trees.
  No muxes found in this module.
Removed 0 multiplexer ports.

2.8.4. Executing OPT_REDUCE pass (consolidate $*mux and $reduce_* inputs).
  Optimizing cells in module \compressed_l244_predicate_miter.
Performed a total of 0 changes.

2.8.5. Executing OPT_MERGE pass (detect identical cells).
Finding identical cells in module `\compressed_l244_predicate_miter'.
Computing hashes of 4 cells of `\compressed_l244_predicate_miter'.
Finding duplicate cells in `\compressed_l244_predicate_miter'.
Removed a total of 0 cells.

2.8.6. Executing OPT_CLEAN pass (remove unused cells and wires).
Finding unused cells or wires in module \compressed_l244_predicate_miter..

2.8.7. Executing OPT_EXPR pass (perform const folding).
Optimizing module compressed_l244_predicate_miter.

2.8.8. Finished fast OPT passes. (There is nothing left to do.)

2.9. Executing WREDUCE pass (reducing word size of cells).

2.10. Executing OPT_CLEAN pass (remove unused cells and wires).
Finding unused cells or wires in module \compressed_l244_predicate_miter..

2.11. Executing MEMORY_COLLECT pass (generating $mem cells).

2.12. Executing OPT pass (performing simple optimizations).

2.12.1. Executing OPT_EXPR pass (perform const folding).
Optimizing module compressed_l244_predicate_miter.

2.12.2. Executing OPT_MERGE pass (detect identical cells).
Finding identical cells in module `\compressed_l244_predicate_miter'.
Computing hashes of 4 cells of `\compressed_l244_predicate_miter'.
Finding duplicate cells in `\compressed_l244_predicate_miter'.
Removed a total of 0 cells.

2.12.3. Executing OPT_CLEAN pass (remove unused cells and wires).
Finding unused cells or wires in module \compressed_l244_predicate_miter..

2.12.4. Finished fast OPT passes.

2.13. Executing SORT pass.

2.14. Printing statistics.

=== compressed_l244_predicate_miter ===

        +----------Local Count, excluding submodules.
        |
        5 wires
       36 wire bits
        4 public wires
       35 public wire bits
        4 ports
       35 port bits
        4 cells
        2   $logic_not
        1   $reduce_or
        1   $xor

2.15. Executing CHECK pass (checking for obvious problems).
Checking module compressed_l244_predicate_miter...
Found and reported 0 problems.

3. Executing SAT pass (solving SAT problems in the circuit).
Using SAT solver `minisat`.

Setting up SAT problem:
Final constraint equation: { } = { }
Imported 4 cells to SAT database.
Import proof-constraint: \diff_o = 1'0
Final proof equation: \diff_o = 1'0
Import show expression: { \instr_i \old_zero \new_zero \diff_o }

Solving problem with 57 variables and 72 clauses..
SAT proof finished - model found: FAIL!

   ______                   ___       ___       _ _            _ _
  (_____ \                 / __)     / __)     (_) |          | | |
   _____) )___ ___   ___ _| |__    _| |__ _____ _| | _____  __| | |
  |  ____/ ___) _ \ / _ (_   __)  (_   __|____ | | || ___ |/ _  |_|
  | |   | |  | |_| | |_| || |       | |  / ___ | | || ____( (_| |_
  |_|   |_|   \___/ \___/ |_|       |_|  \_____|_|\_)_____)\____|_|


  Signal Name             Dec       Hex                                 Bin
  --------------- ----------- --------- -----------------------------------
  \diff_o                   1         1                                   1
  \instr_i                  4         4    00000000000000000000000000000100
  \new_zero                 1         1                                   1
  \old_zero                 0         0                                   0

End of script. Logfile hash: db3f36c617, time: 0.00s, user: 0.01s, system: 0.00s, MEM: 17.38 MB peak
Yosys 0.66+181 (git sha1 afe6b18f2, Release, Clang /usr/bin/clang++ 18.1.8)
Time spent: 19% 3x opt_merge (0 sec), 14% 2x read_verilog (0 sec), ...
