
21. Printing statistics.

=== cv32e40p_id_stage ===

        +----------Local Count, excluding submodules.
        |        +-Local Area, excluding submodules.
        |        | 
    16285        - wires
    17325        - wire bits
     5866        - public wires
     6906        - public wire bits
      151        - ports
     1191        - port bits
    12512 1.11E+05 cells
        5        -   $scopeinfo
       24  210.202   sky130_fd_sc_hd__a2111oi_0
       35  306.544   sky130_fd_sc_hd__a211o_1
      138 1.04E+03   sky130_fd_sc_hd__a211oi_1
        6   60.058   sky130_fd_sc_hd__a21bo_1
       44  330.317   sky130_fd_sc_hd__a21boi_0
       43   322.81   sky130_fd_sc_hd__a21o_1
      842 4.21E+03   sky130_fd_sc_hd__a21oi_1
       84  840.806   sky130_fd_sc_hd__a221o_1
      229 2.01E+03   sky130_fd_sc_hd__a221oi_1
      142 1.42E+03   sky130_fd_sc_hd__a222oi_1
       91  797.014   sky130_fd_sc_hd__a22o_1
      281 2.11E+03   sky130_fd_sc_hd__a22oi_1
        1    10.01   sky130_fd_sc_hd__a2bb2o_1
        5   43.792   sky130_fd_sc_hd__a2bb2oi_1
        6   60.058   sky130_fd_sc_hd__a311o_1
       24  210.202   sky130_fd_sc_hd__a311oi_1
        3   26.275   sky130_fd_sc_hd__a31o_1
      207 1.29E+03   sky130_fd_sc_hd__a31oi_1
        4   40.038   sky130_fd_sc_hd__a32o_1
       13  113.859   sky130_fd_sc_hd__a32oi_1
        1    10.01   sky130_fd_sc_hd__a41o_1
        2   17.517   sky130_fd_sc_hd__a41oi_1
      115   719.44   sky130_fd_sc_hd__and2_0
       73  456.688   sky130_fd_sc_hd__and3_1
       10   87.584   sky130_fd_sc_hd__and3b_1
       19   166.41   sky130_fd_sc_hd__and4_1
        5   50.048   sky130_fd_sc_hd__and4b_1
      307 1.15E+03   sky130_fd_sc_hd__clkinv_1
     1646 4.12E+04   sky130_fd_sc_hd__dfrtp_1
        4  105.101   sky130_fd_sc_hd__dfstp_2
       65   406.64   sky130_fd_sc_hd__lpflow_inputiso1p_1
       89  556.784   sky130_fd_sc_hd__lpflow_isobufsrc_1
       15  150.144   sky130_fd_sc_hd__maj3_1
      431 4.85E+03   sky130_fd_sc_hd__mux2_1
      319 3.19E+03   sky130_fd_sc_hd__mux2i_1
      365 8.22E+03   sky130_fd_sc_hd__mux4_2
     1467 5.51E+03   sky130_fd_sc_hd__nand2_1
      155   969.68   sky130_fd_sc_hd__nand2b_1
      170  850.816   sky130_fd_sc_hd__nand3_1
       10   75.072   sky130_fd_sc_hd__nand3b_1
       62  387.872   sky130_fd_sc_hd__nand4_1
       18  157.651   sky130_fd_sc_hd__nand4b_1
        6   67.565   sky130_fd_sc_hd__nand4bb_1
     2128 7.99E+03   sky130_fd_sc_hd__nor2_1
        7   43.792   sky130_fd_sc_hd__nor2b_1
      229 1.15E+03   sky130_fd_sc_hd__nor3_1
       21  157.651   sky130_fd_sc_hd__nor3b_1
       57  356.592   sky130_fd_sc_hd__nor4_1
       19   166.41   sky130_fd_sc_hd__nor4b_1
        6   60.058   sky130_fd_sc_hd__nor4bb_1
        3   33.782   sky130_fd_sc_hd__o2111a_1
       38  332.819   sky130_fd_sc_hd__o2111ai_1
        7   70.067   sky130_fd_sc_hd__o211a_1
      205 1.54E+03   sky130_fd_sc_hd__o211ai_1
       51  382.867   sky130_fd_sc_hd__o21a_1
      913 4.57E+03   sky130_fd_sc_hd__o21ai_0
       23  172.666   sky130_fd_sc_hd__o21bai_1
       17  191.434   sky130_fd_sc_hd__o221a_1
      103  902.115   sky130_fd_sc_hd__o221ai_1
       12  105.101   sky130_fd_sc_hd__o22a_1
      623  3.9E+03   sky130_fd_sc_hd__o22ai_1
        7   61.309   sky130_fd_sc_hd__o2bb2ai_1
       11  110.106   sky130_fd_sc_hd__o311a_1
       21  183.926   sky130_fd_sc_hd__o311ai_0
        9   78.826   sky130_fd_sc_hd__o31a_1
       22  165.158   sky130_fd_sc_hd__o31ai_1
        4   40.038   sky130_fd_sc_hd__o32a_1
       13  113.859   sky130_fd_sc_hd__o32ai_1
        4   45.043   sky130_fd_sc_hd__o41a_1
       11   96.342   sky130_fd_sc_hd__o41ai_1
       42  262.752   sky130_fd_sc_hd__or3_1
       10   87.584   sky130_fd_sc_hd__or3b_1
       29  217.709   sky130_fd_sc_hd__or4_1
        7   70.067   sky130_fd_sc_hd__or4b_1
      164 1.44E+03   sky130_fd_sc_hd__xnor2_1
        5  112.608   sky130_fd_sc_hd__xnor3_1
      110  963.424   sky130_fd_sc_hd__xor2_1

   Area for cell type $scopeinfo is unknown!

   Chip area for module '\cv32e40p_id_stage': 110963.923200
     of which used for sequential elements: 41294.604800 (37.21%)

