
22. Printing statistics.

=== cv32e40p_prefetch_buffer ===

        +----------Local Count, excluding submodules.
        |        +-Local Area, excluding submodules.
        |        |
     1040        - wires
     1195        - wire bits
      533        - public wires
      688        - public wire bits
       18        - ports
      173        - port bits
      718 7.17E+03 cells
        3        -   $scopeinfo
        2   17.517   sky130_fd_sc_hd__a211o_1
        1    7.507   sky130_fd_sc_hd__a21boi_0
        2   15.014   sky130_fd_sc_hd__a21o_1
       93  465.446   sky130_fd_sc_hd__a21oi_1
       10   87.584   sky130_fd_sc_hd__a221oi_1
        3   30.029   sky130_fd_sc_hd__a222oi_1
        5   43.792   sky130_fd_sc_hd__a22o_1
        5   37.536   sky130_fd_sc_hd__a22oi_1
        1    10.01   sky130_fd_sc_hd__a311o_1
        2   12.512   sky130_fd_sc_hd__a31oi_1
        1    10.01   sky130_fd_sc_hd__a32o_1
        6   37.536   sky130_fd_sc_hd__and2_0
        3   18.768   sky130_fd_sc_hd__and3_1
        3   26.275   sky130_fd_sc_hd__and4_1
       14    52.55   sky130_fd_sc_hd__clkinv_1
      139 3.48E+03   sky130_fd_sc_hd__dfrtp_1
        5    31.28   sky130_fd_sc_hd__lpflow_inputiso1p_1
        2   12.512   sky130_fd_sc_hd__lpflow_isobufsrc_1
       89    1E+03   sky130_fd_sc_hd__mux2_1
       33  330.317   sky130_fd_sc_hd__mux2i_1
       73  274.013   sky130_fd_sc_hd__nand2_1
        2   12.512   sky130_fd_sc_hd__nand2b_1
        4   20.019   sky130_fd_sc_hd__nand3_1
        4   25.024   sky130_fd_sc_hd__nand4_1
       92  345.331   sky130_fd_sc_hd__nor2_1
        1    6.256   sky130_fd_sc_hd__nor2b_1
        4   20.019   sky130_fd_sc_hd__nor3_1
        1    7.507   sky130_fd_sc_hd__nor3b_1
        3   18.768   sky130_fd_sc_hd__nor4_1
        1    10.01   sky130_fd_sc_hd__o211a_1
        3   22.522   sky130_fd_sc_hd__o211ai_1
        9   67.565   sky130_fd_sc_hd__o21a_1
       68  340.326   sky130_fd_sc_hd__o21ai_0
        3   33.782   sky130_fd_sc_hd__o221a_1
        5   43.792   sky130_fd_sc_hd__o221ai_1
        1    6.256   sky130_fd_sc_hd__o22ai_1
        1    10.01   sky130_fd_sc_hd__o311a_1
        1    7.507   sky130_fd_sc_hd__o31ai_1
        3   26.275   sky130_fd_sc_hd__o41ai_1
        1    6.256   sky130_fd_sc_hd__or3_1
       11   96.342   sky130_fd_sc_hd__xnor2_1
        5   43.792   sky130_fd_sc_hd__xor2_1

   Area for cell type $scopeinfo is unknown!

   Chip area for module '\cv32e40p_prefetch_buffer': 7170.627200
     of which used for sequential elements: 3478.336000 (48.51%)
