Start Point,End Point,WNS (ns)
instr_rdata_i[16],jump_target_o[31],-4.0621
instr_rdata_i[16],jump_target_o[30],-4.0002
instr_rdata_i[16],jump_target_o[27],-3.9090
instr_rdata_i[16],jump_target_o[23],-3.8694
instr_rdata_i[16],jump_target_o[26],-3.8206
instr_rdata_i[16],jump_target_o[29],-3.6887
instr_rdata_i[16],jump_target_o[25],-3.6277
instr_rdata_i[16],jump_target_o[22],-3.5912
instr_rdata_i[16],jump_target_o[28],-3.4992
instr_rdata_i[16],jump_target_o[19],-3.4506
instr_rdata_i[16],jump_target_o[21],-3.4142
instr_rdata_i[16],jump_target_o[24],-3.3598
instr_rdata_i[16],jump_target_o[20],-3.3191
instr_rdata_i[16],jump_target_o[18],-3.2103
instr_rdata_i[16],jump_target_o[17],-3.1955
instr_rdata_i[16],jump_target_o[15],-3.1647
instr_rdata_i[16],jump_target_o[14],-2.9609
instr_rdata_i[16],jump_target_o[13],-2.9479
instr_rdata_i[16],jump_target_o[16],-2.8730
pc_id_i[6],hwlp_jump_o,-2.8123
pc_id_i[6],hwlp_target_o[0],-2.7181
pc_id_i[6],hwlp_target_o[10],-2.6713
pc_id_i[6],hwlp_target_o[11],-2.6713
pc_id_i[6],hwlp_target_o[12],-2.6713
pc_id_i[6],hwlp_target_o[13],-2.6713
pc_id_i[6],hwlp_target_o[14],-2.6713
pc_id_i[6],hwlp_target_o[15],-2.6713
pc_id_i[6],hwlp_target_o[16],-2.6713
pc_id_i[6],hwlp_target_o[17],-2.6713
pc_id_i[6],hwlp_target_o[18],-2.6713
pc_id_i[6],hwlp_target_o[19],-2.6713
pc_id_i[6],hwlp_target_o[1],-2.6713
pc_id_i[6],hwlp_target_o[20],-2.6713
pc_id_i[6],hwlp_target_o[21],-2.6713
pc_id_i[6],hwlp_target_o[22],-2.6713
pc_id_i[6],hwlp_target_o[23],-2.6713
pc_id_i[6],hwlp_target_o[24],-2.6713
pc_id_i[6],hwlp_target_o[25],-2.6713
pc_id_i[6],hwlp_target_o[26],-2.6713
pc_id_i[6],hwlp_target_o[27],-2.6713
pc_id_i[6],hwlp_target_o[28],-2.6713
pc_id_i[6],hwlp_target_o[29],-2.6713
pc_id_i[6],hwlp_target_o[2],-2.6713
pc_id_i[6],hwlp_target_o[30],-2.6713
pc_id_i[6],hwlp_target_o[31],-2.6713
pc_id_i[6],hwlp_target_o[3],-2.6713
pc_id_i[6],hwlp_target_o[4],-2.6713
pc_id_i[6],hwlp_target_o[5],-2.6713
pc_id_i[6],hwlp_target_o[6],-2.6713
pc_id_i[6],hwlp_target_o[7],-2.6713
