Start Point,End Point,WNS (ns)
instr_rdata_i[16],jump_target_o[31],-4.0621
instr_rdata_i[16],jump_target_o[30],-4.0002
instr_rdata_i[16],jump_target_o[27],-3.9090
instr_rdata_i[16],jump_target_o[23],-3.8694
instr_rdata_i[16],jump_target_o[26],-3.8206
instr_rdata_i[16],jump_target_o[29],-3.6887
instr_rdata_i[16],jump_target_o[25],-3.6277
instr_rdata_i[16],jump_target_o[22],-3.5912
instr_rdata_i[16],jump_target_o[28],-3.4992
instr_rdata_i[16],jump_target_o[19],-3.4506
instr_rdata_i[16],jump_target_o[21],-3.4142
instr_rdata_i[16],jump_target_o[24],-3.3598
instr_rdata_i[16],jump_target_o[20],-3.3191
instr_rdata_i[16],jump_target_o[18],-3.2103
instr_rdata_i[16],jump_target_o[17],-3.1955
instr_rdata_i[16],jump_target_o[15],-3.1647
instr_rdata_i[16],jump_target_o[14],-2.9609
instr_rdata_i[16],jump_target_o[13],-2.9479
instr_rdata_i[16],jump_target_o[16],-2.8730
pc_id_i[6],hwlp_jump_o,-2.8123
pc_id_i[6],hwlp_target_o[0],-2.7181
pc_id_i[6],hwlp_target_o[10],-2.6713
pc_id_i[6],hwlp_target_o[11],-2.6713
pc_id_i[6],hwlp_target_o[12],-2.6713
pc_id_i[6],hwlp_target_o[13],-2.6713
pc_id_i[6],hwlp_target_o[14],-2.6713
pc_id_i[6],hwlp_target_o[15],-2.6713
pc_id_i[6],hwlp_target_o[16],-2.6713
pc_id_i[6],hwlp_target_o[17],-2.6713
pc_id_i[6],hwlp_target_o[18],-2.6713
pc_id_i[6],hwlp_target_o[19],-2.6713
pc_id_i[6],hwlp_target_o[1],-2.6713
pc_id_i[6],hwlp_target_o[20],-2.6713
pc_id_i[6],hwlp_target_o[21],-2.6713
pc_id_i[6],hwlp_target_o[22],-2.6713
pc_id_i[6],hwlp_target_o[23],-2.6713
pc_id_i[6],hwlp_target_o[24],-2.6713
pc_id_i[6],hwlp_target_o[25],-2.6713
pc_id_i[6],hwlp_target_o[26],-2.6713
pc_id_i[6],hwlp_target_o[27],-2.6713
pc_id_i[6],hwlp_target_o[28],-2.6713
pc_id_i[6],hwlp_target_o[29],-2.6713
pc_id_i[6],hwlp_target_o[2],-2.6713
pc_id_i[6],hwlp_target_o[30],-2.6713
pc_id_i[6],hwlp_target_o[31],-2.6713
pc_id_i[6],hwlp_target_o[3],-2.6713
pc_id_i[6],hwlp_target_o[4],-2.6713
pc_id_i[6],hwlp_target_o[5],-2.6713
pc_id_i[6],hwlp_target_o[6],-2.6713
pc_id_i[6],hwlp_target_o[7],-2.6713
instr_rdata_i[2],_13367_/D,-10.2941
instr_rdata_i[2],_13489_/D,-10.2882
instr_rdata_i[2],_13351_/D,-10.2833
instr_rdata_i[2],_13271_/D,-10.2799
instr_rdata_i[2],_13287_/D,-10.2799
instr_rdata_i[2],_13487_/D,-10.2770
instr_rdata_i[2],_13503_/D,-10.2770
instr_rdata_i[2],_13349_/D,-10.2758
instr_rdata_i[2],_13365_/D,-10.2758
instr_rdata_i[2],_13289_/D,-10.2697
instr_rdata_i[2],_13505_/D,-10.2580
instr_rdata_i[2],_13273_/D,-10.2358
instr_rdata_i[2],_13284_/D,-10.2040
instr_rdata_i[2],_13267_/D,-10.1848
instr_rdata_i[2],_13283_/D,-10.1848
instr_rdata_i[2],_13345_/D,-10.1848
instr_rdata_i[2],_13361_/D,-10.1848
instr_rdata_i[2],_13268_/D,-10.1751
instr_rdata_i[2],_13483_/D,-10.1732
instr_rdata_i[2],_13499_/D,-10.1732
instr_rdata_i[2],_13500_/D,-10.1558
instr_rdata_i[2],_13228_/D,-10.1288
instr_rdata_i[2],_13484_/D,-10.1261
instr_rdata_i[2],_13362_/D,-10.1078
instr_rdata_i[2],_13279_/D,-10.0797
instr_rdata_i[2],_13272_/D,-10.0770
instr_rdata_i[2],_13288_/D,-10.0770
instr_rdata_i[2],_13495_/D,-10.0768
instr_rdata_i[2],_13346_/D,-10.0762
instr_rdata_i[2],_13485_/D,-10.0717
instr_rdata_i[2],_13501_/D,-10.0717
instr_rdata_i[2],_13347_/D,-10.0666
instr_rdata_i[2],_13363_/D,-10.0666
instr_rdata_i[2],_13311_/D,-10.0643
instr_rdata_i[2],_13266_/D,-10.0564
instr_rdata_i[2],_13282_/D,-10.0564
instr_rdata_i[2],_13276_/D,-10.0550
instr_rdata_i[2],_13492_/D,-10.0521
instr_rdata_i[2],_13357_/D,-10.0475
instr_rdata_i[2],_13563_/D,-10.0416
instr_rdata_i[2],_13269_/D,-10.0363
instr_rdata_i[2],_13285_/D,-10.0363
instr_rdata_i[2],_13281_/D,-10.0359
instr_rdata_i[2],_13359_/D,-10.0345
instr_rdata_i[2],_13488_/D,-10.0272
instr_rdata_i[2],_13504_/D,-10.0272
instr_rdata_i[2],_13497_/D,-10.0244
instr_rdata_i[2],_13212_/D,-10.0198
instr_rdata_i[2],_13482_/D,-10.0082
instr_rdata_i[2],_13498_/D,-10.0082
_16015_/Q,hwlp_jump_o,-2.0943
_16015_/Q,hwlp_target_o[0],-2.0001
_16015_/Q,hwlp_target_o[10],-1.9533
_16015_/Q,hwlp_target_o[11],-1.9533
_16015_/Q,hwlp_target_o[12],-1.9533
_16015_/Q,hwlp_target_o[13],-1.9533
_16015_/Q,hwlp_target_o[14],-1.9533
_16015_/Q,hwlp_target_o[15],-1.9533
_16015_/Q,hwlp_target_o[16],-1.9533
_16015_/Q,hwlp_target_o[17],-1.9533
_16015_/Q,hwlp_target_o[18],-1.9533
_16015_/Q,hwlp_target_o[19],-1.9533
_16015_/Q,hwlp_target_o[1],-1.9533
_16015_/Q,hwlp_target_o[20],-1.9533
_16015_/Q,hwlp_target_o[21],-1.9533
_16015_/Q,hwlp_target_o[22],-1.9533
_16015_/Q,hwlp_target_o[23],-1.9533
_16015_/Q,hwlp_target_o[24],-1.9533
_16015_/Q,hwlp_target_o[25],-1.9533
_16015_/Q,hwlp_target_o[26],-1.9533
_16015_/Q,hwlp_target_o[27],-1.9533
_16015_/Q,hwlp_target_o[28],-1.9533
_16015_/Q,hwlp_target_o[29],-1.9533
_16015_/Q,hwlp_target_o[2],-1.9533
_16015_/Q,hwlp_target_o[30],-1.9533
_16015_/Q,hwlp_target_o[31],-1.9533
_16015_/Q,hwlp_target_o[3],-1.9533
_16015_/Q,hwlp_target_o[4],-1.9533
_16015_/Q,hwlp_target_o[5],-1.9533
_16015_/Q,hwlp_target_o[6],-1.9533
_16015_/Q,hwlp_target_o[7],-1.9533
_16015_/Q,hwlp_target_o[8],-1.9533
_16015_/Q,hwlp_target_o[9],-1.9533
_22719_/Q,jump_target_o[31],-0.7628
_22719_/Q,jump_target_o[30],-0.7009
_22719_/Q,jump_target_o[27],-0.6097
_22719_/Q,jump_target_o[23],-0.5702
_22719_/Q,jump_target_o[26],-0.5213
_22719_/Q,jump_target_o[29],-0.3895
_22719_/Q,jump_target_o[25],-0.3284
_22719_/Q,jump_target_o[22],-0.2919
_22719_/Q,jump_target_o[28],-0.1999
_22719_/Q,jump_target_o[19],-0.1514
_22719_/Q,jump_target_o[21],-0.1149
_22719_/Q,jump_target_o[24],-0.0605
_22719_/Q,jump_target_o[20],-0.0198
_22719_/Q,jump_target_o[18],0.0889
_22719_/Q,jump_target_o[17],0.1038
_22719_/Q,jump_target_o[15],0.1092
_22719_/Q,jump_target_o[14],0.3130
_16219_/Q,_13179_/D,-4.3976
_16219_/Q,_13180_/D,-4.3976
_16219_/Q,_13181_/D,-4.3976
_16219_/Q,_13441_/D,-3.9741
_16219_/Q,_13258_/D,-3.7429
_16219_/Q,_13260_/D,-3.7429
_16219_/Q,_13261_/D,-3.7429
_16219_/Q,_13262_/D,-3.7429
_16219_/Q,_13263_/D,-3.7429
_16219_/Q,_13265_/D,-3.7429
_16219_/Q,_13266_/D,-3.7429
_16219_/Q,_13268_/D,-3.7429
_16219_/Q,_13269_/D,-3.7429
_16219_/Q,_13270_/D,-3.7429
_16219_/Q,_13272_/D,-3.7429
_16219_/Q,_13273_/D,-3.7429
_16219_/Q,_13275_/D,-3.7429
_16219_/Q,_13280_/D,-3.7429
_16219_/Q,_13282_/D,-3.7429
_16219_/Q,_13284_/D,-3.7429
_16219_/Q,_13285_/D,-3.7429
_16219_/Q,_13286_/D,-3.7429
_16219_/Q,_13288_/D,-3.7429
_16219_/Q,_13188_/D,-3.7280
_16219_/Q,_13259_/D,-3.7280
_16219_/Q,_13264_/D,-3.7280
_16219_/Q,_13267_/D,-3.7280
_16219_/Q,_13271_/D,-3.7280
_16219_/Q,_13274_/D,-3.7280
_16219_/Q,_13276_/D,-3.7280
_16219_/Q,_13277_/D,-3.7280
_16219_/Q,_13278_/D,-3.7280
_16219_/Q,_13279_/D,-3.7280
_16219_/Q,_13281_/D,-3.7280
_16219_/Q,_13283_/D,-3.7280
_16219_/Q,_13287_/D,-3.7280
_16219_/Q,_13289_/D,-3.7280
_16219_/Q,_13334_/D,-3.7280
_16219_/Q,_13335_/D,-3.7280
_16219_/Q,_13442_/D,-3.7280
_16219_/Q,_13329_/D,-3.6326
_16219_/Q,_13330_/D,-3.6326
_16219_/Q,_13331_/D,-3.6326
_16219_/Q,_13332_/D,-3.6326
_16219_/Q,_13333_/D,-3.6326
_16219_/Q,_13443_/D,-3.6326
_16219_/Q,_13444_/D,-3.6326
_16219_/Q,_13445_/D,-3.6326
_16219_/Q,_13446_/D,-3.6326
_16219_/Q,_13447_/D,-3.6326
