Startpoint: _16015_ (rising edge-triggered flip-flop clocked by clk)
Endpoint: hwlp_jump_o (output port clocked by clk)
Path Group: reg2out
Path Type: max

  Delay    Time   Description
---------------------------------------------------------
   0.00    0.00   clock clk (rise edge)
   0.00    0.00   clock network delay (ideal)
   0.00    0.00 ^ _16015_/CLK (sky130_fd_sc_hd__dfrtp_1)
   0.37    0.37 v _16015_/Q (sky130_fd_sc_hd__dfrtp_1)
   0.18    0.55 v _13964_/X (sky130_fd_sc_hd__xor2_1)
   0.20    0.75 ^ _14285_/Y (sky130_fd_sc_hd__nor3_1)
   0.13    0.88 v _14288_/Y (sky130_fd_sc_hd__o2111ai_1)
   0.40    1.28 v _14289_/X (sky130_fd_sc_hd__or4_1)
   0.18    1.46 ^ _14292_/Y (sky130_fd_sc_hd__nor3_1)
   0.11    1.56 v _14295_/Y (sky130_fd_sc_hd__nand4_1)
   0.17    1.73 ^ _14296_/Y (sky130_fd_sc_hd__nor4_1)
   0.11    1.85 v _14297_/Y (sky130_fd_sc_hd__nand4_1)
   0.39    2.24 v _14298_/X (sky130_fd_sc_hd__or4_1)
   0.25    2.49 ^ _14299_/Y (sky130_fd_sc_hd__nor4b_1)
   0.19    2.68 v _14308_/Y (sky130_fd_sc_hd__nand4b_1)
   1.15    3.83 ^ _14385_/Y (sky130_fd_sc_hd__nor2_1)
   0.96    4.79 v _14386_/Y (sky130_fd_sc_hd__clkinv_1)
   1.59    6.38 ^ _14522_/Y (sky130_fd_sc_hd__a21oi_1)
   0.21    6.59 ^ _14827_/X (sky130_fd_sc_hd__lpflow_isobufsrc_1)
   0.00    6.59 ^ hwlp_jump_o (out)
           6.59   data arrival time

   5.00    5.00   clock clk (rise edge)
   0.00    5.00   clock network delay (ideal)
   0.00    5.00   clock reconvergence pessimism
  -0.50    4.50   output external delay
           4.50   data required time
---------------------------------------------------------
           4.50   data required time
          -6.59   data arrival time
---------------------------------------------------------
          -2.09   slack (VIOLATED)


Startpoint: _16015_ (rising edge-triggered flip-flop clocked by clk)
Endpoint: hwlp_target_o[0] (output port clocked by clk)
Path Group: reg2out
Path Type: max

  Delay    Time   Description
---------------------------------------------------------
   0.00    0.00   clock clk (rise edge)
   0.00    0.00   clock network delay (ideal)
   0.00    0.00 ^ _16015_/CLK (sky130_fd_sc_hd__dfrtp_1)
   0.37    0.37 v _16015_/Q (sky130_fd_sc_hd__dfrtp_1)
   0.18    0.55 v _13964_/X (sky130_fd_sc_hd__xor2_1)
   0.20    0.75 ^ _14285_/Y (sky130_fd_sc_hd__nor3_1)
   0.13    0.88 v _14288_/Y (sky130_fd_sc_hd__o2111ai_1)
   0.40    1.28 v _14289_/X (sky130_fd_sc_hd__or4_1)
   0.18    1.46 ^ _14292_/Y (sky130_fd_sc_hd__nor3_1)
   0.11    1.56 v _14295_/Y (sky130_fd_sc_hd__nand4_1)
   0.17    1.73 ^ _14296_/Y (sky130_fd_sc_hd__nor4_1)
   0.11    1.85 v _14297_/Y (sky130_fd_sc_hd__nand4_1)
   0.39    2.24 v _14298_/X (sky130_fd_sc_hd__or4_1)
   0.25    2.49 ^ _14299_/Y (sky130_fd_sc_hd__nor4b_1)
   0.19    2.68 v _14308_/Y (sky130_fd_sc_hd__nand4b_1)
   1.15    3.83 ^ _14385_/Y (sky130_fd_sc_hd__nor2_1)
   0.96    4.79 v _14386_/Y (sky130_fd_sc_hd__clkinv_1)
   1.59    6.38 ^ _14522_/Y (sky130_fd_sc_hd__a21oi_1)
   0.12    6.50 v _14523_/Y (sky130_fd_sc_hd__a21oi_1)
   0.00    6.50 v hwlp_target_o[0] (out)
           6.50   data arrival time

   5.00    5.00   clock clk (rise edge)
   0.00    5.00   clock network delay (ideal)
   0.00    5.00   clock reconvergence pessimism
  -0.50    4.50   output external delay
           4.50   data required time
---------------------------------------------------------
           4.50   data required time
          -6.50   data arrival time
---------------------------------------------------------
          -2.00   slack (VIOLATED)


Startpoint: _16015_ (rising edge-triggered flip-flop clocked by clk)
Endpoint: hwlp_target_o[10] (output port clocked by clk)
Path Group: reg2out
Path Type: max

  Delay    Time   Description
---------------------------------------------------------
   0.00    0.00   clock clk (rise edge)
   0.00    0.00   clock network delay (ideal)
   0.00    0.00 ^ _16015_/CLK (sky130_fd_sc_hd__dfrtp_1)
   0.37    0.37 v _16015_/Q (sky130_fd_sc_hd__dfrtp_1)
   0.18    0.55 v _13964_/X (sky130_fd_sc_hd__xor2_1)
   0.20    0.75 ^ _14285_/Y (sky130_fd_sc_hd__nor3_1)
   0.13    0.88 v _14288_/Y (sky130_fd_sc_hd__o2111ai_1)
   0.40    1.28 v _14289_/X (sky130_fd_sc_hd__or4_1)
   0.18    1.46 ^ _14292_/Y (sky130_fd_sc_hd__nor3_1)
   0.11    1.56 v _14295_/Y (sky130_fd_sc_hd__nand4_1)
   0.17    1.73 ^ _14296_/Y (sky130_fd_sc_hd__nor4_1)
   0.11    1.85 v _14297_/Y (sky130_fd_sc_hd__nand4_1)
   0.39    2.24 v _14298_/X (sky130_fd_sc_hd__or4_1)
   0.25    2.49 ^ _14299_/Y (sky130_fd_sc_hd__nor4b_1)
   0.19    2.68 v _14308_/Y (sky130_fd_sc_hd__nand4b_1)
   1.15    3.83 ^ _14385_/Y (sky130_fd_sc_hd__nor2_1)
   0.96    4.79 v _14386_/Y (sky130_fd_sc_hd__clkinv_1)
   1.59    6.38 ^ _14522_/Y (sky130_fd_sc_hd__a21oi_1)
   0.07    6.45 v _14584_/Y (sky130_fd_sc_hd__a21oi_1)
   0.00    6.45 v hwlp_target_o[10] (out)
           6.45   data arrival time

   5.00    5.00   clock clk (rise edge)
   0.00    5.00   clock network delay (ideal)
   0.00    5.00   clock reconvergence pessimism
  -0.50    4.50   output external delay
           4.50   data required time
---------------------------------------------------------
           4.50   data required time
          -6.45   data arrival time
---------------------------------------------------------
          -1.95   slack (VIOLATED)


Startpoint: _16015_ (rising edge-triggered flip-flop clocked by clk)
Endpoint: hwlp_target_o[11] (output port clocked by clk)
Path Group: reg2out
Path Type: max

  Delay    Time   Description
---------------------------------------------------------
   0.00    0.00   clock clk (rise edge)
   0.00    0.00   clock network delay (ideal)
   0.00    0.00 ^ _16015_/CLK (sky130_fd_sc_hd__dfrtp_1)
   0.37    0.37 v _16015_/Q (sky130_fd_sc_hd__dfrtp_1)
   0.18    0.55 v _13964_/X (sky130_fd_sc_hd__xor2_1)
   0.20    0.75 ^ _14285_/Y (sky130_fd_sc_hd__nor3_1)
   0.13    0.88 v _14288_/Y (sky130_fd_sc_hd__o2111ai_1)
   0.40    1.28 v _14289_/X (sky130_fd_sc_hd__or4_1)
   0.18    1.46 ^ _14292_/Y (sky130_fd_sc_hd__nor3_1)
   0.11    1.56 v _14295_/Y (sky130_fd_sc_hd__nand4_1)
   0.17    1.73 ^ _14296_/Y (sky130_fd_sc_hd__nor4_1)
   0.11    1.85 v _14297_/Y (sky130_fd_sc_hd__nand4_1)
   0.39    2.24 v _14298_/X (sky130_fd_sc_hd__or4_1)
   0.25    2.49 ^ _14299_/Y (sky130_fd_sc_hd__nor4b_1)
   0.19    2.68 v _14308_/Y (sky130_fd_sc_hd__nand4b_1)
   1.15    3.83 ^ _14385_/Y (sky130_fd_sc_hd__nor2_1)
   0.96    4.79 v _14386_/Y (sky130_fd_sc_hd__clkinv_1)
   1.59    6.38 ^ _14522_/Y (sky130_fd_sc_hd__a21oi_1)
   0.07    6.45 v _14590_/Y (sky130_fd_sc_hd__a21oi_1)
   0.00    6.45 v hwlp_target_o[11] (out)
           6.45   data arrival time

   5.00    5.00   clock clk (rise edge)
   0.00    5.00   clock network delay (ideal)
   0.00    5.00   clock reconvergence pessimism
  -0.50    4.50   output external delay
           4.50   data required time
---------------------------------------------------------
           4.50   data required time
          -6.45   data arrival time
---------------------------------------------------------
          -1.95   slack (VIOLATED)


Startpoint: _16015_ (rising edge-triggered flip-flop clocked by clk)
Endpoint: hwlp_target_o[12] (output port clocked by clk)
Path Group: reg2out
Path Type: max

  Delay    Time   Description
---------------------------------------------------------
   0.00    0.00   clock clk (rise edge)
   0.00    0.00   clock network delay (ideal)
   0.00    0.00 ^ _16015_/CLK (sky130_fd_sc_hd__dfrtp_1)
   0.37    0.37 v _16015_/Q (sky130_fd_sc_hd__dfrtp_1)
   0.18    0.55 v _13964_/X (sky130_fd_sc_hd__xor2_1)
   0.20    0.75 ^ _14285_/Y (sky130_fd_sc_hd__nor3_1)
   0.13    0.88 v _14288_/Y (sky130_fd_sc_hd__o2111ai_1)
   0.40    1.28 v _14289_/X (sky130_fd_sc_hd__or4_1)
   0.18    1.46 ^ _14292_/Y (sky130_fd_sc_hd__nor3_1)
   0.11    1.56 v _14295_/Y (sky130_fd_sc_hd__nand4_1)
   0.17    1.73 ^ _14296_/Y (sky130_fd_sc_hd__nor4_1)
   0.11    1.85 v _14297_/Y (sky130_fd_sc_hd__nand4_1)
   0.39    2.24 v _14298_/X (sky130_fd_sc_hd__or4_1)
   0.25    2.49 ^ _14299_/Y (sky130_fd_sc_hd__nor4b_1)
   0.19    2.68 v _14308_/Y (sky130_fd_sc_hd__nand4b_1)
   1.15    3.83 ^ _14385_/Y (sky130_fd_sc_hd__nor2_1)
   0.96    4.79 v _14386_/Y (sky130_fd_sc_hd__clkinv_1)
   1.59    6.38 ^ _14522_/Y (sky130_fd_sc_hd__a21oi_1)
   0.07    6.45 v _14596_/Y (sky130_fd_sc_hd__a21oi_1)
   0.00    6.45 v hwlp_target_o[12] (out)
           6.45   data arrival time

   5.00    5.00   clock clk (rise edge)
   0.00    5.00   clock network delay (ideal)
   0.00    5.00   clock reconvergence pessimism
  -0.50    4.50   output external delay
           4.50   data required time
---------------------------------------------------------
           4.50   data required time
          -6.45   data arrival time
---------------------------------------------------------
          -1.95   slack (VIOLATED)


Startpoint: _16015_ (rising edge-triggered flip-flop clocked by clk)
Endpoint: hwlp_target_o[13] (output port clocked by clk)
Path Group: reg2out
Path Type: max

  Delay    Time   Description
---------------------------------------------------------
   0.00    0.00   clock clk (rise edge)
   0.00    0.00   clock network delay (ideal)
   0.00    0.00 ^ _16015_/CLK (sky130_fd_sc_hd__dfrtp_1)
   0.37    0.37 v _16015_/Q (sky130_fd_sc_hd__dfrtp_1)
   0.18    0.55 v _13964_/X (sky130_fd_sc_hd__xor2_1)
   0.20    0.75 ^ _14285_/Y (sky130_fd_sc_hd__nor3_1)
   0.13    0.88 v _14288_/Y (sky130_fd_sc_hd__o2111ai_1)
   0.40    1.28 v _14289_/X (sky130_fd_sc_hd__or4_1)
   0.18    1.46 ^ _14292_/Y (sky130_fd_sc_hd__nor3_1)
   0.11    1.56 v _14295_/Y (sky130_fd_sc_hd__nand4_1)
   0.17    1.73 ^ _14296_/Y (sky130_fd_sc_hd__nor4_1)
   0.11    1.85 v _14297_/Y (sky130_fd_sc_hd__nand4_1)
   0.39    2.24 v _14298_/X (sky130_fd_sc_hd__or4_1)
   0.25    2.49 ^ _14299_/Y (sky130_fd_sc_hd__nor4b_1)
   0.19    2.68 v _14308_/Y (sky130_fd_sc_hd__nand4b_1)
   1.15    3.83 ^ _14385_/Y (sky130_fd_sc_hd__nor2_1)
   0.96    4.79 v _14386_/Y (sky130_fd_sc_hd__clkinv_1)
   1.59    6.38 ^ _14522_/Y (sky130_fd_sc_hd__a21oi_1)
   0.07    6.45 v _14602_/Y (sky130_fd_sc_hd__a21oi_1)
   0.00    6.45 v hwlp_target_o[13] (out)
           6.45   data arrival time

   5.00    5.00   clock clk (rise edge)
   0.00    5.00   clock network delay (ideal)
   0.00    5.00   clock reconvergence pessimism
  -0.50    4.50   output external delay
           4.50   data required time
---------------------------------------------------------
           4.50   data required time
          -6.45   data arrival time
---------------------------------------------------------
          -1.95   slack (VIOLATED)


Startpoint: _16015_ (rising edge-triggered flip-flop clocked by clk)
Endpoint: hwlp_target_o[14] (output port clocked by clk)
Path Group: reg2out
Path Type: max

  Delay    Time   Description
---------------------------------------------------------
   0.00    0.00   clock clk (rise edge)
   0.00    0.00   clock network delay (ideal)
   0.00    0.00 ^ _16015_/CLK (sky130_fd_sc_hd__dfrtp_1)
   0.37    0.37 v _16015_/Q (sky130_fd_sc_hd__dfrtp_1)
   0.18    0.55 v _13964_/X (sky130_fd_sc_hd__xor2_1)
   0.20    0.75 ^ _14285_/Y (sky130_fd_sc_hd__nor3_1)
   0.13    0.88 v _14288_/Y (sky130_fd_sc_hd__o2111ai_1)
   0.40    1.28 v _14289_/X (sky130_fd_sc_hd__or4_1)
   0.18    1.46 ^ _14292_/Y (sky130_fd_sc_hd__nor3_1)
   0.11    1.56 v _14295_/Y (sky130_fd_sc_hd__nand4_1)
   0.17    1.73 ^ _14296_/Y (sky130_fd_sc_hd__nor4_1)
   0.11    1.85 v _14297_/Y (sky130_fd_sc_hd__nand4_1)
   0.39    2.24 v _14298_/X (sky130_fd_sc_hd__or4_1)
   0.25    2.49 ^ _14299_/Y (sky130_fd_sc_hd__nor4b_1)
   0.19    2.68 v _14308_/Y (sky130_fd_sc_hd__nand4b_1)
   1.15    3.83 ^ _14385_/Y (sky130_fd_sc_hd__nor2_1)
   0.96    4.79 v _14386_/Y (sky130_fd_sc_hd__clkinv_1)
   1.59    6.38 ^ _14522_/Y (sky130_fd_sc_hd__a21oi_1)
   0.07    6.45 v _14608_/Y (sky130_fd_sc_hd__a21oi_1)
   0.00    6.45 v hwlp_target_o[14] (out)
           6.45   data arrival time

   5.00    5.00   clock clk (rise edge)
   0.00    5.00   clock network delay (ideal)
   0.00    5.00   clock reconvergence pessimism
  -0.50    4.50   output external delay
           4.50   data required time
---------------------------------------------------------
           4.50   data required time
          -6.45   data arrival time
---------------------------------------------------------
          -1.95   slack (VIOLATED)


Startpoint: _16015_ (rising edge-triggered flip-flop clocked by clk)
Endpoint: hwlp_target_o[15] (output port clocked by clk)
Path Group: reg2out
Path Type: max

  Delay    Time   Description
---------------------------------------------------------
   0.00    0.00   clock clk (rise edge)
   0.00    0.00   clock network delay (ideal)
   0.00    0.00 ^ _16015_/CLK (sky130_fd_sc_hd__dfrtp_1)
   0.37    0.37 v _16015_/Q (sky130_fd_sc_hd__dfrtp_1)
   0.18    0.55 v _13964_/X (sky130_fd_sc_hd__xor2_1)
   0.20    0.75 ^ _14285_/Y (sky130_fd_sc_hd__nor3_1)
   0.13    0.88 v _14288_/Y (sky130_fd_sc_hd__o2111ai_1)
   0.40    1.28 v _14289_/X (sky130_fd_sc_hd__or4_1)
   0.18    1.46 ^ _14292_/Y (sky130_fd_sc_hd__nor3_1)
   0.11    1.56 v _14295_/Y (sky130_fd_sc_hd__nand4_1)
   0.17    1.73 ^ _14296_/Y (sky130_fd_sc_hd__nor4_1)
   0.11    1.85 v _14297_/Y (sky130_fd_sc_hd__nand4_1)
   0.39    2.24 v _14298_/X (sky130_fd_sc_hd__or4_1)
   0.25    2.49 ^ _14299_/Y (sky130_fd_sc_hd__nor4b_1)
   0.19    2.68 v _14308_/Y (sky130_fd_sc_hd__nand4b_1)
   1.15    3.83 ^ _14385_/Y (sky130_fd_sc_hd__nor2_1)
   0.96    4.79 v _14386_/Y (sky130_fd_sc_hd__clkinv_1)
   1.59    6.38 ^ _14522_/Y (sky130_fd_sc_hd__a21oi_1)
   0.07    6.45 v _14614_/Y (sky130_fd_sc_hd__a21oi_1)
   0.00    6.45 v hwlp_target_o[15] (out)
           6.45   data arrival time

   5.00    5.00   clock clk (rise edge)
   0.00    5.00   clock network delay (ideal)
   0.00    5.00   clock reconvergence pessimism
  -0.50    4.50   output external delay
           4.50   data required time
---------------------------------------------------------
           4.50   data required time
          -6.45   data arrival time
---------------------------------------------------------
          -1.95   slack (VIOLATED)


Startpoint: _16015_ (rising edge-triggered flip-flop clocked by clk)
Endpoint: hwlp_target_o[16] (output port clocked by clk)
Path Group: reg2out
Path Type: max

  Delay    Time   Description
---------------------------------------------------------
   0.00    0.00   clock clk (rise edge)
   0.00    0.00   clock network delay (ideal)
   0.00    0.00 ^ _16015_/CLK (sky130_fd_sc_hd__dfrtp_1)
   0.37    0.37 v _16015_/Q (sky130_fd_sc_hd__dfrtp_1)
   0.18    0.55 v _13964_/X (sky130_fd_sc_hd__xor2_1)
   0.20    0.75 ^ _14285_/Y (sky130_fd_sc_hd__nor3_1)
   0.13    0.88 v _14288_/Y (sky130_fd_sc_hd__o2111ai_1)
   0.40    1.28 v _14289_/X (sky130_fd_sc_hd__or4_1)
   0.18    1.46 ^ _14292_/Y (sky130_fd_sc_hd__nor3_1)
   0.11    1.56 v _14295_/Y (sky130_fd_sc_hd__nand4_1)
   0.17    1.73 ^ _14296_/Y (sky130_fd_sc_hd__nor4_1)
   0.11    1.85 v _14297_/Y (sky130_fd_sc_hd__nand4_1)
   0.39    2.24 v _14298_/X (sky130_fd_sc_hd__or4_1)
   0.25    2.49 ^ _14299_/Y (sky130_fd_sc_hd__nor4b_1)
   0.19    2.68 v _14308_/Y (sky130_fd_sc_hd__nand4b_1)
   1.15    3.83 ^ _14385_/Y (sky130_fd_sc_hd__nor2_1)
   0.96    4.79 v _14386_/Y (sky130_fd_sc_hd__clkinv_1)
   1.59    6.38 ^ _14522_/Y (sky130_fd_sc_hd__a21oi_1)
   0.07    6.45 v _14620_/Y (sky130_fd_sc_hd__a21oi_1)
   0.00    6.45 v hwlp_target_o[16] (out)
           6.45   data arrival time

   5.00    5.00   clock clk (rise edge)
   0.00    5.00   clock network delay (ideal)
   0.00    5.00   clock reconvergence pessimism
  -0.50    4.50   output external delay
           4.50   data required time
---------------------------------------------------------
           4.50   data required time
          -6.45   data arrival time
---------------------------------------------------------
          -1.95   slack (VIOLATED)


Startpoint: _16015_ (rising edge-triggered flip-flop clocked by clk)
Endpoint: hwlp_target_o[17] (output port clocked by clk)
Path Group: reg2out
Path Type: max

  Delay    Time   Description
---------------------------------------------------------
   0.00    0.00   clock clk (rise edge)
   0.00    0.00   clock network delay (ideal)
   0.00    0.00 ^ _16015_/CLK (sky130_fd_sc_hd__dfrtp_1)
   0.37    0.37 v _16015_/Q (sky130_fd_sc_hd__dfrtp_1)
   0.18    0.55 v _13964_/X (sky130_fd_sc_hd__xor2_1)
   0.20    0.75 ^ _14285_/Y (sky130_fd_sc_hd__nor3_1)
   0.13    0.88 v _14288_/Y (sky130_fd_sc_hd__o2111ai_1)
   0.40    1.28 v _14289_/X (sky130_fd_sc_hd__or4_1)
   0.18    1.46 ^ _14292_/Y (sky130_fd_sc_hd__nor3_1)
   0.11    1.56 v _14295_/Y (sky130_fd_sc_hd__nand4_1)
   0.17    1.73 ^ _14296_/Y (sky130_fd_sc_hd__nor4_1)
   0.11    1.85 v _14297_/Y (sky130_fd_sc_hd__nand4_1)
   0.39    2.24 v _14298_/X (sky130_fd_sc_hd__or4_1)
   0.25    2.49 ^ _14299_/Y (sky130_fd_sc_hd__nor4b_1)
   0.19    2.68 v _14308_/Y (sky130_fd_sc_hd__nand4b_1)
   1.15    3.83 ^ _14385_/Y (sky130_fd_sc_hd__nor2_1)
   0.96    4.79 v _14386_/Y (sky130_fd_sc_hd__clkinv_1)
   1.59    6.38 ^ _14522_/Y (sky130_fd_sc_hd__a21oi_1)
   0.07    6.45 v _14626_/Y (sky130_fd_sc_hd__a21oi_1)
   0.00    6.45 v hwlp_target_o[17] (out)
           6.45   data arrival time

   5.00    5.00   clock clk (rise edge)
   0.00    5.00   clock network delay (ideal)
   0.00    5.00   clock reconvergence pessimism
  -0.50    4.50   output external delay
           4.50   data required time
---------------------------------------------------------
           4.50   data required time
          -6.45   data arrival time
---------------------------------------------------------
          -1.95   slack (VIOLATED)


Startpoint: _16015_ (rising edge-triggered flip-flop clocked by clk)
Endpoint: hwlp_target_o[18] (output port clocked by clk)
Path Group: reg2out
Path Type: max

  Delay    Time   Description
---------------------------------------------------------
   0.00    0.00   clock clk (rise edge)
   0.00    0.00   clock network delay (ideal)
   0.00    0.00 ^ _16015_/CLK (sky130_fd_sc_hd__dfrtp_1)
   0.37    0.37 v _16015_/Q (sky130_fd_sc_hd__dfrtp_1)
   0.18    0.55 v _13964_/X (sky130_fd_sc_hd__xor2_1)
   0.20    0.75 ^ _14285_/Y (sky130_fd_sc_hd__nor3_1)
   0.13    0.88 v _14288_/Y (sky130_fd_sc_hd__o2111ai_1)
   0.40    1.28 v _14289_/X (sky130_fd_sc_hd__or4_1)
   0.18    1.46 ^ _14292_/Y (sky130_fd_sc_hd__nor3_1)
   0.11    1.56 v _14295_/Y (sky130_fd_sc_hd__nand4_1)
   0.17    1.73 ^ _14296_/Y (sky130_fd_sc_hd__nor4_1)
   0.11    1.85 v _14297_/Y (sky130_fd_sc_hd__nand4_1)
   0.39    2.24 v _14298_/X (sky130_fd_sc_hd__or4_1)
   0.25    2.49 ^ _14299_/Y (sky130_fd_sc_hd__nor4b_1)
   0.19    2.68 v _14308_/Y (sky130_fd_sc_hd__nand4b_1)
   1.15    3.83 ^ _14385_/Y (sky130_fd_sc_hd__nor2_1)
   0.96    4.79 v _14386_/Y (sky130_fd_sc_hd__clkinv_1)
   1.59    6.38 ^ _14522_/Y (sky130_fd_sc_hd__a21oi_1)
   0.07    6.45 v _14632_/Y (sky130_fd_sc_hd__a21oi_1)
   0.00    6.45 v hwlp_target_o[18] (out)
           6.45   data arrival time

   5.00    5.00   clock clk (rise edge)
   0.00    5.00   clock network delay (ideal)
   0.00    5.00   clock reconvergence pessimism
  -0.50    4.50   output external delay
           4.50   data required time
---------------------------------------------------------
           4.50   data required time
          -6.45   data arrival time
---------------------------------------------------------
          -1.95   slack (VIOLATED)


Startpoint: _16015_ (rising edge-triggered flip-flop clocked by clk)
Endpoint: hwlp_target_o[19] (output port clocked by clk)
Path Group: reg2out
Path Type: max

  Delay    Time   Description
---------------------------------------------------------
   0.00    0.00   clock clk (rise edge)
   0.00    0.00   clock network delay (ideal)
   0.00    0.00 ^ _16015_/CLK (sky130_fd_sc_hd__dfrtp_1)
   0.37    0.37 v _16015_/Q (sky130_fd_sc_hd__dfrtp_1)
   0.18    0.55 v _13964_/X (sky130_fd_sc_hd__xor2_1)
   0.20    0.75 ^ _14285_/Y (sky130_fd_sc_hd__nor3_1)
   0.13    0.88 v _14288_/Y (sky130_fd_sc_hd__o2111ai_1)
   0.40    1.28 v _14289_/X (sky130_fd_sc_hd__or4_1)
   0.18    1.46 ^ _14292_/Y (sky130_fd_sc_hd__nor3_1)
   0.11    1.56 v _14295_/Y (sky130_fd_sc_hd__nand4_1)
   0.17    1.73 ^ _14296_/Y (sky130_fd_sc_hd__nor4_1)
   0.11    1.85 v _14297_/Y (sky130_fd_sc_hd__nand4_1)
   0.39    2.24 v _14298_/X (sky130_fd_sc_hd__or4_1)
   0.25    2.49 ^ _14299_/Y (sky130_fd_sc_hd__nor4b_1)
   0.19    2.68 v _14308_/Y (sky130_fd_sc_hd__nand4b_1)
   1.15    3.83 ^ _14385_/Y (sky130_fd_sc_hd__nor2_1)
   0.96    4.79 v _14386_/Y (sky130_fd_sc_hd__clkinv_1)
   1.59    6.38 ^ _14522_/Y (sky130_fd_sc_hd__a21oi_1)
   0.07    6.45 v _14638_/Y (sky130_fd_sc_hd__a21oi_1)
   0.00    6.45 v hwlp_target_o[19] (out)
           6.45   data arrival time

   5.00    5.00   clock clk (rise edge)
   0.00    5.00   clock network delay (ideal)
   0.00    5.00   clock reconvergence pessimism
  -0.50    4.50   output external delay
           4.50   data required time
---------------------------------------------------------
           4.50   data required time
          -6.45   data arrival time
---------------------------------------------------------
          -1.95   slack (VIOLATED)


Startpoint: _16015_ (rising edge-triggered flip-flop clocked by clk)
Endpoint: hwlp_target_o[1] (output port clocked by clk)
Path Group: reg2out
Path Type: max

  Delay    Time   Description
---------------------------------------------------------
   0.00    0.00   clock clk (rise edge)
   0.00    0.00   clock network delay (ideal)
   0.00    0.00 ^ _16015_/CLK (sky130_fd_sc_hd__dfrtp_1)
   0.37    0.37 v _16015_/Q (sky130_fd_sc_hd__dfrtp_1)
   0.18    0.55 v _13964_/X (sky130_fd_sc_hd__xor2_1)
   0.20    0.75 ^ _14285_/Y (sky130_fd_sc_hd__nor3_1)
   0.13    0.88 v _14288_/Y (sky130_fd_sc_hd__o2111ai_1)
   0.40    1.28 v _14289_/X (sky130_fd_sc_hd__or4_1)
   0.18    1.46 ^ _14292_/Y (sky130_fd_sc_hd__nor3_1)
   0.11    1.56 v _14295_/Y (sky130_fd_sc_hd__nand4_1)
   0.17    1.73 ^ _14296_/Y (sky130_fd_sc_hd__nor4_1)
   0.11    1.85 v _14297_/Y (sky130_fd_sc_hd__nand4_1)
   0.39    2.24 v _14298_/X (sky130_fd_sc_hd__or4_1)
   0.25    2.49 ^ _14299_/Y (sky130_fd_sc_hd__nor4b_1)
   0.19    2.68 v _14308_/Y (sky130_fd_sc_hd__nand4b_1)
   1.15    3.83 ^ _14385_/Y (sky130_fd_sc_hd__nor2_1)
   0.96    4.79 v _14386_/Y (sky130_fd_sc_hd__clkinv_1)
   1.59    6.38 ^ _14522_/Y (sky130_fd_sc_hd__a21oi_1)
   0.07    6.45 v _14530_/Y (sky130_fd_sc_hd__a21oi_1)
   0.00    6.45 v hwlp_target_o[1] (out)
           6.45   data arrival time

   5.00    5.00   clock clk (rise edge)
   0.00    5.00   clock network delay (ideal)
   0.00    5.00   clock reconvergence pessimism
  -0.50    4.50   output external delay
           4.50   data required time
---------------------------------------------------------
           4.50   data required time
          -6.45   data arrival time
---------------------------------------------------------
          -1.95   slack (VIOLATED)


Startpoint: _16015_ (rising edge-triggered flip-flop clocked by clk)
Endpoint: hwlp_target_o[20] (output port clocked by clk)
Path Group: reg2out
Path Type: max

  Delay    Time   Description
---------------------------------------------------------
   0.00    0.00   clock clk (rise edge)
   0.00    0.00   clock network delay (ideal)
   0.00    0.00 ^ _16015_/CLK (sky130_fd_sc_hd__dfrtp_1)
   0.37    0.37 v _16015_/Q (sky130_fd_sc_hd__dfrtp_1)
   0.18    0.55 v _13964_/X (sky130_fd_sc_hd__xor2_1)
   0.20    0.75 ^ _14285_/Y (sky130_fd_sc_hd__nor3_1)
   0.13    0.88 v _14288_/Y (sky130_fd_sc_hd__o2111ai_1)
   0.40    1.28 v _14289_/X (sky130_fd_sc_hd__or4_1)
   0.18    1.46 ^ _14292_/Y (sky130_fd_sc_hd__nor3_1)
   0.11    1.56 v _14295_/Y (sky130_fd_sc_hd__nand4_1)
   0.17    1.73 ^ _14296_/Y (sky130_fd_sc_hd__nor4_1)
   0.11    1.85 v _14297_/Y (sky130_fd_sc_hd__nand4_1)
   0.39    2.24 v _14298_/X (sky130_fd_sc_hd__or4_1)
   0.25    2.49 ^ _14299_/Y (sky130_fd_sc_hd__nor4b_1)
   0.19    2.68 v _14308_/Y (sky130_fd_sc_hd__nand4b_1)
   1.15    3.83 ^ _14385_/Y (sky130_fd_sc_hd__nor2_1)
   0.96    4.79 v _14386_/Y (sky130_fd_sc_hd__clkinv_1)
   1.59    6.38 ^ _14522_/Y (sky130_fd_sc_hd__a21oi_1)
   0.07    6.45 v _14645_/Y (sky130_fd_sc_hd__a21oi_1)
   0.00    6.45 v hwlp_target_o[20] (out)
           6.45   data arrival time

   5.00    5.00   clock clk (rise edge)
   0.00    5.00   clock network delay (ideal)
   0.00    5.00   clock reconvergence pessimism
  -0.50    4.50   output external delay
           4.50   data required time
---------------------------------------------------------
           4.50   data required time
          -6.45   data arrival time
---------------------------------------------------------
          -1.95   slack (VIOLATED)


Startpoint: _16015_ (rising edge-triggered flip-flop clocked by clk)
Endpoint: hwlp_target_o[21] (output port clocked by clk)
Path Group: reg2out
Path Type: max

  Delay    Time   Description
---------------------------------------------------------
   0.00    0.00   clock clk (rise edge)
   0.00    0.00   clock network delay (ideal)
   0.00    0.00 ^ _16015_/CLK (sky130_fd_sc_hd__dfrtp_1)
   0.37    0.37 v _16015_/Q (sky130_fd_sc_hd__dfrtp_1)
   0.18    0.55 v _13964_/X (sky130_fd_sc_hd__xor2_1)
   0.20    0.75 ^ _14285_/Y (sky130_fd_sc_hd__nor3_1)
   0.13    0.88 v _14288_/Y (sky130_fd_sc_hd__o2111ai_1)
   0.40    1.28 v _14289_/X (sky130_fd_sc_hd__or4_1)
   0.18    1.46 ^ _14292_/Y (sky130_fd_sc_hd__nor3_1)
   0.11    1.56 v _14295_/Y (sky130_fd_sc_hd__nand4_1)
   0.17    1.73 ^ _14296_/Y (sky130_fd_sc_hd__nor4_1)
   0.11    1.85 v _14297_/Y (sky130_fd_sc_hd__nand4_1)
   0.39    2.24 v _14298_/X (sky130_fd_sc_hd__or4_1)
   0.25    2.49 ^ _14299_/Y (sky130_fd_sc_hd__nor4b_1)
   0.19    2.68 v _14308_/Y (sky130_fd_sc_hd__nand4b_1)
   1.15    3.83 ^ _14385_/Y (sky130_fd_sc_hd__nor2_1)
   0.96    4.79 v _14386_/Y (sky130_fd_sc_hd__clkinv_1)
   1.59    6.38 ^ _14522_/Y (sky130_fd_sc_hd__a21oi_1)
   0.07    6.45 v _14652_/Y (sky130_fd_sc_hd__a21oi_1)
   0.00    6.45 v hwlp_target_o[21] (out)
           6.45   data arrival time

   5.00    5.00   clock clk (rise edge)
   0.00    5.00   clock network delay (ideal)
   0.00    5.00   clock reconvergence pessimism
  -0.50    4.50   output external delay
           4.50   data required time
---------------------------------------------------------
           4.50   data required time
          -6.45   data arrival time
---------------------------------------------------------
          -1.95   slack (VIOLATED)


Startpoint: _16015_ (rising edge-triggered flip-flop clocked by clk)
Endpoint: hwlp_target_o[22] (output port clocked by clk)
Path Group: reg2out
Path Type: max

  Delay    Time   Description
---------------------------------------------------------
   0.00    0.00   clock clk (rise edge)
   0.00    0.00   clock network delay (ideal)
   0.00    0.00 ^ _16015_/CLK (sky130_fd_sc_hd__dfrtp_1)
   0.37    0.37 v _16015_/Q (sky130_fd_sc_hd__dfrtp_1)
   0.18    0.55 v _13964_/X (sky130_fd_sc_hd__xor2_1)
   0.20    0.75 ^ _14285_/Y (sky130_fd_sc_hd__nor3_1)
   0.13    0.88 v _14288_/Y (sky130_fd_sc_hd__o2111ai_1)
   0.40    1.28 v _14289_/X (sky130_fd_sc_hd__or4_1)
   0.18    1.46 ^ _14292_/Y (sky130_fd_sc_hd__nor3_1)
   0.11    1.56 v _14295_/Y (sky130_fd_sc_hd__nand4_1)
   0.17    1.73 ^ _14296_/Y (sky130_fd_sc_hd__nor4_1)
   0.11    1.85 v _14297_/Y (sky130_fd_sc_hd__nand4_1)
   0.39    2.24 v _14298_/X (sky130_fd_sc_hd__or4_1)
   0.25    2.49 ^ _14299_/Y (sky130_fd_sc_hd__nor4b_1)
   0.19    2.68 v _14308_/Y (sky130_fd_sc_hd__nand4b_1)
   1.15    3.83 ^ _14385_/Y (sky130_fd_sc_hd__nor2_1)
   0.96    4.79 v _14386_/Y (sky130_fd_sc_hd__clkinv_1)
   1.59    6.38 ^ _14522_/Y (sky130_fd_sc_hd__a21oi_1)
   0.07    6.45 v _14658_/Y (sky130_fd_sc_hd__a21oi_1)
   0.00    6.45 v hwlp_target_o[22] (out)
           6.45   data arrival time

   5.00    5.00   clock clk (rise edge)
   0.00    5.00   clock network delay (ideal)
   0.00    5.00   clock reconvergence pessimism
  -0.50    4.50   output external delay
           4.50   data required time
---------------------------------------------------------
           4.50   data required time
          -6.45   data arrival time
---------------------------------------------------------
          -1.95   slack (VIOLATED)


Startpoint: _16015_ (rising edge-triggered flip-flop clocked by clk)
Endpoint: hwlp_target_o[23] (output port clocked by clk)
Path Group: reg2out
Path Type: max

  Delay    Time   Description
---------------------------------------------------------
   0.00    0.00   clock clk (rise edge)
   0.00    0.00   clock network delay (ideal)
   0.00    0.00 ^ _16015_/CLK (sky130_fd_sc_hd__dfrtp_1)
   0.37    0.37 v _16015_/Q (sky130_fd_sc_hd__dfrtp_1)
   0.18    0.55 v _13964_/X (sky130_fd_sc_hd__xor2_1)
   0.20    0.75 ^ _14285_/Y (sky130_fd_sc_hd__nor3_1)
   0.13    0.88 v _14288_/Y (sky130_fd_sc_hd__o2111ai_1)
   0.40    1.28 v _14289_/X (sky130_fd_sc_hd__or4_1)
   0.18    1.46 ^ _14292_/Y (sky130_fd_sc_hd__nor3_1)
   0.11    1.56 v _14295_/Y (sky130_fd_sc_hd__nand4_1)
   0.17    1.73 ^ _14296_/Y (sky130_fd_sc_hd__nor4_1)
   0.11    1.85 v _14297_/Y (sky130_fd_sc_hd__nand4_1)
   0.39    2.24 v _14298_/X (sky130_fd_sc_hd__or4_1)
   0.25    2.49 ^ _14299_/Y (sky130_fd_sc_hd__nor4b_1)
   0.19    2.68 v _14308_/Y (sky130_fd_sc_hd__nand4b_1)
   1.15    3.83 ^ _14385_/Y (sky130_fd_sc_hd__nor2_1)
   0.96    4.79 v _14386_/Y (sky130_fd_sc_hd__clkinv_1)
   1.59    6.38 ^ _14522_/Y (sky130_fd_sc_hd__a21oi_1)
   0.07    6.45 v _14668_/Y (sky130_fd_sc_hd__a21oi_1)
   0.00    6.45 v hwlp_target_o[23] (out)
           6.45   data arrival time

   5.00    5.00   clock clk (rise edge)
   0.00    5.00   clock network delay (ideal)
   0.00    5.00   clock reconvergence pessimism
  -0.50    4.50   output external delay
           4.50   data required time
---------------------------------------------------------
           4.50   data required time
          -6.45   data arrival time
---------------------------------------------------------
          -1.95   slack (VIOLATED)


Startpoint: _16015_ (rising edge-triggered flip-flop clocked by clk)
Endpoint: hwlp_target_o[24] (output port clocked by clk)
Path Group: reg2out
Path Type: max

  Delay    Time   Description
---------------------------------------------------------
   0.00    0.00   clock clk (rise edge)
   0.00    0.00   clock network delay (ideal)
   0.00    0.00 ^ _16015_/CLK (sky130_fd_sc_hd__dfrtp_1)
   0.37    0.37 v _16015_/Q (sky130_fd_sc_hd__dfrtp_1)
   0.18    0.55 v _13964_/X (sky130_fd_sc_hd__xor2_1)
   0.20    0.75 ^ _14285_/Y (sky130_fd_sc_hd__nor3_1)
   0.13    0.88 v _14288_/Y (sky130_fd_sc_hd__o2111ai_1)
   0.40    1.28 v _14289_/X (sky130_fd_sc_hd__or4_1)
   0.18    1.46 ^ _14292_/Y (sky130_fd_sc_hd__nor3_1)
   0.11    1.56 v _14295_/Y (sky130_fd_sc_hd__nand4_1)
   0.17    1.73 ^ _14296_/Y (sky130_fd_sc_hd__nor4_1)
   0.11    1.85 v _14297_/Y (sky130_fd_sc_hd__nand4_1)
   0.39    2.24 v _14298_/X (sky130_fd_sc_hd__or4_1)
   0.25    2.49 ^ _14299_/Y (sky130_fd_sc_hd__nor4b_1)
   0.19    2.68 v _14308_/Y (sky130_fd_sc_hd__nand4b_1)
   1.15    3.83 ^ _14385_/Y (sky130_fd_sc_hd__nor2_1)
   0.96    4.79 v _14386_/Y (sky130_fd_sc_hd__clkinv_1)
   1.59    6.38 ^ _14522_/Y (sky130_fd_sc_hd__a21oi_1)
   0.07    6.45 v _14677_/Y (sky130_fd_sc_hd__a21oi_1)
   0.00    6.45 v hwlp_target_o[24] (out)
           6.45   data arrival time

   5.00    5.00   clock clk (rise edge)
   0.00    5.00   clock network delay (ideal)
   0.00    5.00   clock reconvergence pessimism
  -0.50    4.50   output external delay
           4.50   data required time
---------------------------------------------------------
           4.50   data required time
          -6.45   data arrival time
---------------------------------------------------------
          -1.95   slack (VIOLATED)


Startpoint: _16015_ (rising edge-triggered flip-flop clocked by clk)
Endpoint: hwlp_target_o[25] (output port clocked by clk)
Path Group: reg2out
Path Type: max

  Delay    Time   Description
---------------------------------------------------------
   0.00    0.00   clock clk (rise edge)
   0.00    0.00   clock network delay (ideal)
   0.00    0.00 ^ _16015_/CLK (sky130_fd_sc_hd__dfrtp_1)
   0.37    0.37 v _16015_/Q (sky130_fd_sc_hd__dfrtp_1)
   0.18    0.55 v _13964_/X (sky130_fd_sc_hd__xor2_1)
   0.20    0.75 ^ _14285_/Y (sky130_fd_sc_hd__nor3_1)
   0.13    0.88 v _14288_/Y (sky130_fd_sc_hd__o2111ai_1)
   0.40    1.28 v _14289_/X (sky130_fd_sc_hd__or4_1)
   0.18    1.46 ^ _14292_/Y (sky130_fd_sc_hd__nor3_1)
   0.11    1.56 v _14295_/Y (sky130_fd_sc_hd__nand4_1)
   0.17    1.73 ^ _14296_/Y (sky130_fd_sc_hd__nor4_1)
   0.11    1.85 v _14297_/Y (sky130_fd_sc_hd__nand4_1)
   0.39    2.24 v _14298_/X (sky130_fd_sc_hd__or4_1)
   0.25    2.49 ^ _14299_/Y (sky130_fd_sc_hd__nor4b_1)
   0.19    2.68 v _14308_/Y (sky130_fd_sc_hd__nand4b_1)
   1.15    3.83 ^ _14385_/Y (sky130_fd_sc_hd__nor2_1)
   0.96    4.79 v _14386_/Y (sky130_fd_sc_hd__clkinv_1)
   1.59    6.38 ^ _14522_/Y (sky130_fd_sc_hd__a21oi_1)
   0.07    6.45 v _14684_/Y (sky130_fd_sc_hd__a21oi_1)
   0.00    6.45 v hwlp_target_o[25] (out)
           6.45   data arrival time

   5.00    5.00   clock clk (rise edge)
   0.00    5.00   clock network delay (ideal)
   0.00    5.00   clock reconvergence pessimism
  -0.50    4.50   output external delay
           4.50   data required time
---------------------------------------------------------
           4.50   data required time
          -6.45   data arrival time
---------------------------------------------------------
          -1.95   slack (VIOLATED)


Startpoint: _16015_ (rising edge-triggered flip-flop clocked by clk)
Endpoint: hwlp_target_o[26] (output port clocked by clk)
Path Group: reg2out
Path Type: max

  Delay    Time   Description
---------------------------------------------------------
   0.00    0.00   clock clk (rise edge)
   0.00    0.00   clock network delay (ideal)
   0.00    0.00 ^ _16015_/CLK (sky130_fd_sc_hd__dfrtp_1)
   0.37    0.37 v _16015_/Q (sky130_fd_sc_hd__dfrtp_1)
   0.18    0.55 v _13964_/X (sky130_fd_sc_hd__xor2_1)
   0.20    0.75 ^ _14285_/Y (sky130_fd_sc_hd__nor3_1)
   0.13    0.88 v _14288_/Y (sky130_fd_sc_hd__o2111ai_1)
   0.40    1.28 v _14289_/X (sky130_fd_sc_hd__or4_1)
   0.18    1.46 ^ _14292_/Y (sky130_fd_sc_hd__nor3_1)
   0.11    1.56 v _14295_/Y (sky130_fd_sc_hd__nand4_1)
   0.17    1.73 ^ _14296_/Y (sky130_fd_sc_hd__nor4_1)
   0.11    1.85 v _14297_/Y (sky130_fd_sc_hd__nand4_1)
   0.39    2.24 v _14298_/X (sky130_fd_sc_hd__or4_1)
   0.25    2.49 ^ _14299_/Y (sky130_fd_sc_hd__nor4b_1)
   0.19    2.68 v _14308_/Y (sky130_fd_sc_hd__nand4b_1)
   1.15    3.83 ^ _14385_/Y (sky130_fd_sc_hd__nor2_1)
   0.96    4.79 v _14386_/Y (sky130_fd_sc_hd__clkinv_1)
   1.59    6.38 ^ _14522_/Y (sky130_fd_sc_hd__a21oi_1)
   0.07    6.45 v _14690_/Y (sky130_fd_sc_hd__a21oi_1)
   0.00    6.45 v hwlp_target_o[26] (out)
           6.45   data arrival time

   5.00    5.00   clock clk (rise edge)
   0.00    5.00   clock network delay (ideal)
   0.00    5.00   clock reconvergence pessimism
  -0.50    4.50   output external delay
           4.50   data required time
---------------------------------------------------------
           4.50   data required time
          -6.45   data arrival time
---------------------------------------------------------
          -1.95   slack (VIOLATED)


Startpoint: _16015_ (rising edge-triggered flip-flop clocked by clk)
Endpoint: hwlp_target_o[27] (output port clocked by clk)
Path Group: reg2out
Path Type: max

  Delay    Time   Description
---------------------------------------------------------
   0.00    0.00   clock clk (rise edge)
   0.00    0.00   clock network delay (ideal)
   0.00    0.00 ^ _16015_/CLK (sky130_fd_sc_hd__dfrtp_1)
   0.37    0.37 v _16015_/Q (sky130_fd_sc_hd__dfrtp_1)
   0.18    0.55 v _13964_/X (sky130_fd_sc_hd__xor2_1)
   0.20    0.75 ^ _14285_/Y (sky130_fd_sc_hd__nor3_1)
   0.13    0.88 v _14288_/Y (sky130_fd_sc_hd__o2111ai_1)
   0.40    1.28 v _14289_/X (sky130_fd_sc_hd__or4_1)
   0.18    1.46 ^ _14292_/Y (sky130_fd_sc_hd__nor3_1)
   0.11    1.56 v _14295_/Y (sky130_fd_sc_hd__nand4_1)
   0.17    1.73 ^ _14296_/Y (sky130_fd_sc_hd__nor4_1)
   0.11    1.85 v _14297_/Y (sky130_fd_sc_hd__nand4_1)
   0.39    2.24 v _14298_/X (sky130_fd_sc_hd__or4_1)
   0.25    2.49 ^ _14299_/Y (sky130_fd_sc_hd__nor4b_1)
   0.19    2.68 v _14308_/Y (sky130_fd_sc_hd__nand4b_1)
   1.15    3.83 ^ _14385_/Y (sky130_fd_sc_hd__nor2_1)
   0.96    4.79 v _14386_/Y (sky130_fd_sc_hd__clkinv_1)
   1.59    6.38 ^ _14522_/Y (sky130_fd_sc_hd__a21oi_1)
   0.07    6.45 v _14696_/Y (sky130_fd_sc_hd__a21oi_1)
   0.00    6.45 v hwlp_target_o[27] (out)
           6.45   data arrival time

   5.00    5.00   clock clk (rise edge)
   0.00    5.00   clock network delay (ideal)
   0.00    5.00   clock reconvergence pessimism
  -0.50    4.50   output external delay
           4.50   data required time
---------------------------------------------------------
           4.50   data required time
          -6.45   data arrival time
---------------------------------------------------------
          -1.95   slack (VIOLATED)


Startpoint: _16015_ (rising edge-triggered flip-flop clocked by clk)
Endpoint: hwlp_target_o[28] (output port clocked by clk)
Path Group: reg2out
Path Type: max

  Delay    Time   Description
---------------------------------------------------------
   0.00    0.00   clock clk (rise edge)
   0.00    0.00   clock network delay (ideal)
   0.00    0.00 ^ _16015_/CLK (sky130_fd_sc_hd__dfrtp_1)
   0.37    0.37 v _16015_/Q (sky130_fd_sc_hd__dfrtp_1)
   0.18    0.55 v _13964_/X (sky130_fd_sc_hd__xor2_1)
   0.20    0.75 ^ _14285_/Y (sky130_fd_sc_hd__nor3_1)
   0.13    0.88 v _14288_/Y (sky130_fd_sc_hd__o2111ai_1)
   0.40    1.28 v _14289_/X (sky130_fd_sc_hd__or4_1)
   0.18    1.46 ^ _14292_/Y (sky130_fd_sc_hd__nor3_1)
   0.11    1.56 v _14295_/Y (sky130_fd_sc_hd__nand4_1)
   0.17    1.73 ^ _14296_/Y (sky130_fd_sc_hd__nor4_1)
   0.11    1.85 v _14297_/Y (sky130_fd_sc_hd__nand4_1)
   0.39    2.24 v _14298_/X (sky130_fd_sc_hd__or4_1)
   0.25    2.49 ^ _14299_/Y (sky130_fd_sc_hd__nor4b_1)
   0.19    2.68 v _14308_/Y (sky130_fd_sc_hd__nand4b_1)
   1.15    3.83 ^ _14385_/Y (sky130_fd_sc_hd__nor2_1)
   0.96    4.79 v _14386_/Y (sky130_fd_sc_hd__clkinv_1)
   1.59    6.38 ^ _14522_/Y (sky130_fd_sc_hd__a21oi_1)
   0.07    6.45 v _14702_/Y (sky130_fd_sc_hd__a21oi_1)
   0.00    6.45 v hwlp_target_o[28] (out)
           6.45   data arrival time

   5.00    5.00   clock clk (rise edge)
   0.00    5.00   clock network delay (ideal)
   0.00    5.00   clock reconvergence pessimism
  -0.50    4.50   output external delay
           4.50   data required time
---------------------------------------------------------
           4.50   data required time
          -6.45   data arrival time
---------------------------------------------------------
          -1.95   slack (VIOLATED)


Startpoint: _16015_ (rising edge-triggered flip-flop clocked by clk)
Endpoint: hwlp_target_o[29] (output port clocked by clk)
Path Group: reg2out
Path Type: max

  Delay    Time   Description
---------------------------------------------------------
   0.00    0.00   clock clk (rise edge)
   0.00    0.00   clock network delay (ideal)
   0.00    0.00 ^ _16015_/CLK (sky130_fd_sc_hd__dfrtp_1)
   0.37    0.37 v _16015_/Q (sky130_fd_sc_hd__dfrtp_1)
   0.18    0.55 v _13964_/X (sky130_fd_sc_hd__xor2_1)
   0.20    0.75 ^ _14285_/Y (sky130_fd_sc_hd__nor3_1)
   0.13    0.88 v _14288_/Y (sky130_fd_sc_hd__o2111ai_1)
   0.40    1.28 v _14289_/X (sky130_fd_sc_hd__or4_1)
   0.18    1.46 ^ _14292_/Y (sky130_fd_sc_hd__nor3_1)
   0.11    1.56 v _14295_/Y (sky130_fd_sc_hd__nand4_1)
   0.17    1.73 ^ _14296_/Y (sky130_fd_sc_hd__nor4_1)
   0.11    1.85 v _14297_/Y (sky130_fd_sc_hd__nand4_1)
   0.39    2.24 v _14298_/X (sky130_fd_sc_hd__or4_1)
   0.25    2.49 ^ _14299_/Y (sky130_fd_sc_hd__nor4b_1)
   0.19    2.68 v _14308_/Y (sky130_fd_sc_hd__nand4b_1)
   1.15    3.83 ^ _14385_/Y (sky130_fd_sc_hd__nor2_1)
   0.96    4.79 v _14386_/Y (sky130_fd_sc_hd__clkinv_1)
   1.59    6.38 ^ _14522_/Y (sky130_fd_sc_hd__a21oi_1)
   0.07    6.45 v _14708_/Y (sky130_fd_sc_hd__a21oi_1)
   0.00    6.45 v hwlp_target_o[29] (out)
           6.45   data arrival time

   5.00    5.00   clock clk (rise edge)
   0.00    5.00   clock network delay (ideal)
   0.00    5.00   clock reconvergence pessimism
  -0.50    4.50   output external delay
           4.50   data required time
---------------------------------------------------------
           4.50   data required time
          -6.45   data arrival time
---------------------------------------------------------
          -1.95   slack (VIOLATED)


Startpoint: _16015_ (rising edge-triggered flip-flop clocked by clk)
Endpoint: hwlp_target_o[2] (output port clocked by clk)
Path Group: reg2out
Path Type: max

  Delay    Time   Description
---------------------------------------------------------
   0.00    0.00   clock clk (rise edge)
   0.00    0.00   clock network delay (ideal)
   0.00    0.00 ^ _16015_/CLK (sky130_fd_sc_hd__dfrtp_1)
   0.37    0.37 v _16015_/Q (sky130_fd_sc_hd__dfrtp_1)
   0.18    0.55 v _13964_/X (sky130_fd_sc_hd__xor2_1)
   0.20    0.75 ^ _14285_/Y (sky130_fd_sc_hd__nor3_1)
   0.13    0.88 v _14288_/Y (sky130_fd_sc_hd__o2111ai_1)
   0.40    1.28 v _14289_/X (sky130_fd_sc_hd__or4_1)
   0.18    1.46 ^ _14292_/Y (sky130_fd_sc_hd__nor3_1)
   0.11    1.56 v _14295_/Y (sky130_fd_sc_hd__nand4_1)
   0.17    1.73 ^ _14296_/Y (sky130_fd_sc_hd__nor4_1)
   0.11    1.85 v _14297_/Y (sky130_fd_sc_hd__nand4_1)
   0.39    2.24 v _14298_/X (sky130_fd_sc_hd__or4_1)
   0.25    2.49 ^ _14299_/Y (sky130_fd_sc_hd__nor4b_1)
   0.19    2.68 v _14308_/Y (sky130_fd_sc_hd__nand4b_1)
   1.15    3.83 ^ _14385_/Y (sky130_fd_sc_hd__nor2_1)
   0.96    4.79 v _14386_/Y (sky130_fd_sc_hd__clkinv_1)
   1.59    6.38 ^ _14522_/Y (sky130_fd_sc_hd__a21oi_1)
   0.07    6.45 v _14536_/Y (sky130_fd_sc_hd__a21oi_1)
   0.00    6.45 v hwlp_target_o[2] (out)
           6.45   data arrival time

   5.00    5.00   clock clk (rise edge)
   0.00    5.00   clock network delay (ideal)
   0.00    5.00   clock reconvergence pessimism
  -0.50    4.50   output external delay
           4.50   data required time
---------------------------------------------------------
           4.50   data required time
          -6.45   data arrival time
---------------------------------------------------------
          -1.95   slack (VIOLATED)


Startpoint: _16015_ (rising edge-triggered flip-flop clocked by clk)
Endpoint: hwlp_target_o[30] (output port clocked by clk)
Path Group: reg2out
Path Type: max

  Delay    Time   Description
---------------------------------------------------------
   0.00    0.00   clock clk (rise edge)
   0.00    0.00   clock network delay (ideal)
   0.00    0.00 ^ _16015_/CLK (sky130_fd_sc_hd__dfrtp_1)
   0.37    0.37 v _16015_/Q (sky130_fd_sc_hd__dfrtp_1)
   0.18    0.55 v _13964_/X (sky130_fd_sc_hd__xor2_1)
   0.20    0.75 ^ _14285_/Y (sky130_fd_sc_hd__nor3_1)
   0.13    0.88 v _14288_/Y (sky130_fd_sc_hd__o2111ai_1)
   0.40    1.28 v _14289_/X (sky130_fd_sc_hd__or4_1)
   0.18    1.46 ^ _14292_/Y (sky130_fd_sc_hd__nor3_1)
   0.11    1.56 v _14295_/Y (sky130_fd_sc_hd__nand4_1)
   0.17    1.73 ^ _14296_/Y (sky130_fd_sc_hd__nor4_1)
   0.11    1.85 v _14297_/Y (sky130_fd_sc_hd__nand4_1)
   0.39    2.24 v _14298_/X (sky130_fd_sc_hd__or4_1)
   0.25    2.49 ^ _14299_/Y (sky130_fd_sc_hd__nor4b_1)
   0.19    2.68 v _14308_/Y (sky130_fd_sc_hd__nand4b_1)
   1.15    3.83 ^ _14385_/Y (sky130_fd_sc_hd__nor2_1)
   0.96    4.79 v _14386_/Y (sky130_fd_sc_hd__clkinv_1)
   1.59    6.38 ^ _14522_/Y (sky130_fd_sc_hd__a21oi_1)
   0.07    6.45 v _14714_/Y (sky130_fd_sc_hd__a21oi_1)
   0.00    6.45 v hwlp_target_o[30] (out)
           6.45   data arrival time

   5.00    5.00   clock clk (rise edge)
   0.00    5.00   clock network delay (ideal)
   0.00    5.00   clock reconvergence pessimism
  -0.50    4.50   output external delay
           4.50   data required time
---------------------------------------------------------
           4.50   data required time
          -6.45   data arrival time
---------------------------------------------------------
          -1.95   slack (VIOLATED)


Startpoint: _16015_ (rising edge-triggered flip-flop clocked by clk)
Endpoint: hwlp_target_o[31] (output port clocked by clk)
Path Group: reg2out
Path Type: max

  Delay    Time   Description
---------------------------------------------------------
   0.00    0.00   clock clk (rise edge)
   0.00    0.00   clock network delay (ideal)
   0.00    0.00 ^ _16015_/CLK (sky130_fd_sc_hd__dfrtp_1)
   0.37    0.37 v _16015_/Q (sky130_fd_sc_hd__dfrtp_1)
   0.18    0.55 v _13964_/X (sky130_fd_sc_hd__xor2_1)
   0.20    0.75 ^ _14285_/Y (sky130_fd_sc_hd__nor3_1)
   0.13    0.88 v _14288_/Y (sky130_fd_sc_hd__o2111ai_1)
   0.40    1.28 v _14289_/X (sky130_fd_sc_hd__or4_1)
   0.18    1.46 ^ _14292_/Y (sky130_fd_sc_hd__nor3_1)
   0.11    1.56 v _14295_/Y (sky130_fd_sc_hd__nand4_1)
   0.17    1.73 ^ _14296_/Y (sky130_fd_sc_hd__nor4_1)
   0.11    1.85 v _14297_/Y (sky130_fd_sc_hd__nand4_1)
   0.39    2.24 v _14298_/X (sky130_fd_sc_hd__or4_1)
   0.25    2.49 ^ _14299_/Y (sky130_fd_sc_hd__nor4b_1)
   0.19    2.68 v _14308_/Y (sky130_fd_sc_hd__nand4b_1)
   1.15    3.83 ^ _14385_/Y (sky130_fd_sc_hd__nor2_1)
   0.96    4.79 v _14386_/Y (sky130_fd_sc_hd__clkinv_1)
   1.59    6.38 ^ _14522_/Y (sky130_fd_sc_hd__a21oi_1)
   0.07    6.45 v _14787_/Y (sky130_fd_sc_hd__a21oi_1)
   0.00    6.45 v hwlp_target_o[31] (out)
           6.45   data arrival time

   5.00    5.00   clock clk (rise edge)
   0.00    5.00   clock network delay (ideal)
   0.00    5.00   clock reconvergence pessimism
  -0.50    4.50   output external delay
           4.50   data required time
---------------------------------------------------------
           4.50   data required time
          -6.45   data arrival time
---------------------------------------------------------
          -1.95   slack (VIOLATED)


Startpoint: _16015_ (rising edge-triggered flip-flop clocked by clk)
Endpoint: hwlp_target_o[3] (output port clocked by clk)
Path Group: reg2out
Path Type: max

  Delay    Time   Description
---------------------------------------------------------
   0.00    0.00   clock clk (rise edge)
   0.00    0.00   clock network delay (ideal)
   0.00    0.00 ^ _16015_/CLK (sky130_fd_sc_hd__dfrtp_1)
   0.37    0.37 v _16015_/Q (sky130_fd_sc_hd__dfrtp_1)
   0.18    0.55 v _13964_/X (sky130_fd_sc_hd__xor2_1)
   0.20    0.75 ^ _14285_/Y (sky130_fd_sc_hd__nor3_1)
   0.13    0.88 v _14288_/Y (sky130_fd_sc_hd__o2111ai_1)
   0.40    1.28 v _14289_/X (sky130_fd_sc_hd__or4_1)
   0.18    1.46 ^ _14292_/Y (sky130_fd_sc_hd__nor3_1)
   0.11    1.56 v _14295_/Y (sky130_fd_sc_hd__nand4_1)
   0.17    1.73 ^ _14296_/Y (sky130_fd_sc_hd__nor4_1)
   0.11    1.85 v _14297_/Y (sky130_fd_sc_hd__nand4_1)
   0.39    2.24 v _14298_/X (sky130_fd_sc_hd__or4_1)
   0.25    2.49 ^ _14299_/Y (sky130_fd_sc_hd__nor4b_1)
   0.19    2.68 v _14308_/Y (sky130_fd_sc_hd__nand4b_1)
   1.15    3.83 ^ _14385_/Y (sky130_fd_sc_hd__nor2_1)
   0.96    4.79 v _14386_/Y (sky130_fd_sc_hd__clkinv_1)
   1.59    6.38 ^ _14522_/Y (sky130_fd_sc_hd__a21oi_1)
   0.07    6.45 v _14542_/Y (sky130_fd_sc_hd__a21oi_1)
   0.00    6.45 v hwlp_target_o[3] (out)
           6.45   data arrival time

   5.00    5.00   clock clk (rise edge)
   0.00    5.00   clock network delay (ideal)
   0.00    5.00   clock reconvergence pessimism
  -0.50    4.50   output external delay
           4.50   data required time
---------------------------------------------------------
           4.50   data required time
          -6.45   data arrival time
---------------------------------------------------------
          -1.95   slack (VIOLATED)


Startpoint: _16015_ (rising edge-triggered flip-flop clocked by clk)
Endpoint: hwlp_target_o[4] (output port clocked by clk)
Path Group: reg2out
Path Type: max

  Delay    Time   Description
---------------------------------------------------------
   0.00    0.00   clock clk (rise edge)
   0.00    0.00   clock network delay (ideal)
   0.00    0.00 ^ _16015_/CLK (sky130_fd_sc_hd__dfrtp_1)
   0.37    0.37 v _16015_/Q (sky130_fd_sc_hd__dfrtp_1)
   0.18    0.55 v _13964_/X (sky130_fd_sc_hd__xor2_1)
   0.20    0.75 ^ _14285_/Y (sky130_fd_sc_hd__nor3_1)
   0.13    0.88 v _14288_/Y (sky130_fd_sc_hd__o2111ai_1)
   0.40    1.28 v _14289_/X (sky130_fd_sc_hd__or4_1)
   0.18    1.46 ^ _14292_/Y (sky130_fd_sc_hd__nor3_1)
   0.11    1.56 v _14295_/Y (sky130_fd_sc_hd__nand4_1)
   0.17    1.73 ^ _14296_/Y (sky130_fd_sc_hd__nor4_1)
   0.11    1.85 v _14297_/Y (sky130_fd_sc_hd__nand4_1)
   0.39    2.24 v _14298_/X (sky130_fd_sc_hd__or4_1)
   0.25    2.49 ^ _14299_/Y (sky130_fd_sc_hd__nor4b_1)
   0.19    2.68 v _14308_/Y (sky130_fd_sc_hd__nand4b_1)
   1.15    3.83 ^ _14385_/Y (sky130_fd_sc_hd__nor2_1)
   0.96    4.79 v _14386_/Y (sky130_fd_sc_hd__clkinv_1)
   1.59    6.38 ^ _14522_/Y (sky130_fd_sc_hd__a21oi_1)
   0.07    6.45 v _14548_/Y (sky130_fd_sc_hd__a21oi_1)
   0.00    6.45 v hwlp_target_o[4] (out)
           6.45   data arrival time

   5.00    5.00   clock clk (rise edge)
   0.00    5.00   clock network delay (ideal)
   0.00    5.00   clock reconvergence pessimism
  -0.50    4.50   output external delay
           4.50   data required time
---------------------------------------------------------
           4.50   data required time
          -6.45   data arrival time
---------------------------------------------------------
          -1.95   slack (VIOLATED)


Startpoint: _16015_ (rising edge-triggered flip-flop clocked by clk)
Endpoint: hwlp_target_o[5] (output port clocked by clk)
Path Group: reg2out
Path Type: max

  Delay    Time   Description
---------------------------------------------------------
   0.00    0.00   clock clk (rise edge)
   0.00    0.00   clock network delay (ideal)
   0.00    0.00 ^ _16015_/CLK (sky130_fd_sc_hd__dfrtp_1)
   0.37    0.37 v _16015_/Q (sky130_fd_sc_hd__dfrtp_1)
   0.18    0.55 v _13964_/X (sky130_fd_sc_hd__xor2_1)
   0.20    0.75 ^ _14285_/Y (sky130_fd_sc_hd__nor3_1)
   0.13    0.88 v _14288_/Y (sky130_fd_sc_hd__o2111ai_1)
   0.40    1.28 v _14289_/X (sky130_fd_sc_hd__or4_1)
   0.18    1.46 ^ _14292_/Y (sky130_fd_sc_hd__nor3_1)
   0.11    1.56 v _14295_/Y (sky130_fd_sc_hd__nand4_1)
   0.17    1.73 ^ _14296_/Y (sky130_fd_sc_hd__nor4_1)
   0.11    1.85 v _14297_/Y (sky130_fd_sc_hd__nand4_1)
   0.39    2.24 v _14298_/X (sky130_fd_sc_hd__or4_1)
   0.25    2.49 ^ _14299_/Y (sky130_fd_sc_hd__nor4b_1)
   0.19    2.68 v _14308_/Y (sky130_fd_sc_hd__nand4b_1)
   1.15    3.83 ^ _14385_/Y (sky130_fd_sc_hd__nor2_1)
   0.96    4.79 v _14386_/Y (sky130_fd_sc_hd__clkinv_1)
   1.59    6.38 ^ _14522_/Y (sky130_fd_sc_hd__a21oi_1)
   0.07    6.45 v _14554_/Y (sky130_fd_sc_hd__a21oi_1)
   0.00    6.45 v hwlp_target_o[5] (out)
           6.45   data arrival time

   5.00    5.00   clock clk (rise edge)
   0.00    5.00   clock network delay (ideal)
   0.00    5.00   clock reconvergence pessimism
  -0.50    4.50   output external delay
           4.50   data required time
---------------------------------------------------------
           4.50   data required time
          -6.45   data arrival time
---------------------------------------------------------
          -1.95   slack (VIOLATED)


Startpoint: _16015_ (rising edge-triggered flip-flop clocked by clk)
Endpoint: hwlp_target_o[6] (output port clocked by clk)
Path Group: reg2out
Path Type: max

  Delay    Time   Description
---------------------------------------------------------
   0.00    0.00   clock clk (rise edge)
   0.00    0.00   clock network delay (ideal)
   0.00    0.00 ^ _16015_/CLK (sky130_fd_sc_hd__dfrtp_1)
   0.37    0.37 v _16015_/Q (sky130_fd_sc_hd__dfrtp_1)
   0.18    0.55 v _13964_/X (sky130_fd_sc_hd__xor2_1)
   0.20    0.75 ^ _14285_/Y (sky130_fd_sc_hd__nor3_1)
   0.13    0.88 v _14288_/Y (sky130_fd_sc_hd__o2111ai_1)
   0.40    1.28 v _14289_/X (sky130_fd_sc_hd__or4_1)
   0.18    1.46 ^ _14292_/Y (sky130_fd_sc_hd__nor3_1)
   0.11    1.56 v _14295_/Y (sky130_fd_sc_hd__nand4_1)
   0.17    1.73 ^ _14296_/Y (sky130_fd_sc_hd__nor4_1)
   0.11    1.85 v _14297_/Y (sky130_fd_sc_hd__nand4_1)
   0.39    2.24 v _14298_/X (sky130_fd_sc_hd__or4_1)
   0.25    2.49 ^ _14299_/Y (sky130_fd_sc_hd__nor4b_1)
   0.19    2.68 v _14308_/Y (sky130_fd_sc_hd__nand4b_1)
   1.15    3.83 ^ _14385_/Y (sky130_fd_sc_hd__nor2_1)
   0.96    4.79 v _14386_/Y (sky130_fd_sc_hd__clkinv_1)
   1.59    6.38 ^ _14522_/Y (sky130_fd_sc_hd__a21oi_1)
   0.07    6.45 v _14560_/Y (sky130_fd_sc_hd__a21oi_1)
   0.00    6.45 v hwlp_target_o[6] (out)
           6.45   data arrival time

   5.00    5.00   clock clk (rise edge)
   0.00    5.00   clock network delay (ideal)
   0.00    5.00   clock reconvergence pessimism
  -0.50    4.50   output external delay
           4.50   data required time
---------------------------------------------------------
           4.50   data required time
          -6.45   data arrival time
---------------------------------------------------------
          -1.95   slack (VIOLATED)


Startpoint: _16015_ (rising edge-triggered flip-flop clocked by clk)
Endpoint: hwlp_target_o[7] (output port clocked by clk)
Path Group: reg2out
Path Type: max

  Delay    Time   Description
---------------------------------------------------------
   0.00    0.00   clock clk (rise edge)
   0.00    0.00   clock network delay (ideal)
   0.00    0.00 ^ _16015_/CLK (sky130_fd_sc_hd__dfrtp_1)
   0.37    0.37 v _16015_/Q (sky130_fd_sc_hd__dfrtp_1)
   0.18    0.55 v _13964_/X (sky130_fd_sc_hd__xor2_1)
   0.20    0.75 ^ _14285_/Y (sky130_fd_sc_hd__nor3_1)
   0.13    0.88 v _14288_/Y (sky130_fd_sc_hd__o2111ai_1)
   0.40    1.28 v _14289_/X (sky130_fd_sc_hd__or4_1)
   0.18    1.46 ^ _14292_/Y (sky130_fd_sc_hd__nor3_1)
   0.11    1.56 v _14295_/Y (sky130_fd_sc_hd__nand4_1)
   0.17    1.73 ^ _14296_/Y (sky130_fd_sc_hd__nor4_1)
   0.11    1.85 v _14297_/Y (sky130_fd_sc_hd__nand4_1)
   0.39    2.24 v _14298_/X (sky130_fd_sc_hd__or4_1)
   0.25    2.49 ^ _14299_/Y (sky130_fd_sc_hd__nor4b_1)
   0.19    2.68 v _14308_/Y (sky130_fd_sc_hd__nand4b_1)
   1.15    3.83 ^ _14385_/Y (sky130_fd_sc_hd__nor2_1)
   0.96    4.79 v _14386_/Y (sky130_fd_sc_hd__clkinv_1)
   1.59    6.38 ^ _14522_/Y (sky130_fd_sc_hd__a21oi_1)
   0.07    6.45 v _14566_/Y (sky130_fd_sc_hd__a21oi_1)
   0.00    6.45 v hwlp_target_o[7] (out)
           6.45   data arrival time

   5.00    5.00   clock clk (rise edge)
   0.00    5.00   clock network delay (ideal)
   0.00    5.00   clock reconvergence pessimism
  -0.50    4.50   output external delay
           4.50   data required time
---------------------------------------------------------
           4.50   data required time
          -6.45   data arrival time
---------------------------------------------------------
          -1.95   slack (VIOLATED)


Startpoint: _16015_ (rising edge-triggered flip-flop clocked by clk)
Endpoint: hwlp_target_o[8] (output port clocked by clk)
Path Group: reg2out
Path Type: max

  Delay    Time   Description
---------------------------------------------------------
   0.00    0.00   clock clk (rise edge)
   0.00    0.00   clock network delay (ideal)
   0.00    0.00 ^ _16015_/CLK (sky130_fd_sc_hd__dfrtp_1)
   0.37    0.37 v _16015_/Q (sky130_fd_sc_hd__dfrtp_1)
   0.18    0.55 v _13964_/X (sky130_fd_sc_hd__xor2_1)
   0.20    0.75 ^ _14285_/Y (sky130_fd_sc_hd__nor3_1)
   0.13    0.88 v _14288_/Y (sky130_fd_sc_hd__o2111ai_1)
   0.40    1.28 v _14289_/X (sky130_fd_sc_hd__or4_1)
   0.18    1.46 ^ _14292_/Y (sky130_fd_sc_hd__nor3_1)
   0.11    1.56 v _14295_/Y (sky130_fd_sc_hd__nand4_1)
   0.17    1.73 ^ _14296_/Y (sky130_fd_sc_hd__nor4_1)
   0.11    1.85 v _14297_/Y (sky130_fd_sc_hd__nand4_1)
   0.39    2.24 v _14298_/X (sky130_fd_sc_hd__or4_1)
   0.25    2.49 ^ _14299_/Y (sky130_fd_sc_hd__nor4b_1)
   0.19    2.68 v _14308_/Y (sky130_fd_sc_hd__nand4b_1)
   1.15    3.83 ^ _14385_/Y (sky130_fd_sc_hd__nor2_1)
   0.96    4.79 v _14386_/Y (sky130_fd_sc_hd__clkinv_1)
   1.59    6.38 ^ _14522_/Y (sky130_fd_sc_hd__a21oi_1)
   0.07    6.45 v _14572_/Y (sky130_fd_sc_hd__a21oi_1)
   0.00    6.45 v hwlp_target_o[8] (out)
           6.45   data arrival time

   5.00    5.00   clock clk (rise edge)
   0.00    5.00   clock network delay (ideal)
   0.00    5.00   clock reconvergence pessimism
  -0.50    4.50   output external delay
           4.50   data required time
---------------------------------------------------------
           4.50   data required time
          -6.45   data arrival time
---------------------------------------------------------
          -1.95   slack (VIOLATED)


Startpoint: _16015_ (rising edge-triggered flip-flop clocked by clk)
Endpoint: hwlp_target_o[9] (output port clocked by clk)
Path Group: reg2out
Path Type: max

  Delay    Time   Description
---------------------------------------------------------
   0.00    0.00   clock clk (rise edge)
   0.00    0.00   clock network delay (ideal)
   0.00    0.00 ^ _16015_/CLK (sky130_fd_sc_hd__dfrtp_1)
   0.37    0.37 v _16015_/Q (sky130_fd_sc_hd__dfrtp_1)
   0.18    0.55 v _13964_/X (sky130_fd_sc_hd__xor2_1)
   0.20    0.75 ^ _14285_/Y (sky130_fd_sc_hd__nor3_1)
   0.13    0.88 v _14288_/Y (sky130_fd_sc_hd__o2111ai_1)
   0.40    1.28 v _14289_/X (sky130_fd_sc_hd__or4_1)
   0.18    1.46 ^ _14292_/Y (sky130_fd_sc_hd__nor3_1)
   0.11    1.56 v _14295_/Y (sky130_fd_sc_hd__nand4_1)
   0.17    1.73 ^ _14296_/Y (sky130_fd_sc_hd__nor4_1)
   0.11    1.85 v _14297_/Y (sky130_fd_sc_hd__nand4_1)
   0.39    2.24 v _14298_/X (sky130_fd_sc_hd__or4_1)
   0.25    2.49 ^ _14299_/Y (sky130_fd_sc_hd__nor4b_1)
   0.19    2.68 v _14308_/Y (sky130_fd_sc_hd__nand4b_1)
   1.15    3.83 ^ _14385_/Y (sky130_fd_sc_hd__nor2_1)
   0.96    4.79 v _14386_/Y (sky130_fd_sc_hd__clkinv_1)
   1.59    6.38 ^ _14522_/Y (sky130_fd_sc_hd__a21oi_1)
   0.07    6.45 v _14578_/Y (sky130_fd_sc_hd__a21oi_1)
   0.00    6.45 v hwlp_target_o[9] (out)
           6.45   data arrival time

   5.00    5.00   clock clk (rise edge)
   0.00    5.00   clock network delay (ideal)
   0.00    5.00   clock reconvergence pessimism
  -0.50    4.50   output external delay
           4.50   data required time
---------------------------------------------------------
           4.50   data required time
          -6.45   data arrival time
---------------------------------------------------------
          -1.95   slack (VIOLATED)


Startpoint: _22719_ (rising edge-triggered flip-flop clocked by clk)
Endpoint: jump_target_o[31] (output port clocked by clk)
Path Group: reg2out
Path Type: max

  Delay    Time   Description
---------------------------------------------------------
   0.00    0.00   clock clk (rise edge)
   0.00    0.00   clock network delay (ideal)
   0.00    0.00 ^ _22719_/CLK (sky130_fd_sc_hd__dfrtp_1)
   0.37    0.37 v _22719_/Q (sky130_fd_sc_hd__dfrtp_1)
   0.47    0.83 v _18583_/X (sky130_fd_sc_hd__mux4_2)
   0.19    1.02 ^ _18586_/Y (sky130_fd_sc_hd__a22oi_1)
   0.13    1.16 v _18593_/Y (sky130_fd_sc_hd__o211ai_1)
   0.12    1.28 ^ _18594_/Y (sky130_fd_sc_hd__o21ai_0)
   0.13    1.41 v _18596_/Y (sky130_fd_sc_hd__a211oi_1)
   0.19    1.60 v _10679_/Y (sky130_fd_sc_hd__xnor2_1)
   0.32    1.92 ^ _10680_/Y (sky130_fd_sc_hd__o21ai_0)
   0.22    2.15 ^ _10684_/X (sky130_fd_sc_hd__a221o_1)
   0.11    2.26 v _10687_/Y (sky130_fd_sc_hd__a311oi_1)
   0.44    2.70 ^ _10690_/Y (sky130_fd_sc_hd__o311ai_0)
   0.20    2.91 v _10693_/Y (sky130_fd_sc_hd__a311oi_1)
   0.45    3.36 ^ _10696_/Y (sky130_fd_sc_hd__o311ai_0)
   0.14    3.50 v _10700_/Y (sky130_fd_sc_hd__nand4_1)
   0.31    3.81 ^ _10706_/Y (sky130_fd_sc_hd__o21ai_0)
   0.18    3.98 v _10714_/Y (sky130_fd_sc_hd__nand4_1)
   0.22    4.20 ^ _10724_/Y (sky130_fd_sc_hd__a21oi_1)
   0.17    4.37 v _10734_/Y (sky130_fd_sc_hd__o2111ai_1)
   0.20    4.57 v _10738_/X (sky130_fd_sc_hd__a21o_1)
   0.25    4.82 ^ _10740_/Y (sky130_fd_sc_hd__a21boi_0)
   0.22    5.04 ^ _11036_/X (sky130_fd_sc_hd__and3b_1)
   0.07    5.11 v _11038_/Y (sky130_fd_sc_hd__o31ai_1)
   0.15    5.26 ^ _11042_/Y (sky130_fd_sc_hd__o21ai_0)
   0.00    5.26 ^ jump_target_o[31] (out)
           5.26   data arrival time

   5.00    5.00   clock clk (rise edge)
   0.00    5.00   clock network delay (ideal)
   0.00    5.00   clock reconvergence pessimism
  -0.50    4.50   output external delay
           4.50   data required time
---------------------------------------------------------
           4.50   data required time
          -5.26   data arrival time
---------------------------------------------------------
          -0.76   slack (VIOLATED)


Startpoint: _22719_ (rising edge-triggered flip-flop clocked by clk)
Endpoint: jump_target_o[30] (output port clocked by clk)
Path Group: reg2out
Path Type: max

  Delay    Time   Description
---------------------------------------------------------
   0.00    0.00   clock clk (rise edge)
   0.00    0.00   clock network delay (ideal)
   0.00    0.00 ^ _22719_/CLK (sky130_fd_sc_hd__dfrtp_1)
   0.37    0.37 v _22719_/Q (sky130_fd_sc_hd__dfrtp_1)
   0.47    0.83 v _18583_/X (sky130_fd_sc_hd__mux4_2)
   0.19    1.02 ^ _18586_/Y (sky130_fd_sc_hd__a22oi_1)
   0.13    1.16 v _18593_/Y (sky130_fd_sc_hd__o211ai_1)
   0.12    1.28 ^ _18594_/Y (sky130_fd_sc_hd__o21ai_0)
   0.13    1.41 v _18596_/Y (sky130_fd_sc_hd__a211oi_1)
   0.19    1.60 v _10679_/Y (sky130_fd_sc_hd__xnor2_1)
   0.32    1.92 ^ _10680_/Y (sky130_fd_sc_hd__o21ai_0)
   0.22    2.15 ^ _10684_/X (sky130_fd_sc_hd__a221o_1)
   0.11    2.26 v _10687_/Y (sky130_fd_sc_hd__a311oi_1)
   0.44    2.70 ^ _10690_/Y (sky130_fd_sc_hd__o311ai_0)
   0.20    2.91 v _10693_/Y (sky130_fd_sc_hd__a311oi_1)
   0.45    3.36 ^ _10696_/Y (sky130_fd_sc_hd__o311ai_0)
   0.14    3.50 v _10700_/Y (sky130_fd_sc_hd__nand4_1)
   0.31    3.81 ^ _10706_/Y (sky130_fd_sc_hd__o21ai_0)
   0.18    3.98 v _10714_/Y (sky130_fd_sc_hd__nand4_1)
   0.22    4.20 ^ _10724_/Y (sky130_fd_sc_hd__a21oi_1)
   0.17    4.37 v _10734_/Y (sky130_fd_sc_hd__o2111ai_1)
   0.20    4.57 v _10738_/X (sky130_fd_sc_hd__a21o_1)
   0.25    4.82 ^ _10740_/Y (sky130_fd_sc_hd__a21boi_0)
   0.11    4.94 v _10741_/Y (sky130_fd_sc_hd__o21ai_0)
   0.26    5.20 v _10803_/X (sky130_fd_sc_hd__a211o_1)
   0.00    5.20 v jump_target_o[30] (out)
           5.20   data arrival time

   5.00    5.00   clock clk (rise edge)
   0.00    5.00   clock network delay (ideal)
   0.00    5.00   clock reconvergence pessimism
  -0.50    4.50   output external delay
           4.50   data required time
---------------------------------------------------------
           4.50   data required time
          -5.20   data arrival time
---------------------------------------------------------
          -0.70   slack (VIOLATED)


Startpoint: _22719_ (rising edge-triggered flip-flop clocked by clk)
Endpoint: jump_target_o[27] (output port clocked by clk)
Path Group: reg2out
Path Type: max

  Delay    Time   Description
---------------------------------------------------------
   0.00    0.00   clock clk (rise edge)
   0.00    0.00   clock network delay (ideal)
   0.00    0.00 ^ _22719_/CLK (sky130_fd_sc_hd__dfrtp_1)
   0.37    0.37 v _22719_/Q (sky130_fd_sc_hd__dfrtp_1)
   0.47    0.83 v _18583_/X (sky130_fd_sc_hd__mux4_2)
   0.19    1.02 ^ _18586_/Y (sky130_fd_sc_hd__a22oi_1)
   0.13    1.16 v _18593_/Y (sky130_fd_sc_hd__o211ai_1)
   0.12    1.28 ^ _18594_/Y (sky130_fd_sc_hd__o21ai_0)
   0.13    1.41 v _18596_/Y (sky130_fd_sc_hd__a211oi_1)
   0.19    1.60 v _10679_/Y (sky130_fd_sc_hd__xnor2_1)
   0.32    1.92 ^ _10680_/Y (sky130_fd_sc_hd__o21ai_0)
   0.22    2.15 ^ _10684_/X (sky130_fd_sc_hd__a221o_1)
   0.11    2.26 v _10687_/Y (sky130_fd_sc_hd__a311oi_1)
   0.44    2.70 ^ _10690_/Y (sky130_fd_sc_hd__o311ai_0)
   0.20    2.91 v _10693_/Y (sky130_fd_sc_hd__a311oi_1)
   0.45    3.36 ^ _10696_/Y (sky130_fd_sc_hd__o311ai_0)
   0.14    3.50 v _10700_/Y (sky130_fd_sc_hd__nand4_1)
   0.31    3.81 ^ _10706_/Y (sky130_fd_sc_hd__o21ai_0)
   0.18    3.98 v _10714_/Y (sky130_fd_sc_hd__nand4_1)
   0.22    4.20 ^ _10724_/Y (sky130_fd_sc_hd__a21oi_1)
   0.16    4.36 v _10728_/Y (sky130_fd_sc_hd__o21ai_0)
   0.18    4.54 v _10730_/Y (sky130_fd_sc_hd__nand2b_1)
   0.17    4.71 ^ _10823_/Y (sky130_fd_sc_hd__a21oi_1)
   0.07    4.78 v _10824_/Y (sky130_fd_sc_hd__a21oi_1)
   0.16    4.94 v _10825_/Y (sky130_fd_sc_hd__xnor2_1)
   0.17    5.11 ^ _10832_/Y (sky130_fd_sc_hd__o221ai_1)
   0.00    5.11 ^ jump_target_o[27] (out)
           5.11   data arrival time

   5.00    5.00   clock clk (rise edge)
   0.00    5.00   clock network delay (ideal)
   0.00    5.00   clock reconvergence pessimism
  -0.50    4.50   output external delay
           4.50   data required time
---------------------------------------------------------
           4.50   data required time
          -5.11   data arrival time
---------------------------------------------------------
          -0.61   slack (VIOLATED)


Startpoint: _22719_ (rising edge-triggered flip-flop clocked by clk)
Endpoint: jump_target_o[23] (output port clocked by clk)
Path Group: reg2out
Path Type: max

  Delay    Time   Description
---------------------------------------------------------
   0.00    0.00   clock clk (rise edge)
   0.00    0.00   clock network delay (ideal)
   0.00    0.00 ^ _22719_/CLK (sky130_fd_sc_hd__dfrtp_1)
   0.37    0.37 v _22719_/Q (sky130_fd_sc_hd__dfrtp_1)
   0.47    0.83 v _18583_/X (sky130_fd_sc_hd__mux4_2)
   0.19    1.02 ^ _18586_/Y (sky130_fd_sc_hd__a22oi_1)
   0.13    1.16 v _18593_/Y (sky130_fd_sc_hd__o211ai_1)
   0.12    1.28 ^ _18594_/Y (sky130_fd_sc_hd__o21ai_0)
   0.13    1.41 v _18596_/Y (sky130_fd_sc_hd__a211oi_1)
   0.19    1.60 v _10679_/Y (sky130_fd_sc_hd__xnor2_1)
   0.32    1.92 ^ _10680_/Y (sky130_fd_sc_hd__o21ai_0)
   0.22    2.15 ^ _10684_/X (sky130_fd_sc_hd__a221o_1)
   0.11    2.26 v _10687_/Y (sky130_fd_sc_hd__a311oi_1)
   0.44    2.70 ^ _10690_/Y (sky130_fd_sc_hd__o311ai_0)
   0.20    2.91 v _10693_/Y (sky130_fd_sc_hd__a311oi_1)
   0.45    3.36 ^ _10696_/Y (sky130_fd_sc_hd__o311ai_0)
   0.14    3.50 v _10700_/Y (sky130_fd_sc_hd__nand4_1)
   0.31    3.81 ^ _10706_/Y (sky130_fd_sc_hd__o21ai_0)
   0.18    3.98 v _10714_/Y (sky130_fd_sc_hd__nand4_1)
   0.20    4.19 ^ _10861_/Y (sky130_fd_sc_hd__a21oi_1)
   0.08    4.27 v _10862_/Y (sky130_fd_sc_hd__a21oi_1)
   0.25    4.53 ^ _10863_/Y (sky130_fd_sc_hd__a21oi_1)
   0.23    4.75 ^ _10864_/X (sky130_fd_sc_hd__maj3_1)
   0.12    4.88 ^ _10865_/Y (sky130_fd_sc_hd__xnor2_1)
   0.08    4.95 v _10866_/Y (sky130_fd_sc_hd__a22oi_1)
   0.12    5.07 ^ _10867_/Y (sky130_fd_sc_hd__o21ai_0)
   0.00    5.07 ^ jump_target_o[23] (out)
           5.07   data arrival time

   5.00    5.00   clock clk (rise edge)
   0.00    5.00   clock network delay (ideal)
   0.00    5.00   clock reconvergence pessimism
  -0.50    4.50   output external delay
           4.50   data required time
---------------------------------------------------------
           4.50   data required time
          -5.07   data arrival time
---------------------------------------------------------
          -0.57   slack (VIOLATED)


Startpoint: _22719_ (rising edge-triggered flip-flop clocked by clk)
Endpoint: jump_target_o[26] (output port clocked by clk)
Path Group: reg2out
Path Type: max

  Delay    Time   Description
---------------------------------------------------------
   0.00    0.00   clock clk (rise edge)
   0.00    0.00   clock network delay (ideal)
   0.00    0.00 ^ _22719_/CLK (sky130_fd_sc_hd__dfrtp_1)
   0.37    0.37 v _22719_/Q (sky130_fd_sc_hd__dfrtp_1)
   0.47    0.83 v _18583_/X (sky130_fd_sc_hd__mux4_2)
   0.19    1.02 ^ _18586_/Y (sky130_fd_sc_hd__a22oi_1)
   0.13    1.16 v _18593_/Y (sky130_fd_sc_hd__o211ai_1)
   0.12    1.28 ^ _18594_/Y (sky130_fd_sc_hd__o21ai_0)
   0.13    1.41 v _18596_/Y (sky130_fd_sc_hd__a211oi_1)
   0.19    1.60 v _10679_/Y (sky130_fd_sc_hd__xnor2_1)
   0.32    1.92 ^ _10680_/Y (sky130_fd_sc_hd__o21ai_0)
   0.22    2.15 ^ _10684_/X (sky130_fd_sc_hd__a221o_1)
   0.11    2.26 v _10687_/Y (sky130_fd_sc_hd__a311oi_1)
   0.44    2.70 ^ _10690_/Y (sky130_fd_sc_hd__o311ai_0)
   0.20    2.91 v _10693_/Y (sky130_fd_sc_hd__a311oi_1)
   0.45    3.36 ^ _10696_/Y (sky130_fd_sc_hd__o311ai_0)
   0.14    3.50 v _10700_/Y (sky130_fd_sc_hd__nand4_1)
   0.31    3.81 ^ _10706_/Y (sky130_fd_sc_hd__o21ai_0)
   0.18    3.98 v _10714_/Y (sky130_fd_sc_hd__nand4_1)
   0.22    4.20 ^ _10724_/Y (sky130_fd_sc_hd__a21oi_1)
   0.16    4.36 v _10728_/Y (sky130_fd_sc_hd__o21ai_0)
   0.18    4.54 v _10730_/Y (sky130_fd_sc_hd__nand2b_1)
   0.17    4.71 ^ _10823_/Y (sky130_fd_sc_hd__a21oi_1)
   0.07    4.78 v _10836_/Y (sky130_fd_sc_hd__nor3_1)
   0.14    4.93 ^ _10838_/Y (sky130_fd_sc_hd__a21oi_1)
   0.10    5.02 v _10839_/Y (sky130_fd_sc_hd__o21ai_0)
   0.00    5.02 v jump_target_o[26] (out)
           5.02   data arrival time

   5.00    5.00   clock clk (rise edge)
   0.00    5.00   clock network delay (ideal)
   0.00    5.00   clock reconvergence pessimism
  -0.50    4.50   output external delay
           4.50   data required time
---------------------------------------------------------
           4.50   data required time
          -5.02   data arrival time
---------------------------------------------------------
          -0.52   slack (VIOLATED)


Startpoint: _22719_ (rising edge-triggered flip-flop clocked by clk)
Endpoint: jump_target_o[29] (output port clocked by clk)
Path Group: reg2out
Path Type: max

  Delay    Time   Description
---------------------------------------------------------
   0.00    0.00   clock clk (rise edge)
   0.00    0.00   clock network delay (ideal)
   0.00    0.00 ^ _22719_/CLK (sky130_fd_sc_hd__dfrtp_1)
   0.37    0.37 v _22719_/Q (sky130_fd_sc_hd__dfrtp_1)
   0.47    0.83 v _18583_/X (sky130_fd_sc_hd__mux4_2)
   0.19    1.02 ^ _18586_/Y (sky130_fd_sc_hd__a22oi_1)
   0.13    1.16 v _18593_/Y (sky130_fd_sc_hd__o211ai_1)
   0.12    1.28 ^ _18594_/Y (sky130_fd_sc_hd__o21ai_0)
   0.13    1.41 v _18596_/Y (sky130_fd_sc_hd__a211oi_1)
   0.19    1.60 v _10679_/Y (sky130_fd_sc_hd__xnor2_1)
   0.32    1.92 ^ _10680_/Y (sky130_fd_sc_hd__o21ai_0)
   0.22    2.15 ^ _10684_/X (sky130_fd_sc_hd__a221o_1)
   0.11    2.26 v _10687_/Y (sky130_fd_sc_hd__a311oi_1)
   0.44    2.70 ^ _10690_/Y (sky130_fd_sc_hd__o311ai_0)
   0.20    2.91 v _10693_/Y (sky130_fd_sc_hd__a311oi_1)
   0.45    3.36 ^ _10696_/Y (sky130_fd_sc_hd__o311ai_0)
   0.14    3.50 v _10700_/Y (sky130_fd_sc_hd__nand4_1)
   0.31    3.81 ^ _10706_/Y (sky130_fd_sc_hd__o21ai_0)
   0.18    3.98 v _10714_/Y (sky130_fd_sc_hd__nand4_1)
   0.22    4.20 ^ _10724_/Y (sky130_fd_sc_hd__a21oi_1)
   0.17    4.37 v _10734_/Y (sky130_fd_sc_hd__o2111ai_1)
   0.20    4.57 v _10738_/X (sky130_fd_sc_hd__a21o_1)
   0.10    4.67 ^ _10739_/Y (sky130_fd_sc_hd__nand2_1)
   0.13    4.81 ^ _10807_/X (sky130_fd_sc_hd__xor2_1)
   0.08    4.89 v _10810_/Y (sky130_fd_sc_hd__o21ai_0)
   0.00    4.89 v jump_target_o[29] (out)
           4.89   data arrival time

   5.00    5.00   clock clk (rise edge)
   0.00    5.00   clock network delay (ideal)
   0.00    5.00   clock reconvergence pessimism
  -0.50    4.50   output external delay
           4.50   data required time
---------------------------------------------------------
           4.50   data required time
          -4.89   data arrival time
---------------------------------------------------------
          -0.39   slack (VIOLATED)


Startpoint: _22719_ (rising edge-triggered flip-flop clocked by clk)
Endpoint: jump_target_o[25] (output port clocked by clk)
Path Group: reg2out
Path Type: max

  Delay    Time   Description
---------------------------------------------------------
   0.00    0.00   clock clk (rise edge)
   0.00    0.00   clock network delay (ideal)
   0.00    0.00 ^ _22719_/CLK (sky130_fd_sc_hd__dfrtp_1)
   0.37    0.37 v _22719_/Q (sky130_fd_sc_hd__dfrtp_1)
   0.47    0.83 v _18583_/X (sky130_fd_sc_hd__mux4_2)
   0.19    1.02 ^ _18586_/Y (sky130_fd_sc_hd__a22oi_1)
   0.13    1.16 v _18593_/Y (sky130_fd_sc_hd__o211ai_1)
   0.12    1.28 ^ _18594_/Y (sky130_fd_sc_hd__o21ai_0)
   0.13    1.41 v _18596_/Y (sky130_fd_sc_hd__a211oi_1)
   0.19    1.60 v _10679_/Y (sky130_fd_sc_hd__xnor2_1)
   0.32    1.92 ^ _10680_/Y (sky130_fd_sc_hd__o21ai_0)
   0.22    2.15 ^ _10684_/X (sky130_fd_sc_hd__a221o_1)
   0.11    2.26 v _10687_/Y (sky130_fd_sc_hd__a311oi_1)
   0.44    2.70 ^ _10690_/Y (sky130_fd_sc_hd__o311ai_0)
   0.20    2.91 v _10693_/Y (sky130_fd_sc_hd__a311oi_1)
   0.45    3.36 ^ _10696_/Y (sky130_fd_sc_hd__o311ai_0)
   0.14    3.50 v _10700_/Y (sky130_fd_sc_hd__nand4_1)
   0.31    3.81 ^ _10706_/Y (sky130_fd_sc_hd__o21ai_0)
   0.18    3.98 v _10714_/Y (sky130_fd_sc_hd__nand4_1)
   0.22    4.20 ^ _10724_/Y (sky130_fd_sc_hd__a21oi_1)
   0.16    4.36 v _10728_/Y (sky130_fd_sc_hd__o21ai_0)
   0.11    4.47 ^ _10841_/Y (sky130_fd_sc_hd__nand2_1)
   0.15    4.62 ^ _10842_/X (sky130_fd_sc_hd__xor2_1)
   0.10    4.71 v _10844_/Y (sky130_fd_sc_hd__a22oi_1)
   0.11    4.83 ^ _10845_/Y (sky130_fd_sc_hd__o21ai_0)
   0.00    4.83 ^ jump_target_o[25] (out)
           4.83   data arrival time

   5.00    5.00   clock clk (rise edge)
   0.00    5.00   clock network delay (ideal)
   0.00    5.00   clock reconvergence pessimism
  -0.50    4.50   output external delay
           4.50   data required time
---------------------------------------------------------
           4.50   data required time
          -4.83   data arrival time
---------------------------------------------------------
          -0.33   slack (VIOLATED)


Startpoint: _22719_ (rising edge-triggered flip-flop clocked by clk)
Endpoint: jump_target_o[22] (output port clocked by clk)
Path Group: reg2out
Path Type: max

  Delay    Time   Description
---------------------------------------------------------
   0.00    0.00   clock clk (rise edge)
   0.00    0.00   clock network delay (ideal)
   0.00    0.00 ^ _22719_/CLK (sky130_fd_sc_hd__dfrtp_1)
   0.37    0.37 v _22719_/Q (sky130_fd_sc_hd__dfrtp_1)
   0.47    0.83 v _18583_/X (sky130_fd_sc_hd__mux4_2)
   0.19    1.02 ^ _18586_/Y (sky130_fd_sc_hd__a22oi_1)
   0.13    1.16 v _18593_/Y (sky130_fd_sc_hd__o211ai_1)
   0.12    1.28 ^ _18594_/Y (sky130_fd_sc_hd__o21ai_0)
   0.13    1.41 v _18596_/Y (sky130_fd_sc_hd__a211oi_1)
   0.19    1.60 v _10679_/Y (sky130_fd_sc_hd__xnor2_1)
   0.32    1.92 ^ _10680_/Y (sky130_fd_sc_hd__o21ai_0)
   0.22    2.15 ^ _10684_/X (sky130_fd_sc_hd__a221o_1)
   0.11    2.26 v _10687_/Y (sky130_fd_sc_hd__a311oi_1)
   0.44    2.70 ^ _10690_/Y (sky130_fd_sc_hd__o311ai_0)
   0.20    2.91 v _10693_/Y (sky130_fd_sc_hd__a311oi_1)
   0.45    3.36 ^ _10696_/Y (sky130_fd_sc_hd__o311ai_0)
   0.14    3.50 v _10700_/Y (sky130_fd_sc_hd__nand4_1)
   0.31    3.81 ^ _10706_/Y (sky130_fd_sc_hd__o21ai_0)
   0.18    3.98 v _10714_/Y (sky130_fd_sc_hd__nand4_1)
   0.20    4.19 ^ _10861_/Y (sky130_fd_sc_hd__a21oi_1)
   0.08    4.27 v _10862_/Y (sky130_fd_sc_hd__a21oi_1)
   0.25    4.53 ^ _10863_/Y (sky130_fd_sc_hd__a21oi_1)
   0.17    4.70 ^ _10872_/X (sky130_fd_sc_hd__xor2_1)
   0.10    4.79 v _10873_/Y (sky130_fd_sc_hd__o211ai_1)
   0.00    4.79 v jump_target_o[22] (out)
           4.79   data arrival time

   5.00    5.00   clock clk (rise edge)
   0.00    5.00   clock network delay (ideal)
   0.00    5.00   clock reconvergence pessimism
  -0.50    4.50   output external delay
           4.50   data required time
---------------------------------------------------------
           4.50   data required time
          -4.79   data arrival time
---------------------------------------------------------
          -0.29   slack (VIOLATED)


Startpoint: _22719_ (rising edge-triggered flip-flop clocked by clk)
Endpoint: jump_target_o[28] (output port clocked by clk)
Path Group: reg2out
Path Type: max

  Delay    Time   Description
---------------------------------------------------------
   0.00    0.00   clock clk (rise edge)
   0.00    0.00   clock network delay (ideal)
   0.00    0.00 ^ _22719_/CLK (sky130_fd_sc_hd__dfrtp_1)
   0.37    0.37 v _22719_/Q (sky130_fd_sc_hd__dfrtp_1)
   0.47    0.83 v _18583_/X (sky130_fd_sc_hd__mux4_2)
   0.19    1.02 ^ _18586_/Y (sky130_fd_sc_hd__a22oi_1)
   0.13    1.16 v _18593_/Y (sky130_fd_sc_hd__o211ai_1)
   0.12    1.28 ^ _18594_/Y (sky130_fd_sc_hd__o21ai_0)
   0.13    1.41 v _18596_/Y (sky130_fd_sc_hd__a211oi_1)
   0.19    1.60 v _10679_/Y (sky130_fd_sc_hd__xnor2_1)
   0.32    1.92 ^ _10680_/Y (sky130_fd_sc_hd__o21ai_0)
   0.22    2.15 ^ _10684_/X (sky130_fd_sc_hd__a221o_1)
   0.11    2.26 v _10687_/Y (sky130_fd_sc_hd__a311oi_1)
   0.44    2.70 ^ _10690_/Y (sky130_fd_sc_hd__o311ai_0)
   0.20    2.91 v _10693_/Y (sky130_fd_sc_hd__a311oi_1)
   0.45    3.36 ^ _10696_/Y (sky130_fd_sc_hd__o311ai_0)
   0.14    3.50 v _10700_/Y (sky130_fd_sc_hd__nand4_1)
   0.31    3.81 ^ _10706_/Y (sky130_fd_sc_hd__o21ai_0)
   0.18    3.98 v _10714_/Y (sky130_fd_sc_hd__nand4_1)
   0.22    4.20 ^ _10724_/Y (sky130_fd_sc_hd__a21oi_1)
   0.17    4.37 v _10734_/Y (sky130_fd_sc_hd__o2111ai_1)
   0.20    4.57 v _10738_/X (sky130_fd_sc_hd__a21o_1)
   0.06    4.63 ^ _10813_/Y (sky130_fd_sc_hd__nand2_1)
   0.07    4.70 v _10816_/Y (sky130_fd_sc_hd__o21ai_0)
   0.00    4.70 v jump_target_o[28] (out)
           4.70   data arrival time

   5.00    5.00   clock clk (rise edge)
   0.00    5.00   clock network delay (ideal)
   0.00    5.00   clock reconvergence pessimism
  -0.50    4.50   output external delay
           4.50   data required time
---------------------------------------------------------
           4.50   data required time
          -4.70   data arrival time
---------------------------------------------------------
          -0.20   slack (VIOLATED)


Startpoint: _22719_ (rising edge-triggered flip-flop clocked by clk)
Endpoint: jump_target_o[19] (output port clocked by clk)
Path Group: reg2out
Path Type: max

  Delay    Time   Description
---------------------------------------------------------
   0.00    0.00   clock clk (rise edge)
   0.00    0.00   clock network delay (ideal)
   0.00    0.00 ^ _22719_/CLK (sky130_fd_sc_hd__dfrtp_1)
   0.37    0.37 v _22719_/Q (sky130_fd_sc_hd__dfrtp_1)
   0.47    0.83 v _18583_/X (sky130_fd_sc_hd__mux4_2)
   0.19    1.02 ^ _18586_/Y (sky130_fd_sc_hd__a22oi_1)
   0.13    1.16 v _18593_/Y (sky130_fd_sc_hd__o211ai_1)
   0.12    1.28 ^ _18594_/Y (sky130_fd_sc_hd__o21ai_0)
   0.13    1.41 v _18596_/Y (sky130_fd_sc_hd__a211oi_1)
   0.19    1.60 v _10679_/Y (sky130_fd_sc_hd__xnor2_1)
   0.32    1.92 ^ _10680_/Y (sky130_fd_sc_hd__o21ai_0)
   0.22    2.15 ^ _10684_/X (sky130_fd_sc_hd__a221o_1)
   0.11    2.26 v _10687_/Y (sky130_fd_sc_hd__a311oi_1)
   0.44    2.70 ^ _10690_/Y (sky130_fd_sc_hd__o311ai_0)
   0.20    2.91 v _10693_/Y (sky130_fd_sc_hd__a311oi_1)
   0.45    3.36 ^ _10696_/Y (sky130_fd_sc_hd__o311ai_0)
   0.14    3.50 v _10700_/Y (sky130_fd_sc_hd__nand4_1)
   0.31    3.81 ^ _10706_/Y (sky130_fd_sc_hd__o21ai_0)
   0.20    4.01 ^ _10708_/X (sky130_fd_sc_hd__and2_0)
   0.07    4.08 v _10710_/Y (sky130_fd_sc_hd__nand2_1)
   0.13    4.22 ^ _10887_/Y (sky130_fd_sc_hd__a21oi_1)
   0.06    4.28 v _10888_/Y (sky130_fd_sc_hd__a21oi_1)
   0.16    4.43 ^ _10889_/Y (sky130_fd_sc_hd__a21oi_1)
   0.11    4.55 v _10890_/Y (sky130_fd_sc_hd__o21ai_0)
   0.10    4.65 ^ _10895_/Y (sky130_fd_sc_hd__o211ai_1)
   0.00    4.65 ^ jump_target_o[19] (out)
           4.65   data arrival time

   5.00    5.00   clock clk (rise edge)
   0.00    5.00   clock network delay (ideal)
   0.00    5.00   clock reconvergence pessimism
  -0.50    4.50   output external delay
           4.50   data required time
---------------------------------------------------------
           4.50   data required time
          -4.65   data arrival time
---------------------------------------------------------
          -0.15   slack (VIOLATED)


Startpoint: _22719_ (rising edge-triggered flip-flop clocked by clk)
Endpoint: jump_target_o[21] (output port clocked by clk)
Path Group: reg2out
Path Type: max

  Delay    Time   Description
---------------------------------------------------------
   0.00    0.00   clock clk (rise edge)
   0.00    0.00   clock network delay (ideal)
   0.00    0.00 ^ _22719_/CLK (sky130_fd_sc_hd__dfrtp_1)
   0.37    0.37 v _22719_/Q (sky130_fd_sc_hd__dfrtp_1)
   0.47    0.83 v _18583_/X (sky130_fd_sc_hd__mux4_2)
   0.19    1.02 ^ _18586_/Y (sky130_fd_sc_hd__a22oi_1)
   0.13    1.16 v _18593_/Y (sky130_fd_sc_hd__o211ai_1)
   0.12    1.28 ^ _18594_/Y (sky130_fd_sc_hd__o21ai_0)
   0.13    1.41 v _18596_/Y (sky130_fd_sc_hd__a211oi_1)
   0.19    1.60 v _10679_/Y (sky130_fd_sc_hd__xnor2_1)
   0.32    1.92 ^ _10680_/Y (sky130_fd_sc_hd__o21ai_0)
   0.22    2.15 ^ _10684_/X (sky130_fd_sc_hd__a221o_1)
   0.11    2.26 v _10687_/Y (sky130_fd_sc_hd__a311oi_1)
   0.44    2.70 ^ _10690_/Y (sky130_fd_sc_hd__o311ai_0)
   0.20    2.91 v _10693_/Y (sky130_fd_sc_hd__a311oi_1)
   0.45    3.36 ^ _10696_/Y (sky130_fd_sc_hd__o311ai_0)
   0.14    3.50 v _10700_/Y (sky130_fd_sc_hd__nand4_1)
   0.31    3.81 ^ _10706_/Y (sky130_fd_sc_hd__o21ai_0)
   0.18    3.98 v _10714_/Y (sky130_fd_sc_hd__nand4_1)
   0.20    4.19 ^ _10861_/Y (sky130_fd_sc_hd__a21oi_1)
   0.08    4.27 v _10862_/Y (sky130_fd_sc_hd__a21oi_1)
   0.17    4.44 v _10874_/Y (sky130_fd_sc_hd__xnor2_1)
   0.17    4.61 ^ _10878_/Y (sky130_fd_sc_hd__o221ai_1)
   0.00    4.61 ^ jump_target_o[21] (out)
           4.61   data arrival time

   5.00    5.00   clock clk (rise edge)
   0.00    5.00   clock network delay (ideal)
   0.00    5.00   clock reconvergence pessimism
  -0.50    4.50   output external delay
           4.50   data required time
---------------------------------------------------------
           4.50   data required time
          -4.61   data arrival time
---------------------------------------------------------
          -0.11   slack (VIOLATED)


Startpoint: _22719_ (rising edge-triggered flip-flop clocked by clk)
Endpoint: jump_target_o[24] (output port clocked by clk)
Path Group: reg2out
Path Type: max

  Delay    Time   Description
---------------------------------------------------------
   0.00    0.00   clock clk (rise edge)
   0.00    0.00   clock network delay (ideal)
   0.00    0.00 ^ _22719_/CLK (sky130_fd_sc_hd__dfrtp_1)
   0.37    0.37 v _22719_/Q (sky130_fd_sc_hd__dfrtp_1)
   0.47    0.83 v _18583_/X (sky130_fd_sc_hd__mux4_2)
   0.19    1.02 ^ _18586_/Y (sky130_fd_sc_hd__a22oi_1)
   0.13    1.16 v _18593_/Y (sky130_fd_sc_hd__o211ai_1)
   0.12    1.28 ^ _18594_/Y (sky130_fd_sc_hd__o21ai_0)
   0.13    1.41 v _18596_/Y (sky130_fd_sc_hd__a211oi_1)
   0.19    1.60 v _10679_/Y (sky130_fd_sc_hd__xnor2_1)
   0.32    1.92 ^ _10680_/Y (sky130_fd_sc_hd__o21ai_0)
   0.22    2.15 ^ _10684_/X (sky130_fd_sc_hd__a221o_1)
   0.11    2.26 v _10687_/Y (sky130_fd_sc_hd__a311oi_1)
   0.44    2.70 ^ _10690_/Y (sky130_fd_sc_hd__o311ai_0)
   0.20    2.91 v _10693_/Y (sky130_fd_sc_hd__a311oi_1)
   0.45    3.36 ^ _10696_/Y (sky130_fd_sc_hd__o311ai_0)
   0.14    3.50 v _10700_/Y (sky130_fd_sc_hd__nand4_1)
   0.31    3.81 ^ _10706_/Y (sky130_fd_sc_hd__o21ai_0)
   0.18    3.98 v _10714_/Y (sky130_fd_sc_hd__nand4_1)
   0.22    4.20 ^ _10724_/Y (sky130_fd_sc_hd__a21oi_1)
   0.16    4.36 v _10728_/Y (sky130_fd_sc_hd__o21ai_0)
   0.11    4.47 ^ _10851_/Y (sky130_fd_sc_hd__nand3_1)
   0.09    4.56 v _10852_/Y (sky130_fd_sc_hd__nand3_1)
   0.00    4.56 v jump_target_o[24] (out)
           4.56   data arrival time

   5.00    5.00   clock clk (rise edge)
   0.00    5.00   clock network delay (ideal)
   0.00    5.00   clock reconvergence pessimism
  -0.50    4.50   output external delay
           4.50   data required time
---------------------------------------------------------
           4.50   data required time
          -4.56   data arrival time
---------------------------------------------------------
          -0.06   slack (VIOLATED)


Startpoint: _22719_ (rising edge-triggered flip-flop clocked by clk)
Endpoint: jump_target_o[20] (output port clocked by clk)
Path Group: reg2out
Path Type: max

  Delay    Time   Description
---------------------------------------------------------
   0.00    0.00   clock clk (rise edge)
   0.00    0.00   clock network delay (ideal)
   0.00    0.00 ^ _22719_/CLK (sky130_fd_sc_hd__dfrtp_1)
   0.37    0.37 v _22719_/Q (sky130_fd_sc_hd__dfrtp_1)
   0.47    0.83 v _18583_/X (sky130_fd_sc_hd__mux4_2)
   0.19    1.02 ^ _18586_/Y (sky130_fd_sc_hd__a22oi_1)
   0.13    1.16 v _18593_/Y (sky130_fd_sc_hd__o211ai_1)
   0.12    1.28 ^ _18594_/Y (sky130_fd_sc_hd__o21ai_0)
   0.13    1.41 v _18596_/Y (sky130_fd_sc_hd__a211oi_1)
   0.19    1.60 v _10679_/Y (sky130_fd_sc_hd__xnor2_1)
   0.32    1.92 ^ _10680_/Y (sky130_fd_sc_hd__o21ai_0)
   0.22    2.15 ^ _10684_/X (sky130_fd_sc_hd__a221o_1)
   0.11    2.26 v _10687_/Y (sky130_fd_sc_hd__a311oi_1)
   0.44    2.70 ^ _10690_/Y (sky130_fd_sc_hd__o311ai_0)
   0.20    2.91 v _10693_/Y (sky130_fd_sc_hd__a311oi_1)
   0.45    3.36 ^ _10696_/Y (sky130_fd_sc_hd__o311ai_0)
   0.14    3.50 v _10700_/Y (sky130_fd_sc_hd__nand4_1)
   0.31    3.81 ^ _10706_/Y (sky130_fd_sc_hd__o21ai_0)
   0.18    3.98 v _10714_/Y (sky130_fd_sc_hd__nand4_1)
   0.19    4.17 v _10881_/X (sky130_fd_sc_hd__and3_1)
   0.27    4.45 v _10882_/X (sky130_fd_sc_hd__o32a_1)
   0.07    4.52 ^ _10883_/Y (sky130_fd_sc_hd__o21ai_0)
   0.00    4.52 ^ jump_target_o[20] (out)
           4.52   data arrival time

   5.00    5.00   clock clk (rise edge)
   0.00    5.00   clock network delay (ideal)
   0.00    5.00   clock reconvergence pessimism
  -0.50    4.50   output external delay
           4.50   data required time
---------------------------------------------------------
           4.50   data required time
          -4.52   data arrival time
---------------------------------------------------------
          -0.02   slack (VIOLATED)


Startpoint: _22719_ (rising edge-triggered flip-flop clocked by clk)
Endpoint: jump_target_o[18] (output port clocked by clk)
Path Group: reg2out
Path Type: max

  Delay    Time   Description
---------------------------------------------------------
   0.00    0.00   clock clk (rise edge)
   0.00    0.00   clock network delay (ideal)
   0.00    0.00 ^ _22719_/CLK (sky130_fd_sc_hd__dfrtp_1)
   0.37    0.37 v _22719_/Q (sky130_fd_sc_hd__dfrtp_1)
   0.47    0.83 v _18583_/X (sky130_fd_sc_hd__mux4_2)
   0.19    1.02 ^ _18586_/Y (sky130_fd_sc_hd__a22oi_1)
   0.13    1.16 v _18593_/Y (sky130_fd_sc_hd__o211ai_1)
   0.12    1.28 ^ _18594_/Y (sky130_fd_sc_hd__o21ai_0)
   0.13    1.41 v _18596_/Y (sky130_fd_sc_hd__a211oi_1)
   0.19    1.60 v _10679_/Y (sky130_fd_sc_hd__xnor2_1)
   0.32    1.92 ^ _10680_/Y (sky130_fd_sc_hd__o21ai_0)
   0.22    2.15 ^ _10684_/X (sky130_fd_sc_hd__a221o_1)
   0.11    2.26 v _10687_/Y (sky130_fd_sc_hd__a311oi_1)
   0.44    2.70 ^ _10690_/Y (sky130_fd_sc_hd__o311ai_0)
   0.20    2.91 v _10693_/Y (sky130_fd_sc_hd__a311oi_1)
   0.45    3.36 ^ _10696_/Y (sky130_fd_sc_hd__o311ai_0)
   0.14    3.50 v _10700_/Y (sky130_fd_sc_hd__nand4_1)
   0.31    3.81 ^ _10706_/Y (sky130_fd_sc_hd__o21ai_0)
   0.20    4.01 ^ _10708_/X (sky130_fd_sc_hd__and2_0)
   0.07    4.08 v _10710_/Y (sky130_fd_sc_hd__nand2_1)
   0.08    4.16 ^ _10886_/Y (sky130_fd_sc_hd__nand2_1)
   0.15    4.32 ^ _10900_/X (sky130_fd_sc_hd__xor2_1)
   0.10    4.41 v _10901_/Y (sky130_fd_sc_hd__o211ai_1)
   0.00    4.41 v jump_target_o[18] (out)
           4.41   data arrival time

   5.00    5.00   clock clk (rise edge)
   0.00    5.00   clock network delay (ideal)
   0.00    5.00   clock reconvergence pessimism
  -0.50    4.50   output external delay
           4.50   data required time
---------------------------------------------------------
           4.50   data required time
          -4.41   data arrival time
---------------------------------------------------------
           0.09   slack (MET)


Startpoint: _22719_ (rising edge-triggered flip-flop clocked by clk)
Endpoint: jump_target_o[17] (output port clocked by clk)
Path Group: reg2out
Path Type: max

  Delay    Time   Description
---------------------------------------------------------
   0.00    0.00   clock clk (rise edge)
   0.00    0.00   clock network delay (ideal)
   0.00    0.00 ^ _22719_/CLK (sky130_fd_sc_hd__dfrtp_1)
   0.37    0.37 v _22719_/Q (sky130_fd_sc_hd__dfrtp_1)
   0.47    0.83 v _18583_/X (sky130_fd_sc_hd__mux4_2)
   0.19    1.02 ^ _18586_/Y (sky130_fd_sc_hd__a22oi_1)
   0.13    1.16 v _18593_/Y (sky130_fd_sc_hd__o211ai_1)
   0.12    1.28 ^ _18594_/Y (sky130_fd_sc_hd__o21ai_0)
   0.13    1.41 v _18596_/Y (sky130_fd_sc_hd__a211oi_1)
   0.19    1.60 v _10679_/Y (sky130_fd_sc_hd__xnor2_1)
   0.32    1.92 ^ _10680_/Y (sky130_fd_sc_hd__o21ai_0)
   0.22    2.15 ^ _10684_/X (sky130_fd_sc_hd__a221o_1)
   0.11    2.26 v _10687_/Y (sky130_fd_sc_hd__a311oi_1)
   0.44    2.70 ^ _10690_/Y (sky130_fd_sc_hd__o311ai_0)
   0.20    2.91 v _10693_/Y (sky130_fd_sc_hd__a311oi_1)
   0.45    3.36 ^ _10696_/Y (sky130_fd_sc_hd__o311ai_0)
   0.14    3.50 v _10700_/Y (sky130_fd_sc_hd__nand4_1)
   0.31    3.81 ^ _10706_/Y (sky130_fd_sc_hd__o21ai_0)
   0.20    4.01 ^ _10708_/X (sky130_fd_sc_hd__and2_0)
   0.10    4.11 ^ _10902_/X (sky130_fd_sc_hd__a21o_1)
   0.06    4.17 v _10903_/Y (sky130_fd_sc_hd__a21oi_1)
   0.12    4.29 ^ _10904_/Y (sky130_fd_sc_hd__o21ai_0)
   0.11    4.40 v _10910_/Y (sky130_fd_sc_hd__o211ai_1)
   0.00    4.40 v jump_target_o[17] (out)
           4.40   data arrival time

   5.00    5.00   clock clk (rise edge)
   0.00    5.00   clock network delay (ideal)
   0.00    5.00   clock reconvergence pessimism
  -0.50    4.50   output external delay
           4.50   data required time
---------------------------------------------------------
           4.50   data required time
          -4.40   data arrival time
---------------------------------------------------------
           0.10   slack (MET)


Startpoint: _22719_ (rising edge-triggered flip-flop clocked by clk)
Endpoint: jump_target_o[15] (output port clocked by clk)
Path Group: reg2out
Path Type: max

  Delay    Time   Description
---------------------------------------------------------
   0.00    0.00   clock clk (rise edge)
   0.00    0.00   clock network delay (ideal)
   0.00    0.00 ^ _22719_/CLK (sky130_fd_sc_hd__dfrtp_1)
   0.37    0.37 v _22719_/Q (sky130_fd_sc_hd__dfrtp_1)
   0.47    0.83 v _18583_/X (sky130_fd_sc_hd__mux4_2)
   0.19    1.02 ^ _18586_/Y (sky130_fd_sc_hd__a22oi_1)
   0.13    1.16 v _18593_/Y (sky130_fd_sc_hd__o211ai_1)
   0.12    1.28 ^ _18594_/Y (sky130_fd_sc_hd__o21ai_0)
   0.13    1.41 v _18596_/Y (sky130_fd_sc_hd__a211oi_1)
   0.26    1.66 ^ _10679_/Y (sky130_fd_sc_hd__xnor2_1)
   0.17    1.83 v _10680_/Y (sky130_fd_sc_hd__o21ai_0)
   0.34    2.17 v _10684_/X (sky130_fd_sc_hd__a221o_1)
   0.35    2.52 ^ _10687_/Y (sky130_fd_sc_hd__a311oi_1)
   0.21    2.73 v _10690_/Y (sky130_fd_sc_hd__o311ai_0)
   0.41    3.14 ^ _10693_/Y (sky130_fd_sc_hd__a311oi_1)
   0.22    3.36 v _10696_/Y (sky130_fd_sc_hd__o311ai_0)
   0.26    3.61 v _10697_/X (sky130_fd_sc_hd__and3_1)
   0.15    3.77 v _10699_/X (sky130_fd_sc_hd__and2_0)
   0.20    3.96 v _10917_/X (sky130_fd_sc_hd__o21a_1)
   0.14    4.10 ^ _10918_/Y (sky130_fd_sc_hd__a21oi_1)
   0.16    4.27 ^ _10919_/X (sky130_fd_sc_hd__xor2_1)
   0.12    4.39 v _10925_/Y (sky130_fd_sc_hd__o221ai_1)
   0.00    4.39 v jump_target_o[15] (out)
           4.39   data arrival time

   5.00    5.00   clock clk (rise edge)
   0.00    5.00   clock network delay (ideal)
   0.00    5.00   clock reconvergence pessimism
  -0.50    4.50   output external delay
           4.50   data required time
---------------------------------------------------------
           4.50   data required time
          -4.39   data arrival time
---------------------------------------------------------
           0.11   slack (MET)


Startpoint: _22719_ (rising edge-triggered flip-flop clocked by clk)
Endpoint: jump_target_o[14] (output port clocked by clk)
Path Group: reg2out
Path Type: max

  Delay    Time   Description
---------------------------------------------------------
   0.00    0.00   clock clk (rise edge)
   0.00    0.00   clock network delay (ideal)
   0.00    0.00 ^ _22719_/CLK (sky130_fd_sc_hd__dfrtp_1)
   0.37    0.37 v _22719_/Q (sky130_fd_sc_hd__dfrtp_1)
   0.47    0.83 v _18583_/X (sky130_fd_sc_hd__mux4_2)
   0.19    1.02 ^ _18586_/Y (sky130_fd_sc_hd__a22oi_1)
   0.13    1.16 v _18593_/Y (sky130_fd_sc_hd__o211ai_1)
   0.12    1.28 ^ _18594_/Y (sky130_fd_sc_hd__o21ai_0)
   0.13    1.41 v _18596_/Y (sky130_fd_sc_hd__a211oi_1)
   0.26    1.66 ^ _10679_/Y (sky130_fd_sc_hd__xnor2_1)
   0.17    1.83 v _10680_/Y (sky130_fd_sc_hd__o21ai_0)
   0.34    2.17 v _10684_/X (sky130_fd_sc_hd__a221o_1)
   0.35    2.52 ^ _10687_/Y (sky130_fd_sc_hd__a311oi_1)
   0.21    2.73 v _10690_/Y (sky130_fd_sc_hd__o311ai_0)
   0.41    3.14 ^ _10693_/Y (sky130_fd_sc_hd__a311oi_1)
   0.22    3.36 v _10696_/Y (sky130_fd_sc_hd__o311ai_0)
   0.26    3.61 v _10697_/X (sky130_fd_sc_hd__and3_1)
   0.15    3.77 v _10699_/X (sky130_fd_sc_hd__and2_0)
   0.20    3.96 v _10917_/X (sky130_fd_sc_hd__o21a_1)
   0.22    4.19 ^ _10931_/Y (sky130_fd_sc_hd__o31ai_1)
   0.00    4.19 ^ jump_target_o[14] (out)
           4.19   data arrival time

   5.00    5.00   clock clk (rise edge)
   0.00    5.00   clock network delay (ideal)
   0.00    5.00   clock reconvergence pessimism
  -0.50    4.50   output external delay
           4.50   data required time
---------------------------------------------------------
           4.50   data required time
          -4.19   data arrival time
---------------------------------------------------------
           0.31   slack (MET)


