Start Point,End Point,WNS (ns)
_16015_/Q,hwlp_jump_o,-2.0943
_16015_/Q,hwlp_target_o[0],-2.0001
_16015_/Q,hwlp_target_o[10],-1.9533
_16015_/Q,hwlp_target_o[11],-1.9533
_16015_/Q,hwlp_target_o[12],-1.9533
_16015_/Q,hwlp_target_o[13],-1.9533
_16015_/Q,hwlp_target_o[14],-1.9533
_16015_/Q,hwlp_target_o[15],-1.9533
_16015_/Q,hwlp_target_o[16],-1.9533
_16015_/Q,hwlp_target_o[17],-1.9533
_16015_/Q,hwlp_target_o[18],-1.9533
_16015_/Q,hwlp_target_o[19],-1.9533
_16015_/Q,hwlp_target_o[1],-1.9533
_16015_/Q,hwlp_target_o[20],-1.9533
_16015_/Q,hwlp_target_o[21],-1.9533
_16015_/Q,hwlp_target_o[22],-1.9533
_16015_/Q,hwlp_target_o[23],-1.9533
_16015_/Q,hwlp_target_o[24],-1.9533
_16015_/Q,hwlp_target_o[25],-1.9533
_16015_/Q,hwlp_target_o[26],-1.9533
_16015_/Q,hwlp_target_o[27],-1.9533
_16015_/Q,hwlp_target_o[28],-1.9533
_16015_/Q,hwlp_target_o[29],-1.9533
_16015_/Q,hwlp_target_o[2],-1.9533
_16015_/Q,hwlp_target_o[30],-1.9533
_16015_/Q,hwlp_target_o[31],-1.9533
_16015_/Q,hwlp_target_o[3],-1.9533
_16015_/Q,hwlp_target_o[4],-1.9533
_16015_/Q,hwlp_target_o[5],-1.9533
_16015_/Q,hwlp_target_o[6],-1.9533
_16015_/Q,hwlp_target_o[7],-1.9533
_16015_/Q,hwlp_target_o[8],-1.9533
_16015_/Q,hwlp_target_o[9],-1.9533
_22719_/Q,jump_target_o[31],-0.7628
_22719_/Q,jump_target_o[30],-0.7009
_22719_/Q,jump_target_o[27],-0.6097
_22719_/Q,jump_target_o[23],-0.5702
_22719_/Q,jump_target_o[26],-0.5213
_22719_/Q,jump_target_o[29],-0.3895
_22719_/Q,jump_target_o[25],-0.3284
_22719_/Q,jump_target_o[22],-0.2919
_22719_/Q,jump_target_o[28],-0.1999
_22719_/Q,jump_target_o[19],-0.1514
_22719_/Q,jump_target_o[21],-0.1149
_22719_/Q,jump_target_o[24],-0.0605
_22719_/Q,jump_target_o[20],-0.0198
_22719_/Q,jump_target_o[18],0.0889
_22719_/Q,jump_target_o[17],0.1038
_22719_/Q,jump_target_o[15],0.1092
_22719_/Q,jump_target_o[14],0.3130
