Start Point,End Point,WNS (ns)
branch_i,instr_addr_o[13],2.6836
branch_i,instr_addr_o[9],2.6836
branch_i,instr_addr_o[19],2.6902
branch_i,instr_addr_o[10],2.6985
branch_i,instr_addr_o[18],2.6985
branch_i,instr_addr_o[23],2.6985
branch_i,instr_addr_o[7],2.7028
branch_i,instr_addr_o[22],2.7141
branch_i,instr_addr_o[11],2.7224
branch_i,instr_addr_o[16],2.7224
branch_i,instr_addr_o[27],2.7224
branch_i,instr_addr_o[28],2.7245
branch_i,instr_addr_o[12],2.7296
branch_i,instr_addr_o[14],2.7296
branch_i,instr_addr_o[24],2.7296
branch_i,instr_addr_o[15],2.7518
branch_i,instr_addr_o[17],2.7521
branch_i,instr_addr_o[21],2.7521
branch_i,instr_addr_o[25],2.7521
branch_i,instr_addr_o[20],2.7647
branch_i,instr_addr_o[26],2.7730
branch_i,instr_addr_o[29],2.7730
branch_i,instr_addr_o[30],2.7792
branch_i,instr_addr_o[31],2.7903
branch_i,instr_addr_o[8],2.8094
branch_i,instr_addr_o[6],3.3120
branch_i,instr_req_o,3.3384
branch_i,instr_addr_o[2],3.3480
branch_i,instr_addr_o[3],3.3480
branch_i,busy_o,3.3637
branch_i,instr_addr_o[5],3.3688
branch_i,instr_addr_o[4],3.3773
branch_i,fetch_valid_o,3.6179
instr_rdata_i[0],fetch_rdata_o[0],3.8349
instr_rdata_i[10],fetch_rdata_o[10],3.8349
instr_rdata_i[11],fetch_rdata_o[11],3.8349
instr_rdata_i[12],fetch_rdata_o[12],3.8349
instr_rdata_i[13],fetch_rdata_o[13],3.8349
instr_rdata_i[14],fetch_rdata_o[14],3.8349
instr_rdata_i[15],fetch_rdata_o[15],3.8349
instr_rdata_i[16],fetch_rdata_o[16],3.8349
instr_rdata_i[17],fetch_rdata_o[17],3.8349
instr_rdata_i[18],fetch_rdata_o[18],3.8349
instr_rdata_i[19],fetch_rdata_o[19],3.8349
instr_rdata_i[1],fetch_rdata_o[1],3.8349
instr_rdata_i[20],fetch_rdata_o[20],3.8349
instr_rdata_i[21],fetch_rdata_o[21],3.8349
instr_rdata_i[22],fetch_rdata_o[22],3.8349
instr_rdata_i[23],fetch_rdata_o[23],3.8349
instr_rdata_i[24],fetch_rdata_o[24],3.8349
branch_i,_1191_/D,2.0528
branch_i,_1192_/D,2.0528
branch_i,_1193_/D,2.0528
branch_i,_1194_/D,2.0528
branch_i,_1195_/D,2.0528
branch_i,_1196_/D,2.0528
branch_i,_1197_/D,2.0528
branch_i,_1198_/D,2.0528
branch_i,_1199_/D,2.0528
branch_i,_1200_/D,2.0528
branch_i,_1201_/D,2.0528
branch_i,_1202_/D,2.0528
branch_i,_1203_/D,2.0528
branch_i,_1204_/D,2.0528
branch_i,_1205_/D,2.0528
branch_i,_1206_/D,2.0528
branch_i,_1207_/D,2.0528
branch_i,_1210_/D,2.0528
branch_i,_1212_/D,2.0528
branch_i,_1213_/D,2.0528
branch_i,_1214_/D,2.0528
branch_i,_1215_/D,2.0528
branch_i,_1216_/D,2.0528
branch_i,_1217_/D,2.0528
branch_i,_1218_/D,2.0528
branch_i,_1208_/D,2.2620
branch_i,_1209_/D,2.2620
branch_i,_1211_/D,2.2620
branch_i,_1187_/D,2.3804
branch_i,_1158_/D,2.3918
branch_i,_1159_/D,2.3918
branch_i,_1160_/D,2.3918
branch_i,_1161_/D,2.3918
branch_i,_1162_/D,2.3918
branch_i,_1163_/D,2.3918
branch_i,_1164_/D,2.3918
branch_i,_1165_/D,2.3918
branch_i,_1166_/D,2.3918
branch_i,_1167_/D,2.3918
branch_i,_1168_/D,2.3918
branch_i,_1169_/D,2.3918
branch_i,_1170_/D,2.3918
branch_i,_1171_/D,2.3918
branch_i,_1172_/D,2.3918
branch_i,_1173_/D,2.3918
branch_i,_1174_/D,2.3918
branch_i,_1175_/D,2.3918
branch_i,_1176_/D,2.3918
branch_i,_1177_/D,2.3918
branch_i,_1178_/D,2.3918
_1158_/Q,instr_addr_o[31],0.1096
_1158_/Q,instr_addr_o[30],0.4344
_1158_/Q,instr_addr_o[29],0.4399
_1158_/Q,instr_addr_o[28],0.5471
_1158_/Q,instr_addr_o[26],0.6152
_1158_/Q,instr_addr_o[27],0.6491
_1158_/Q,instr_addr_o[25],1.1314
_1158_/Q,instr_addr_o[24],1.2319
_1158_/Q,instr_addr_o[23],1.2835
_1158_/Q,instr_addr_o[22],1.4220
_1158_/Q,instr_addr_o[20],1.5193
_1158_/Q,instr_addr_o[21],1.5387
_1158_/Q,instr_addr_o[19],1.8515
_1158_/Q,instr_addr_o[18],2.0033
_1158_/Q,instr_addr_o[17],2.1562
_1158_/Q,instr_addr_o[16],2.1770
_1083_/Q,instr_req_o,2.2973
_1083_/Q,busy_o,2.3226
_1158_/Q,instr_addr_o[15],2.3583
_1158_/Q,instr_addr_o[14],2.4552
_1083_/Q,fetch_valid_o,2.5887
_1083_/Q,fetch_rdata_o[0],2.6479
_1083_/Q,fetch_rdata_o[10],2.6479
_1083_/Q,fetch_rdata_o[11],2.6479
_1083_/Q,fetch_rdata_o[12],2.6479
_1083_/Q,fetch_rdata_o[13],2.6479
_1083_/Q,fetch_rdata_o[14],2.6479
_1083_/Q,fetch_rdata_o[15],2.6479
_1083_/Q,fetch_rdata_o[16],2.6479
_1083_/Q,fetch_rdata_o[17],2.6479
_1083_/Q,fetch_rdata_o[18],2.6479
_1083_/Q,fetch_rdata_o[19],2.6479
_1083_/Q,fetch_rdata_o[1],2.6479
_1083_/Q,fetch_rdata_o[20],2.6479
_1083_/Q,fetch_rdata_o[21],2.6479
_1083_/Q,fetch_rdata_o[22],2.6479
_1083_/Q,fetch_rdata_o[23],2.6479
_1083_/Q,fetch_rdata_o[24],2.6479
_1083_/Q,fetch_rdata_o[25],2.6479
_1083_/Q,fetch_rdata_o[26],2.6479
_1083_/Q,fetch_rdata_o[27],2.6479
_1083_/Q,fetch_rdata_o[28],2.6479
_1083_/Q,fetch_rdata_o[29],2.6479
_1083_/Q,fetch_rdata_o[2],2.6479
_1083_/Q,fetch_rdata_o[30],2.6479
_1083_/Q,fetch_rdata_o[31],2.6479
_1083_/Q,fetch_rdata_o[3],2.6479
_1083_/Q,fetch_rdata_o[4],2.6479
_1083_/Q,fetch_rdata_o[5],2.6479
_1083_/Q,fetch_rdata_o[6],2.6479
_1158_/Q,_1187_/D,0.3772
_1158_/Q,_1220_/D,0.4039
_1158_/Q,_1218_/D,0.4669
_1158_/Q,_1215_/D,0.6421
_1158_/Q,_1217_/D,0.6549
_1158_/Q,_1219_/D,0.6829
_1158_/Q,_1216_/D,0.7059
_1158_/Q,_1185_/D,0.7624
_1158_/Q,_1186_/D,0.7970
_1158_/Q,_1182_/D,0.9377
_1158_/Q,_1184_/D,0.9475
_1158_/Q,_1183_/D,0.9986
_1083_/Q,_1191_/D,1.1451
_1083_/Q,_1192_/D,1.1451
_1083_/Q,_1193_/D,1.1451
_1083_/Q,_1194_/D,1.1451
_1083_/Q,_1195_/D,1.1451
_1083_/Q,_1196_/D,1.1451
_1083_/Q,_1197_/D,1.1451
_1083_/Q,_1198_/D,1.1451
_1083_/Q,_1199_/D,1.1451
_1083_/Q,_1200_/D,1.1451
_1083_/Q,_1201_/D,1.1451
_1083_/Q,_1202_/D,1.1451
_1083_/Q,_1203_/D,1.1451
_1083_/Q,_1204_/D,1.1451
_1083_/Q,_1205_/D,1.1451
_1083_/Q,_1206_/D,1.1451
_1083_/Q,_1207_/D,1.1451
_1083_/Q,_1210_/D,1.1451
_1083_/Q,_1212_/D,1.1451
_1083_/Q,_1213_/D,1.1451
_1083_/Q,_1214_/D,1.1451
_1083_/Q,_1158_/D,1.3507
_1083_/Q,_1159_/D,1.3507
_1083_/Q,_1160_/D,1.3507
_1083_/Q,_1161_/D,1.3507
_1083_/Q,_1162_/D,1.3507
_1083_/Q,_1163_/D,1.3507
_1083_/Q,_1164_/D,1.3507
_1083_/Q,_1165_/D,1.3507
_1083_/Q,_1166_/D,1.3507
_1083_/Q,_1167_/D,1.3507
_1083_/Q,_1168_/D,1.3507
_1083_/Q,_1169_/D,1.3507
_1083_/Q,_1170_/D,1.3507
_1083_/Q,_1171_/D,1.3507
_1083_/Q,_1172_/D,1.3507
_1083_/Q,_1173_/D,1.3507
_1083_/Q,_1174_/D,1.3507
