Start Point,End Point,WNS (ns)
_1158_/Q,instr_addr_o[31],0.1096
_1158_/Q,instr_addr_o[30],0.4344
_1158_/Q,instr_addr_o[29],0.4399
_1158_/Q,instr_addr_o[28],0.5471
_1158_/Q,instr_addr_o[26],0.6152
_1158_/Q,instr_addr_o[27],0.6491
_1158_/Q,instr_addr_o[25],1.1314
_1158_/Q,instr_addr_o[24],1.2319
_1158_/Q,instr_addr_o[23],1.2835
_1158_/Q,instr_addr_o[22],1.4220
_1158_/Q,instr_addr_o[20],1.5193
_1158_/Q,instr_addr_o[21],1.5387
_1158_/Q,instr_addr_o[19],1.8515
_1158_/Q,instr_addr_o[18],2.0033
_1158_/Q,instr_addr_o[17],2.1562
_1158_/Q,instr_addr_o[16],2.1770
_1083_/Q,instr_req_o,2.2973
_1083_/Q,busy_o,2.3226
_1158_/Q,instr_addr_o[15],2.3583
_1158_/Q,instr_addr_o[14],2.4552
_1083_/Q,fetch_valid_o,2.5887
_1083_/Q,fetch_rdata_o[0],2.6479
_1083_/Q,fetch_rdata_o[10],2.6479
_1083_/Q,fetch_rdata_o[11],2.6479
_1083_/Q,fetch_rdata_o[12],2.6479
_1083_/Q,fetch_rdata_o[13],2.6479
_1083_/Q,fetch_rdata_o[14],2.6479
_1083_/Q,fetch_rdata_o[15],2.6479
_1083_/Q,fetch_rdata_o[16],2.6479
_1083_/Q,fetch_rdata_o[17],2.6479
_1083_/Q,fetch_rdata_o[18],2.6479
_1083_/Q,fetch_rdata_o[19],2.6479
_1083_/Q,fetch_rdata_o[1],2.6479
_1083_/Q,fetch_rdata_o[20],2.6479
_1083_/Q,fetch_rdata_o[21],2.6479
_1083_/Q,fetch_rdata_o[22],2.6479
_1083_/Q,fetch_rdata_o[23],2.6479
_1083_/Q,fetch_rdata_o[24],2.6479
_1083_/Q,fetch_rdata_o[25],2.6479
_1083_/Q,fetch_rdata_o[26],2.6479
_1083_/Q,fetch_rdata_o[27],2.6479
_1083_/Q,fetch_rdata_o[28],2.6479
_1083_/Q,fetch_rdata_o[29],2.6479
_1083_/Q,fetch_rdata_o[2],2.6479
_1083_/Q,fetch_rdata_o[30],2.6479
_1083_/Q,fetch_rdata_o[31],2.6479
_1083_/Q,fetch_rdata_o[3],2.6479
_1083_/Q,fetch_rdata_o[4],2.6479
_1083_/Q,fetch_rdata_o[5],2.6479
_1083_/Q,fetch_rdata_o[6],2.6479
