Start Point,End Point,WNS (ns)
instr_rdata_i[16],id_jump_target_o[31],-4.6949
instr_rdata_i[16],id_jump_target_o[30],-4.5408
instr_rdata_i[16],id_jump_target_o[28],-4.0154
instr_rdata_i[16],id_jump_target_o[29],-3.9415
instr_rdata_i[16],id_jump_target_o[23],-3.9342
instr_rdata_i[16],id_jump_target_o[27],-3.8752
instr_rdata_i[16],id_jump_target_o[22],-3.8701
instr_rdata_i[16],id_jump_target_o[25],-3.8701
instr_rdata_i[16],id_jump_target_o[19],-3.7439
instr_rdata_i[16],id_jump_target_o[26],-3.7395
instr_rdata_i[16],id_jump_target_o[24],-3.6661
instr_rdata_i[16],id_jump_target_o[21],-3.6098
instr_rdata_i[16],id_jump_target_o[18],-3.5907
instr_rdata_i[16],id_jump_target_o[20],-3.5065
instr_rdata_i[16],id_jump_target_o[17],-3.2746
instr_rdata_i[16],id_jump_target_o[16],-3.0281
instr_rdata_i[16],id_jump_target_o[15],-3.0273
instr_rdata_i[16],id_jump_target_o[13],-2.7635
instr_rdata_i[16],id_jump_target_o[14],-2.7290
instr_rdata_i[16],id_jump_target_o[12],-2.6040
instr_rdata_i[16],id_jump_target_o[11],-2.4453
instr_rdata_i[16],id_jump_target_o[10],-2.4150
instr_rdata_i[16],id_jump_target_o[8],-2.1985
instr_rdata_i[16],id_jump_target_o[9],-2.0753
instr_rdata_i[16],id_jump_target_o[7],-1.7245
instr_rdata_i[16],id_jump_target_o[6],-1.4906
instr_rdata_i[16],id_jump_target_o[5],-1.2855
instr_rdata_i[16],id_jump_target_o[4],-1.0151
instr_rdata_i[16],id_jump_target_o[3],-0.9987
instr_rdata_i[16],id_jump_target_o[2],-0.7787
instr_rdata_i[16],id_jump_target_o[1],-0.5641
instr_rdata_i[16],id_jump_target_o[0],-0.3128
instr_rdata_i[1],id_ready_o,1.0161
instr_rdata_i[1],id_valid_o,1.0341
csr_rdata_i[20],regfile_alu_wdata_fw_o[20],3.0140
csr_rdata_i[24],regfile_alu_wdata_fw_o[24],3.0157
csr_rdata_i[19],regfile_alu_wdata_fw_o[19],3.0164
csr_rdata_i[27],regfile_alu_wdata_fw_o[27],3.0164
csr_rdata_i[18],regfile_alu_wdata_fw_o[18],3.0166
csr_rdata_i[17],regfile_alu_wdata_fw_o[17],3.0167
csr_rdata_i[28],regfile_alu_wdata_fw_o[28],3.0175
csr_rdata_i[26],regfile_alu_wdata_fw_o[26],3.0176
csr_rdata_i[25],regfile_alu_wdata_fw_o[25],3.0176
csr_rdata_i[29],regfile_alu_wdata_fw_o[29],3.0176
csr_rdata_i[14],regfile_alu_wdata_fw_o[14],3.0176
csr_rdata_i[22],regfile_alu_wdata_fw_o[22],3.0179
csr_rdata_i[21],regfile_alu_wdata_fw_o[21],3.0182
csr_rdata_i[15],regfile_alu_wdata_fw_o[15],3.0185
csr_rdata_i[16],regfile_alu_wdata_fw_o[16],3.0191
csr_rdata_i[23],regfile_alu_wdata_fw_o[23],3.0200
instr_rdata_i[16],_20346_/D,-4.8608
instr_rdata_i[16],_20263_/D,-4.6770
instr_rdata_i[16],_20262_/D,-4.6524
instr_rdata_i[16],_20345_/D,-4.6333
instr_rdata_i[16],_20260_/D,-4.2040
instr_rdata_i[16],_20261_/D,-4.1690
instr_rdata_i[16],_20255_/D,-4.1226
instr_rdata_i[16],_20257_/D,-4.1215
instr_rdata_i[16],_20254_/D,-4.1145
instr_rdata_i[16],_20344_/D,-4.0508
instr_rdata_i[16],_20259_/D,-4.0470
instr_rdata_i[16],_20338_/D,-4.0372
instr_rdata_i[16],_20343_/D,-4.0362
instr_rdata_i[16],_20340_/D,-4.0245
instr_rdata_i[16],_20258_/D,-3.9828
instr_rdata_i[16],_20337_/D,-3.9475
instr_rdata_i[16],_20342_/D,-3.9446
instr_rdata_i[16],_20256_/D,-3.9234
instr_rdata_i[16],_20251_/D,-3.9233
instr_rdata_i[16],_20339_/D,-3.9041
instr_rdata_i[16],_20341_/D,-3.8749
instr_rdata_i[16],_20253_/D,-3.8695
instr_rdata_i[16],_20250_/D,-3.8596
instr_rdata_i[16],_20334_/D,-3.7538
instr_rdata_i[16],_20336_/D,-3.7026
instr_rdata_i[16],_20333_/D,-3.6923
instr_rdata_i[16],_20252_/D,-3.5862
instr_rdata_i[16],_20335_/D,-3.5456
instr_rdata_i[16],_20249_/D,-3.5435
instr_rdata_i[16],_20248_/D,-3.4561
instr_rdata_i[16],_20332_/D,-3.3762
instr_rdata_i[16],_20331_/D,-3.3264
instr_rdata_i[16],_20247_/D,-3.3188
instr_rdata_i[16],_20330_/D,-3.1920
instr_rdata_i[16],_20244_/D,-3.0503
instr_rdata_i[16],_20245_/D,-3.0139
instr_rdata_i[16],_20328_/D,-2.9168
instr_rdata_i[16],_20246_/D,-2.8878
instr_rdata_i[16],_20327_/D,-2.8837
instr_rdata_i[16],_20329_/D,-2.8746
instr_rdata_i[0],_20434_/D,-2.7285
instr_rdata_i[0],_20436_/D,-2.7285
instr_rdata_i[0],_20437_/D,-2.7285
instr_rdata_i[0],_20438_/D,-2.7285
instr_rdata_i[0],_20439_/D,-2.7285
instr_rdata_i[0],_20440_/D,-2.7285
instr_rdata_i[0],_20445_/D,-2.7285
instr_rdata_i[0],_20446_/D,-2.7285
instr_rdata_i[0],_20452_/D,-2.7285
instr_rdata_i[0],_20455_/D,-2.7285
_20430_/Q,regfile_alu_wdata_fw_o[8],-18.7499
_20430_/Q,regfile_alu_wdata_fw_o[27],-18.7421
_20430_/Q,regfile_alu_wdata_fw_o[28],-18.7218
_20430_/Q,regfile_alu_wdata_fw_o[25],-18.7217
_20430_/Q,regfile_alu_wdata_fw_o[24],-18.7166
_20430_/Q,regfile_alu_wdata_fw_o[23],-18.7077
_20430_/Q,regfile_alu_wdata_fw_o[22],-18.7062
_20430_/Q,regfile_alu_wdata_fw_o[30],-18.6921
_20430_/Q,regfile_alu_wdata_fw_o[7],-18.6891
_20430_/Q,regfile_alu_wdata_fw_o[31],-18.6807
_20430_/Q,regfile_alu_wdata_fw_o[26],-18.6701
_20430_/Q,regfile_alu_wdata_fw_o[21],-18.6688
_20430_/Q,regfile_alu_wdata_fw_o[6],-18.6687
_20430_/Q,regfile_alu_wdata_fw_o[11],-18.6580
_20430_/Q,regfile_alu_wdata_fw_o[12],-18.6395
_20430_/Q,regfile_alu_wdata_fw_o[13],-18.6381
_20430_/Q,regfile_alu_wdata_fw_o[19],-18.6248
_20430_/Q,regfile_alu_wdata_fw_o[15],-18.6201
_20430_/Q,regfile_alu_wdata_fw_o[17],-18.6136
_20430_/Q,regfile_alu_wdata_fw_o[10],-18.6014
_20430_/Q,regfile_alu_wdata_fw_o[20],-18.5999
_20430_/Q,regfile_alu_wdata_fw_o[18],-18.5944
_20430_/Q,regfile_alu_wdata_fw_o[14],-18.5924
_20430_/Q,regfile_alu_wdata_fw_o[29],-18.5920
_20430_/Q,regfile_alu_wdata_fw_o[16],-18.5891
_20430_/Q,regfile_alu_wdata_fw_o[0],-18.5764
_20430_/Q,regfile_alu_wdata_fw_o[9],-18.5635
_20430_/Q,regfile_alu_wdata_fw_o[4],-18.5532
_20430_/Q,regfile_alu_wdata_fw_o[5],-18.5524
_20430_/Q,regfile_alu_wdata_fw_o[2],-18.5479
_20430_/Q,regfile_alu_wdata_fw_o[3],-18.5470
_20430_/Q,regfile_alu_wdata_fw_o[1],-18.5263
_20433_/Q,id_ready_o,-1.6884
_20433_/Q,id_valid_o,-1.6704
_27278_/Q,id_jump_target_o[31],-1.4431
_27278_/Q,id_jump_target_o[30],-1.2891
_27278_/Q,id_jump_target_o[28],-0.7637
_27278_/Q,id_jump_target_o[29],-0.6898
_27278_/Q,id_jump_target_o[23],-0.6825
_27278_/Q,id_jump_target_o[27],-0.6235
_27278_/Q,id_jump_target_o[22],-0.6183
_27278_/Q,id_jump_target_o[25],-0.6183
_27278_/Q,id_jump_target_o[19],-0.4922
_27278_/Q,id_jump_target_o[26],-0.4878
_27278_/Q,id_jump_target_o[24],-0.4144
_27278_/Q,id_jump_target_o[21],-0.3581
_27278_/Q,id_jump_target_o[18],-0.3390
_27278_/Q,id_jump_target_o[20],-0.2548
_27278_/Q,id_jump_target_o[17],-0.0229
_20433_/Q,branch_decision_o,0.0918
_20430_/Q,_20245_/D,-19.5634
_20430_/Q,_20291_/D,-19.5526
_20430_/Q,_20259_/D,-19.5520
_20430_/Q,_20260_/D,-19.5423
_20430_/Q,_20258_/D,-19.5317
_20430_/Q,_20262_/D,-19.5314
_20430_/Q,_20461_/D,-19.5281
_20430_/Q,_20458_/D,-19.5277
_20430_/Q,_20369_/D,-19.5259
_20430_/Q,_20242_/D,-19.5242
_20430_/Q,_20254_/D,-19.5174
_20430_/Q,_20310_/D,-19.5148
_20430_/Q,_20247_/D,-19.5138
_20430_/Q,_20239_/D,-19.5022
_20430_/Q,_20491_/D,-19.4938
_20430_/Q,_20256_/D,-19.4891
_20430_/Q,_20388_/D,-19.4882
_20430_/Q,_20343_/D,-19.4878
_20430_/Q,_20252_/D,-19.4840
_20430_/Q,_20251_/D,-19.4836
_20430_/Q,_20442_/D,-19.4779
_20430_/Q,_20255_/D,-19.4756
_20430_/Q,_20441_/D,-19.4721
_20430_/Q,_20253_/D,-19.4682
_20430_/Q,_20337_/D,-19.4683
_20430_/Q,_20328_/D,-19.4662
_20430_/Q,_20244_/D,-19.4651
_20430_/Q,_20306_/D,-19.4620
_20430_/Q,_20465_/D,-19.4548
_20430_/Q,_20240_/D,-19.4525
_20430_/Q,_20243_/D,-19.4501
_20430_/Q,_20342_/D,-19.4496
_20430_/Q,_20460_/D,-19.4488
_20430_/Q,_20345_/D,-19.4459
_20430_/Q,_20261_/D,-19.4440
_20430_/Q,_20246_/D,-19.4418
_20430_/Q,_20313_/D,-19.4411
_20430_/Q,_20445_/D,-19.4378
_20430_/Q,_20384_/D,-19.4353
_20430_/Q,_20494_/D,-19.4287
_20430_/Q,_20329_/D,-19.4286
_20430_/Q,_20257_/D,-19.4245
_20430_/Q,_20341_/D,-19.4238
_20430_/Q,_20459_/D,-19.4221
_20430_/Q,_20447_/D,-19.4212
_20430_/Q,_20462_/D,-19.4205
_20430_/Q,_20249_/D,-19.4198
_20430_/Q,_20336_/D,-19.4191
_20430_/Q,_20330_/D,-19.4167
_20430_/Q,_20325_/D,-19.4163
