Start Point,End Point,WNS (ns)
_20430_/Q,regfile_alu_wdata_fw_o[8],-18.7499
_20430_/Q,regfile_alu_wdata_fw_o[27],-18.7421
_20430_/Q,regfile_alu_wdata_fw_o[28],-18.7218
_20430_/Q,regfile_alu_wdata_fw_o[25],-18.7217
_20430_/Q,regfile_alu_wdata_fw_o[24],-18.7166
_20430_/Q,regfile_alu_wdata_fw_o[23],-18.7077
_20430_/Q,regfile_alu_wdata_fw_o[22],-18.7062
_20430_/Q,regfile_alu_wdata_fw_o[30],-18.6921
_20430_/Q,regfile_alu_wdata_fw_o[7],-18.6891
_20430_/Q,regfile_alu_wdata_fw_o[31],-18.6807
_20430_/Q,regfile_alu_wdata_fw_o[26],-18.6701
_20430_/Q,regfile_alu_wdata_fw_o[21],-18.6688
_20430_/Q,regfile_alu_wdata_fw_o[6],-18.6687
_20430_/Q,regfile_alu_wdata_fw_o[11],-18.6580
_20430_/Q,regfile_alu_wdata_fw_o[12],-18.6395
_20430_/Q,regfile_alu_wdata_fw_o[13],-18.6381
_20430_/Q,regfile_alu_wdata_fw_o[19],-18.6248
_20430_/Q,regfile_alu_wdata_fw_o[15],-18.6201
_20430_/Q,regfile_alu_wdata_fw_o[17],-18.6136
_20430_/Q,regfile_alu_wdata_fw_o[10],-18.6014
_20430_/Q,regfile_alu_wdata_fw_o[20],-18.5999
_20430_/Q,regfile_alu_wdata_fw_o[18],-18.5944
_20430_/Q,regfile_alu_wdata_fw_o[14],-18.5924
_20430_/Q,regfile_alu_wdata_fw_o[29],-18.5920
_20430_/Q,regfile_alu_wdata_fw_o[16],-18.5891
_20430_/Q,regfile_alu_wdata_fw_o[0],-18.5764
_20430_/Q,regfile_alu_wdata_fw_o[9],-18.5635
_20430_/Q,regfile_alu_wdata_fw_o[4],-18.5532
_20430_/Q,regfile_alu_wdata_fw_o[5],-18.5524
_20430_/Q,regfile_alu_wdata_fw_o[2],-18.5479
_20430_/Q,regfile_alu_wdata_fw_o[3],-18.5470
_20430_/Q,regfile_alu_wdata_fw_o[1],-18.5263
_20433_/Q,id_ready_o,-1.6884
_20433_/Q,id_valid_o,-1.6704
_27278_/Q,id_jump_target_o[31],-1.4431
_27278_/Q,id_jump_target_o[30],-1.2891
_27278_/Q,id_jump_target_o[28],-0.7637
_27278_/Q,id_jump_target_o[29],-0.6898
_27278_/Q,id_jump_target_o[23],-0.6825
_27278_/Q,id_jump_target_o[27],-0.6235
_27278_/Q,id_jump_target_o[22],-0.6183
_27278_/Q,id_jump_target_o[25],-0.6183
_27278_/Q,id_jump_target_o[19],-0.4922
_27278_/Q,id_jump_target_o[26],-0.4878
_27278_/Q,id_jump_target_o[24],-0.4144
_27278_/Q,id_jump_target_o[21],-0.3581
_27278_/Q,id_jump_target_o[18],-0.3390
_27278_/Q,id_jump_target_o[20],-0.2548
_27278_/Q,id_jump_target_o[17],-0.0229
_20433_/Q,branch_decision_o,0.0918
