
 /----------------------------------------------------------------------------\
 |  yosys -- Yosys Open SYnthesis Suite                                       |
 |  Copyright (C) 2012 - 2026  Claire Xenia Wolf <claire@yosyshq.com>         |
 |  Distributed under an ISC-like license, type "license" to see terms        |
 \----------------------------------------------------------------------------/
 Yosys 0.66+181 (git sha1 afe6b18f2, Release, Clang /usr/bin/clang++ 18.1.8)

-- Executing script file `prove.ys' --

1. Executing Verilog-2005 frontend: hwlp_flush_expr_miter.sv
Parsing SystemVerilog input from `hwlp_flush_expr_miter.sv' to AST representation.
Generating RTLIL representation for module `\hwlp_flush_expr_miter'.
Successfully finished Verilog frontend.

2. Executing PREP pass.

2.1. Executing HIERARCHY pass (managing design hierarchy).

2.1.1. Analyzing design hierarchy..
Top module:  \hwlp_flush_expr_miter

2.1.2. Analyzing design hierarchy..
Top module:  \hwlp_flush_expr_miter
Removed 0 unused modules.

2.2. Executing PROC pass (convert processes to netlists).

2.2.1. Executing PROC_CLEAN pass (remove empty switches from decision trees).
Cleaned up 0 empty switches.

2.2.2. Executing PROC_RMDEAD pass (remove dead branches from decision trees).
Removed a total of 0 dead cases.

2.2.3. Executing PROC_PRUNE pass (remove redundant assignments in processes).
Removed 0 redundant assignments.
Promoted 0 assignments to connections.

2.2.4. Executing PROC_INIT pass (extract init attributes).

2.2.5. Executing PROC_ARST pass (detect async resets in processes).

2.2.6. Executing PROC_ROM pass (convert switches to ROMs).
Converted 0 switches.

2.2.7. Executing PROC_MUX pass (convert decision trees to multiplexers).

2.2.8. Executing PROC_DLATCH pass (convert process syncs to latches).

2.2.9. Executing PROC_DFF pass (convert process syncs to FFs).

2.2.10. Executing PROC_MEMWR pass (convert process memory writes to cells).

2.2.11. Executing PROC_CLEAN pass (remove empty switches from decision trees).
Cleaned up 0 empty switches.

2.2.12. Executing OPT_EXPR pass (perform const folding).
Optimizing module hwlp_flush_expr_miter.

2.3. Executing FUTURE pass.

2.4. Executing OPT_EXPR pass (perform const folding).
Optimizing module hwlp_flush_expr_miter.

2.5. Executing OPT_CLEAN pass (remove unused cells and wires).
Finding unused cells or wires in module \hwlp_flush_expr_miter..
Removed 0 unused cells and 3 unused wires.
<suppressed ~1 debug messages>

2.6. Executing CHECK pass (checking for obvious problems).
Checking module hwlp_flush_expr_miter...
Found and reported 0 problems.

2.7. Executing OPT pass (performing simple optimizations).

2.7.1. Executing OPT_EXPR pass (perform const folding).
Optimizing module hwlp_flush_expr_miter.

2.7.2. Executing OPT_MERGE pass (detect identical cells).
Finding identical cells in module `\hwlp_flush_expr_miter'.
Computing hashes of 8 cells of `\hwlp_flush_expr_miter'.
Finding duplicate cells in `\hwlp_flush_expr_miter'.
Removed a total of 0 cells.

2.7.3. Executing OPT_MUXTREE pass (detect dead branches in mux trees).
Running muxtree optimizer on module \hwlp_flush_expr_miter..
  Creating internal representation of mux trees.
  No muxes found in this module.
Removed 0 multiplexer ports.

2.7.4. Executing OPT_REDUCE pass (consolidate $*mux and $reduce_* inputs).
  Optimizing cells in module \hwlp_flush_expr_miter.
Performed a total of 0 changes.

2.7.5. Executing OPT_MERGE pass (detect identical cells).
Finding identical cells in module `\hwlp_flush_expr_miter'.
Computing hashes of 8 cells of `\hwlp_flush_expr_miter'.
Finding duplicate cells in `\hwlp_flush_expr_miter'.
Removed a total of 0 cells.

2.7.6. Executing OPT_CLEAN pass (remove unused cells and wires).
Finding unused cells or wires in module \hwlp_flush_expr_miter..

2.7.7. Executing OPT_EXPR pass (perform const folding).
Optimizing module hwlp_flush_expr_miter.

2.7.8. Finished fast OPT passes. (There is nothing left to do.)

2.8. Executing WREDUCE pass (reducing word size of cells).

2.9. Executing OPT_CLEAN pass (remove unused cells and wires).
Finding unused cells or wires in module \hwlp_flush_expr_miter..

2.10. Executing MEMORY_COLLECT pass (generating $mem cells).

2.11. Executing OPT pass (performing simple optimizations).

2.11.1. Executing OPT_EXPR pass (perform const folding).
Optimizing module hwlp_flush_expr_miter.

2.11.2. Executing OPT_MERGE pass (detect identical cells).
Finding identical cells in module `\hwlp_flush_expr_miter'.
Computing hashes of 8 cells of `\hwlp_flush_expr_miter'.
Finding duplicate cells in `\hwlp_flush_expr_miter'.
Removed a total of 0 cells.

2.11.3. Executing OPT_CLEAN pass (remove unused cells and wires).
Finding unused cells or wires in module \hwlp_flush_expr_miter..

2.11.4. Finished fast OPT passes.

2.12. Executing SORT pass.

2.13. Printing statistics.

=== hwlp_flush_expr_miter ===

        +----------Local Count, excluding submodules.
        |
       11 wires
       11 wire bits
        6 public wires
        6 public wire bits
        6 ports
        6 port bits
        8 cells
        3   $logic_and
        3   $logic_not
        1   $logic_or
        1   $xor

2.14. Executing CHECK pass (checking for obvious problems).
Checking module hwlp_flush_expr_miter...
Found and reported 0 problems.

3. Executing SAT pass (solving SAT problems in the circuit).
Using SAT solver `minisat`.

Setting up SAT problem:
Final constraint equation: { } = { }
Imported 8 cells to SAT database.
Import proof-constraint: \diff_o = 1'0
Final proof equation: \diff_o = 1'0
Import show expression: { \hwlp_jump_i \fifo_empty_i \resp_valid_i \old_o \new_o \diff_o }

Solving problem with 46 variables and 111 clauses..
SAT proof finished - no model found: SUCCESS!

                  /$$$$$$      /$$$$$$$$     /$$$$$$$
                 /$$__  $$    | $$_____/    | $$__  $$
                | $$  \ $$    | $$          | $$  \ $$
                | $$  | $$    | $$$$$       | $$  | $$
                | $$  | $$    | $$__/       | $$  | $$
                | $$/$$ $$    | $$          | $$  | $$
                |  $$$$$$/ /$$| $$$$$$$$ /$$| $$$$$$$//$$
                 \____ $$$|__/|________/|__/|_______/|__/
                       \__/

End of script. Logfile hash: bac25fb913, time: 0.00s, user: 0.00s, system: 0.01s, MEM: 16.12 MB peak
Yosys 0.66+181 (git sha1 afe6b18f2, Release, Clang /usr/bin/clang++ 18.1.8)
Time spent: 18% 3x opt_merge (0 sec), 15% 2x read_verilog (0 sec), ...
