Start Point,End Point,WNS (ns)
instr_rdata_i[16],id_jump_target_o[31],-4.8178
instr_rdata_i[16],id_jump_target_o[30],-4.6783
instr_rdata_i[16],id_jump_target_o[28],-4.1518
instr_rdata_i[16],id_jump_target_o[29],-4.0785
instr_rdata_i[16],id_jump_target_o[23],-4.0718
instr_rdata_i[16],id_jump_target_o[27],-4.0126
instr_rdata_i[16],id_jump_target_o[25],-4.0080
instr_rdata_i[16],id_jump_target_o[22],-3.9941
instr_rdata_i[16],id_jump_target_o[26],-3.8770
instr_rdata_i[16],id_jump_target_o[19],-3.8747
instr_rdata_i[16],id_jump_target_o[24],-3.8026
instr_rdata_i[16],id_jump_target_o[21],-3.7473
instr_rdata_i[16],id_jump_target_o[18],-3.7153
instr_rdata_i[16],id_jump_target_o[20],-3.6440
instr_rdata_i[16],id_jump_target_o[17],-3.4074
instr_rdata_i[16],id_jump_target_o[15],-3.2896
instr_rdata_i[16],id_jump_target_o[16],-3.1608
instr_rdata_i[16],id_jump_target_o[14],-2.9208
instr_rdata_i[16],id_jump_target_o[13],-2.9037
instr_rdata_i[16],id_jump_target_o[12],-2.7511
instr_rdata_i[16],id_jump_target_o[10],-2.6774
instr_rdata_i[16],id_jump_target_o[11],-2.5828
instr_rdata_i[16],id_jump_target_o[8],-2.4483
instr_rdata_i[16],id_jump_target_o[9],-2.3377
instr_rdata_i[16],id_jump_target_o[7],-1.9869
instr_rdata_i[16],id_jump_target_o[6],-1.6286
instr_rdata_i[16],id_jump_target_o[5],-1.4233
instr_rdata_i[16],id_jump_target_o[4],-1.1529
instr_rdata_i[16],id_jump_target_o[3],-1.1364
instr_rdata_i[16],id_jump_target_o[2],-0.9165
instr_rdata_i[16],id_jump_target_o[1],-0.7587
instr_rdata_i[16],id_jump_target_o[0],-0.4505
instr_rdata_i[5],id_ready_o,0.7684
instr_rdata_i[5],id_valid_o,0.7864
csr_rdata_i[21],regfile_alu_wdata_fw_o[21],3.0154
csr_rdata_i[15],regfile_alu_wdata_fw_o[15],3.0164
csr_rdata_i[26],regfile_alu_wdata_fw_o[26],3.0164
csr_rdata_i[27],regfile_alu_wdata_fw_o[27],3.0164
csr_rdata_i[25],regfile_alu_wdata_fw_o[25],3.0172
csr_rdata_i[16],regfile_alu_wdata_fw_o[16],3.0172
csr_rdata_i[19],regfile_alu_wdata_fw_o[19],3.0172
csr_rdata_i[28],regfile_alu_wdata_fw_o[28],3.0175
csr_rdata_i[24],regfile_alu_wdata_fw_o[24],3.0181
csr_rdata_i[17],regfile_alu_wdata_fw_o[17],3.0181
csr_rdata_i[20],regfile_alu_wdata_fw_o[20],3.0181
csr_rdata_i[29],regfile_alu_wdata_fw_o[29],3.0181
csr_rdata_i[23],regfile_alu_wdata_fw_o[23],3.0190
csr_rdata_i[18],regfile_alu_wdata_fw_o[18],3.0190
csr_rdata_i[22],regfile_alu_wdata_fw_o[22],3.0190
csr_rdata_i[14],regfile_alu_wdata_fw_o[14],3.0190
instr_rdata_i[16],_20341_/D,-4.9827
instr_rdata_i[16],_20258_/D,-4.7989
instr_rdata_i[16],_20257_/D,-4.7898
instr_rdata_i[16],_20340_/D,-4.7707
instr_rdata_i[16],_20255_/D,-4.3405
instr_rdata_i[16],_20256_/D,-4.2917
instr_rdata_i[16],_20250_/D,-4.2634
instr_rdata_i[16],_20252_/D,-4.2581
instr_rdata_i[16],_20249_/D,-4.2385
instr_rdata_i[16],_20339_/D,-4.1938
instr_rdata_i[16],_20254_/D,-4.1886
instr_rdata_i[16],_20333_/D,-4.1779
instr_rdata_i[16],_20338_/D,-4.1726
instr_rdata_i[16],_20335_/D,-4.1610
instr_rdata_i[16],_20253_/D,-4.1209
instr_rdata_i[16],_20337_/D,-4.0862
instr_rdata_i[16],_20332_/D,-4.0715
instr_rdata_i[16],_20251_/D,-4.0599
instr_rdata_i[16],_20246_/D,-4.0550
instr_rdata_i[16],_20334_/D,-4.0406
instr_rdata_i[16],_20336_/D,-4.0130
instr_rdata_i[16],_20248_/D,-4.0070
instr_rdata_i[16],_20245_/D,-3.9851
instr_rdata_i[16],_20329_/D,-3.8856
instr_rdata_i[16],_20331_/D,-3.8400
instr_rdata_i[16],_20328_/D,-3.8178
instr_rdata_i[16],_20247_/D,-3.7300
instr_rdata_i[16],_20330_/D,-3.6830
instr_rdata_i[16],_20244_/D,-3.6772
instr_rdata_i[16],_20243_/D,-3.5916
instr_rdata_i[16],_20242_/D,-3.5666
instr_rdata_i[16],_20327_/D,-3.5099
instr_rdata_i[16],_20326_/D,-3.4619
instr_rdata_i[16],_20325_/D,-3.4398
instr_rdata_i[16],_20239_/D,-3.1755
instr_rdata_i[16],_20240_/D,-3.1542
instr_rdata_i[16],_20241_/D,-3.0878
instr_rdata_i[16],_20324_/D,-3.0746
instr_rdata_i[16],_20323_/D,-3.0570
instr_rdata_i[16],_20322_/D,-3.0088
instr_rdata_i[16],_20237_/D,-2.9101
instr_rdata_i[16],_20235_/D,-2.9093
instr_rdata_i[16],_20238_/D,-2.7925
instr_rdata_i[0],_20429_/D,-2.7545
instr_rdata_i[0],_20431_/D,-2.7545
instr_rdata_i[0],_20432_/D,-2.7545
instr_rdata_i[0],_20433_/D,-2.7545
instr_rdata_i[0],_20434_/D,-2.7545
instr_rdata_i[0],_20435_/D,-2.7545
instr_rdata_i[0],_20440_/D,-2.7545
_20425_/Q,regfile_alu_wdata_fw_o[8],-18.7501
_20425_/Q,regfile_alu_wdata_fw_o[27],-18.7422
_20425_/Q,regfile_alu_wdata_fw_o[25],-18.7224
_20425_/Q,regfile_alu_wdata_fw_o[28],-18.7218
_20425_/Q,regfile_alu_wdata_fw_o[24],-18.7116
_20425_/Q,regfile_alu_wdata_fw_o[23],-18.7098
_20425_/Q,regfile_alu_wdata_fw_o[22],-18.7039
_20425_/Q,regfile_alu_wdata_fw_o[31],-18.7021
_20425_/Q,regfile_alu_wdata_fw_o[30],-18.6910
_20425_/Q,regfile_alu_wdata_fw_o[7],-18.6857
_20425_/Q,regfile_alu_wdata_fw_o[6],-18.6819
_20425_/Q,regfile_alu_wdata_fw_o[21],-18.6746
_20425_/Q,regfile_alu_wdata_fw_o[26],-18.6727
_20425_/Q,regfile_alu_wdata_fw_o[11],-18.6549
_20425_/Q,regfile_alu_wdata_fw_o[13],-18.6475
_20425_/Q,regfile_alu_wdata_fw_o[12],-18.6473
_20425_/Q,regfile_alu_wdata_fw_o[15],-18.6245
_20425_/Q,regfile_alu_wdata_fw_o[19],-18.6230
_20425_/Q,regfile_alu_wdata_fw_o[17],-18.6107
_20425_/Q,regfile_alu_wdata_fw_o[10],-18.6052
_20425_/Q,regfile_alu_wdata_fw_o[16],-18.5931
_20425_/Q,regfile_alu_wdata_fw_o[20],-18.5912
_20425_/Q,regfile_alu_wdata_fw_o[29],-18.5908
_20425_/Q,regfile_alu_wdata_fw_o[18],-18.5894
_20425_/Q,regfile_alu_wdata_fw_o[14],-18.5894
_20425_/Q,regfile_alu_wdata_fw_o[9],-18.5696
_20425_/Q,regfile_alu_wdata_fw_o[0],-18.5660
_20425_/Q,regfile_alu_wdata_fw_o[4],-18.5659
_20425_/Q,regfile_alu_wdata_fw_o[5],-18.5579
_20425_/Q,regfile_alu_wdata_fw_o[2],-18.5528
_20425_/Q,regfile_alu_wdata_fw_o[3],-18.5450
_20425_/Q,regfile_alu_wdata_fw_o[1],-18.5366
_20428_/Q,id_ready_o,-1.6884
_20428_/Q,id_valid_o,-1.6704
_27492_/Q,id_jump_target_o[31],-1.4982
_27492_/Q,id_jump_target_o[30],-1.3586
_27492_/Q,id_jump_target_o[28],-0.8322
_27844_/Q,id_jump_target_o[23],-0.8295
_27492_/Q,id_jump_target_o[29],-0.7589
_27492_/Q,id_jump_target_o[27],-0.6930
_27492_/Q,id_jump_target_o[25],-0.6884
_27492_/Q,id_jump_target_o[22],-0.6744
_27492_/Q,id_jump_target_o[26],-0.5573
_27492_/Q,id_jump_target_o[19],-0.5551
_27492_/Q,id_jump_target_o[24],-0.4830
_27844_/Q,id_jump_target_o[21],-0.4607
_27492_/Q,id_jump_target_o[18],-0.3957
_27492_/Q,id_jump_target_o[20],-0.3243
_27844_/Q,id_jump_target_o[15],-0.1052
_27492_/Q,id_jump_target_o[17],-0.0878
_20425_/Q,_20240_/D,-19.5738
_20425_/Q,_20286_/D,-19.5527
_20425_/Q,_20254_/D,-19.5521
_20425_/Q,_20255_/D,-19.5423
_20425_/Q,_20253_/D,-19.5345
_20425_/Q,_20249_/D,-19.5321
_20425_/Q,_20257_/D,-19.5301
_20425_/Q,_20237_/D,-19.5284
_20425_/Q,_20456_/D,-19.5282
_20425_/Q,_20364_/D,-19.5261
_20425_/Q,_20453_/D,-19.5221
_20425_/Q,_20242_/D,-19.5188
_20425_/Q,_20305_/D,-19.5149
_20425_/Q,_20234_/D,-19.4984
_20425_/Q,_20383_/D,-19.4882
_20425_/Q,_20486_/D,-19.4882
_20425_/Q,_20338_/D,-19.4878
_20425_/Q,_20251_/D,-19.4834
_20425_/Q,_20332_/D,-19.4829
_20425_/Q,_20246_/D,-19.4816
_20425_/Q,_20460_/D,-19.4787
_20425_/Q,_20437_/D,-19.4782
_20425_/Q,_20250_/D,-19.4780
_20425_/Q,_20323_/D,-19.4767
_20425_/Q,_20248_/D,-19.4746
_20425_/Q,_20247_/D,-19.4744
_20425_/Q,_20239_/D,-19.4736
_20425_/Q,_20436_/D,-19.4683
_20425_/Q,_20301_/D,-19.4644
_20425_/Q,_20235_/D,-19.4527
_20425_/Q,_20455_/D,-19.4516
_20425_/Q,_20337_/D,-19.4497
_20425_/Q,_20238_/D,-19.4465
_20425_/Q,_20340_/D,-19.4446
_20425_/Q,_20256_/D,-19.4427
_20425_/Q,_20308_/D,-19.4398
_20425_/Q,_20241_/D,-19.4384
_20425_/Q,_20379_/D,-19.4377
_20425_/Q,_20440_/D,-19.4343
_20425_/Q,_20258_/D,-19.4318
_20425_/Q,_20442_/D,-19.4317
_20425_/Q,_20489_/D,-19.4289
_20425_/Q,_20336_/D,-19.4265
_20425_/Q,_20331_/D,-19.4254
_20425_/Q,_20252_/D,-19.4254
_20425_/Q,_20324_/D,-19.4252
_20425_/Q,_20454_/D,-19.4230
_20425_/Q,_20387_/D,-19.4228
_20425_/Q,_20325_/D,-19.4217
_20425_/Q,_20457_/D,-19.4206
