Start Point,End Point,WNS (ns)
_20425_/Q,regfile_alu_wdata_fw_o[8],-18.7501
_20425_/Q,regfile_alu_wdata_fw_o[27],-18.7422
_20425_/Q,regfile_alu_wdata_fw_o[25],-18.7224
_20425_/Q,regfile_alu_wdata_fw_o[28],-18.7218
_20425_/Q,regfile_alu_wdata_fw_o[24],-18.7116
_20425_/Q,regfile_alu_wdata_fw_o[23],-18.7098
_20425_/Q,regfile_alu_wdata_fw_o[22],-18.7039
_20425_/Q,regfile_alu_wdata_fw_o[31],-18.7021
_20425_/Q,regfile_alu_wdata_fw_o[30],-18.6910
_20425_/Q,regfile_alu_wdata_fw_o[7],-18.6857
_20425_/Q,regfile_alu_wdata_fw_o[6],-18.6819
_20425_/Q,regfile_alu_wdata_fw_o[21],-18.6746
_20425_/Q,regfile_alu_wdata_fw_o[26],-18.6727
_20425_/Q,regfile_alu_wdata_fw_o[11],-18.6549
_20425_/Q,regfile_alu_wdata_fw_o[13],-18.6475
_20425_/Q,regfile_alu_wdata_fw_o[12],-18.6473
_20425_/Q,regfile_alu_wdata_fw_o[15],-18.6245
_20425_/Q,regfile_alu_wdata_fw_o[19],-18.6230
_20425_/Q,regfile_alu_wdata_fw_o[17],-18.6107
_20425_/Q,regfile_alu_wdata_fw_o[10],-18.6052
_20425_/Q,regfile_alu_wdata_fw_o[16],-18.5931
_20425_/Q,regfile_alu_wdata_fw_o[20],-18.5912
_20425_/Q,regfile_alu_wdata_fw_o[29],-18.5908
_20425_/Q,regfile_alu_wdata_fw_o[18],-18.5894
_20425_/Q,regfile_alu_wdata_fw_o[14],-18.5894
_20425_/Q,regfile_alu_wdata_fw_o[9],-18.5696
_20425_/Q,regfile_alu_wdata_fw_o[0],-18.5660
_20425_/Q,regfile_alu_wdata_fw_o[4],-18.5659
_20425_/Q,regfile_alu_wdata_fw_o[5],-18.5579
_20425_/Q,regfile_alu_wdata_fw_o[2],-18.5528
_20425_/Q,regfile_alu_wdata_fw_o[3],-18.5450
_20425_/Q,regfile_alu_wdata_fw_o[1],-18.5366
_20428_/Q,id_ready_o,-1.6884
_20428_/Q,id_valid_o,-1.6704
_27492_/Q,id_jump_target_o[31],-1.4982
_27492_/Q,id_jump_target_o[30],-1.3586
_27492_/Q,id_jump_target_o[28],-0.8322
_27844_/Q,id_jump_target_o[23],-0.8295
_27492_/Q,id_jump_target_o[29],-0.7589
_27492_/Q,id_jump_target_o[27],-0.6930
_27492_/Q,id_jump_target_o[25],-0.6884
_27492_/Q,id_jump_target_o[22],-0.6744
_27492_/Q,id_jump_target_o[26],-0.5573
_27492_/Q,id_jump_target_o[19],-0.5551
_27492_/Q,id_jump_target_o[24],-0.4830
_27844_/Q,id_jump_target_o[21],-0.4607
_27492_/Q,id_jump_target_o[18],-0.3957
_27492_/Q,id_jump_target_o[20],-0.3243
_27844_/Q,id_jump_target_o[15],-0.1052
_27492_/Q,id_jump_target_o[17],-0.0878
