
21. Printing statistics.

=== cv32e40p_id_ex_readmask_context ===

        +----------Local Count, excluding submodules.
        |        +-Local Area, excluding submodules.
        |        | 
    22716        - wires
    23181        - wire bits
     9625        - public wires
    10090        - public wire bits
       44        - ports
      509        - port bits
    15126 1.23E+05 cells
       11        -   $scopeinfo
       23  201.443   sky130_fd_sc_hd__a2111oi_0
       68  595.571   sky130_fd_sc_hd__a211o_1
      210 1.58E+03   sky130_fd_sc_hd__a211oi_1
        8   80.077   sky130_fd_sc_hd__a21bo_1
       33  247.738   sky130_fd_sc_hd__a21boi_0
       66  495.475   sky130_fd_sc_hd__a21o_1
     1299  6.5E+03   sky130_fd_sc_hd__a21oi_1
       61  610.586   sky130_fd_sc_hd__a221o_1
      247 2.16E+03   sky130_fd_sc_hd__a221oi_1
      190  1.9E+03   sky130_fd_sc_hd__a222oi_1
      152 1.33E+03   sky130_fd_sc_hd__a22o_1
      287 2.15E+03   sky130_fd_sc_hd__a22oi_1
        1    10.01   sky130_fd_sc_hd__a2bb2o_1
        7   61.309   sky130_fd_sc_hd__a2bb2oi_1
        4   40.038   sky130_fd_sc_hd__a311o_1
       48  420.403   sky130_fd_sc_hd__a311oi_1
       15  131.376   sky130_fd_sc_hd__a31o_1
      174 1.09E+03   sky130_fd_sc_hd__a31oi_1
        5   50.048   sky130_fd_sc_hd__a32o_1
       22  192.685   sky130_fd_sc_hd__a32oi_1
        3   26.275   sky130_fd_sc_hd__a41oi_1
       91  569.296   sky130_fd_sc_hd__and2_0
       84  525.504   sky130_fd_sc_hd__and3_1
        6    52.55   sky130_fd_sc_hd__and3b_1
        2   17.517   sky130_fd_sc_hd__and4_1
        4   40.038   sky130_fd_sc_hd__and4b_1
      420 1.58E+03   sky130_fd_sc_hd__clkinv_1
     1566 3.92E+04   sky130_fd_sc_hd__dfrtp_1
        4  105.101   sky130_fd_sc_hd__dfstp_2
       80   500.48   sky130_fd_sc_hd__lpflow_inputiso1p_1
      110   688.16   sky130_fd_sc_hd__lpflow_isobufsrc_1
       56  560.538   sky130_fd_sc_hd__maj3_1
      360 4.05E+03   sky130_fd_sc_hd__mux2_1
      473 4.73E+03   sky130_fd_sc_hd__mux2i_1
      343 7.72E+03   sky130_fd_sc_hd__mux4_2
     1893 7.11E+03   sky130_fd_sc_hd__nand2_1
      164 1.03E+03   sky130_fd_sc_hd__nand2b_1
      288 1.44E+03   sky130_fd_sc_hd__nand3_1
       16  120.115   sky130_fd_sc_hd__nand3b_1
       64  400.384   sky130_fd_sc_hd__nand4_1
       13  113.859   sky130_fd_sc_hd__nand4b_1
        1   11.261   sky130_fd_sc_hd__nand4bb_1
     2341 8.79E+03   sky130_fd_sc_hd__nor2_1
       11   68.816   sky130_fd_sc_hd__nor2b_1
      268 1.34E+03   sky130_fd_sc_hd__nor3_1
       20  150.144   sky130_fd_sc_hd__nor3b_1
       64  400.384   sky130_fd_sc_hd__nor4_1
       14  122.618   sky130_fd_sc_hd__nor4b_1
        9   90.086   sky130_fd_sc_hd__nor4bb_1
        1   11.261   sky130_fd_sc_hd__o2111a_1
       36  315.302   sky130_fd_sc_hd__o2111ai_1
       17  170.163   sky130_fd_sc_hd__o211a_1
      278 2.09E+03   sky130_fd_sc_hd__o211ai_1
       78  585.562   sky130_fd_sc_hd__o21a_1
     1569 7.85E+03   sky130_fd_sc_hd__o21ai_0
        1    10.01   sky130_fd_sc_hd__o21ba_1
       26  195.187   sky130_fd_sc_hd__o21bai_1
       20  225.216   sky130_fd_sc_hd__o221a_1
      130 1.14E+03   sky130_fd_sc_hd__o221ai_1
       20  175.168   sky130_fd_sc_hd__o22a_1
      617 3.86E+03   sky130_fd_sc_hd__o22ai_1
        5   43.792   sky130_fd_sc_hd__o2bb2ai_1
       10  100.096   sky130_fd_sc_hd__o311a_1
       33  289.027   sky130_fd_sc_hd__o311ai_0
       15  131.376   sky130_fd_sc_hd__o31a_1
       53  397.882   sky130_fd_sc_hd__o31ai_1
       11  110.106   sky130_fd_sc_hd__o32a_1
       19   166.41   sky130_fd_sc_hd__o32ai_1
        2   22.522   sky130_fd_sc_hd__o41a_1
        9   78.826   sky130_fd_sc_hd__o41ai_1
       51  319.056   sky130_fd_sc_hd__or3_1
        9   78.826   sky130_fd_sc_hd__or3b_1
       20  150.144   sky130_fd_sc_hd__or4_1
        4   40.038   sky130_fd_sc_hd__or4b_1
      213 1.87E+03   sky130_fd_sc_hd__xnor2_1
        2   45.043   sky130_fd_sc_hd__xnor3_1
      177 1.55E+03   sky130_fd_sc_hd__xor2_1
        1   23.773   sky130_fd_sc_hd__xor3_1

   Area for cell type $scopeinfo is unknown!

   Chip area for module '\cv32e40p_id_ex_readmask_context': 123434.633600
     of which used for sequential elements: 39292.684800 (31.83%)

