
 /----------------------------------------------------------------------------\
 |  yosys -- Yosys Open SYnthesis Suite                                       |
 |  Copyright (C) 2012 - 2026  Claire Xenia Wolf <claire@yosyshq.com>         |
 |  Distributed under an ISC-like license, type "license" to see terms        |
 \----------------------------------------------------------------------------/
 Yosys 0.66+181 (git sha1 afe6b18f2, Release, Clang /usr/bin/clang++ 18.1.8)

-- Executing script file `prove.ys' --

1. Executing Verilog-2005 frontend: prefetch_hwlp_nextcnt_expr_miter.sv
Parsing SystemVerilog input from `prefetch_hwlp_nextcnt_expr_miter.sv' to AST representation.
Generating RTLIL representation for module `\prefetch_hwlp_nextcnt_expr_miter'.
Successfully finished Verilog frontend.

2. Executing PREP pass.

2.1. Executing HIERARCHY pass (managing design hierarchy).

2.1.1. Analyzing design hierarchy..
Top module:  \prefetch_hwlp_nextcnt_expr_miter

2.1.2. Analyzing design hierarchy..
Top module:  \prefetch_hwlp_nextcnt_expr_miter
Removed 0 unused modules.

2.2. Executing PROC pass (convert processes to netlists).

2.2.1. Executing PROC_CLEAN pass (remove empty switches from decision trees).
Cleaned up 0 empty switches.

2.2.2. Executing PROC_RMDEAD pass (remove dead branches from decision trees).
Removed 1 dead cases from process $proc$prefetch_hwlp_nextcnt_expr_miter.sv:14$1 in module prefetch_hwlp_nextcnt_expr_miter.
Marked 1 switch rules as full_case in process $proc$prefetch_hwlp_nextcnt_expr_miter.sv:14$1 in module prefetch_hwlp_nextcnt_expr_miter.
Removed a total of 1 dead cases.

2.2.3. Executing PROC_PRUNE pass (remove redundant assignments in processes).
Removed 0 redundant assignments.
Promoted 1 assignment to connection.

2.2.4. Executing PROC_INIT pass (extract init attributes).

2.2.5. Executing PROC_ARST pass (detect async resets in processes).

2.2.6. Executing PROC_ROM pass (convert switches to ROMs).
Converted 0 switches.
<suppressed ~1 debug messages>

2.2.7. Executing PROC_MUX pass (convert decision trees to multiplexers).
Creating decoders for process `\prefetch_hwlp_nextcnt_expr_miter.$proc$prefetch_hwlp_nextcnt_expr_miter.sv:14$1'.
     1/1: $1\old_next_cnt_o[2:0]

2.2.8. Executing PROC_DLATCH pass (convert process syncs to latches).
No latch inferred for signal `\prefetch_hwlp_nextcnt_expr_miter.\old_next_cnt_o' from process `\prefetch_hwlp_nextcnt_expr_miter.$proc$prefetch_hwlp_nextcnt_expr_miter.sv:14$1'.

2.2.9. Executing PROC_DFF pass (convert process syncs to FFs).

2.2.10. Executing PROC_MEMWR pass (convert process memory writes to cells).

2.2.11. Executing PROC_CLEAN pass (remove empty switches from decision trees).
Found and cleaned up 1 empty switch in `\prefetch_hwlp_nextcnt_expr_miter.$proc$prefetch_hwlp_nextcnt_expr_miter.sv:14$1'.
Removing empty process `prefetch_hwlp_nextcnt_expr_miter.$proc$prefetch_hwlp_nextcnt_expr_miter.sv:14$1'.
Cleaned up 1 empty switch.

2.2.12. Executing OPT_EXPR pass (perform const folding).
Optimizing module prefetch_hwlp_nextcnt_expr_miter.
<suppressed ~1 debug messages>

2.3. Executing FUTURE pass.

2.4. Executing OPT_EXPR pass (perform const folding).
Optimizing module prefetch_hwlp_nextcnt_expr_miter.

2.5. Executing OPT_CLEAN pass (remove unused cells and wires).
Finding unused cells or wires in module \prefetch_hwlp_nextcnt_expr_miter..
Removed 0 unused cells and 7 unused wires.
<suppressed ~1 debug messages>

2.6. Executing CHECK pass (checking for obvious problems).
Checking module prefetch_hwlp_nextcnt_expr_miter...
Found and reported 0 problems.

2.7. Executing OPT pass (performing simple optimizations).

2.7.1. Executing OPT_EXPR pass (perform const folding).
Optimizing module prefetch_hwlp_nextcnt_expr_miter.

2.7.2. Executing OPT_MERGE pass (detect identical cells).
Finding identical cells in module `\prefetch_hwlp_nextcnt_expr_miter'.
Computing hashes of 19 cells of `\prefetch_hwlp_nextcnt_expr_miter'.
Finding duplicate cells in `\prefetch_hwlp_nextcnt_expr_miter'.
Removed a total of 0 cells.

2.7.3. Executing OPT_MUXTREE pass (detect dead branches in mux trees).
Running muxtree optimizer on module \prefetch_hwlp_nextcnt_expr_miter..
  Creating internal representation of mux trees.
  Evaluating internal representation of mux trees.
  Analyzing evaluation results.
Removed 0 multiplexer ports.
<suppressed ~2 debug messages>

2.7.4. Executing OPT_REDUCE pass (consolidate $*mux and $reduce_* inputs).
  Optimizing cells in module \prefetch_hwlp_nextcnt_expr_miter.
    New ctrl vector for $pmux cell $procmux$16: { $auto$opt_reduce.cc:135:opt_pmux$22 $procmux$18_CMP $procmux$19_CMP }
  Optimizing cells in module \prefetch_hwlp_nextcnt_expr_miter.
Performed a total of 1 changes.

2.7.5. Executing OPT_MERGE pass (detect identical cells).
Finding identical cells in module `\prefetch_hwlp_nextcnt_expr_miter'.
Computing hashes of 20 cells of `\prefetch_hwlp_nextcnt_expr_miter'.
Finding duplicate cells in `\prefetch_hwlp_nextcnt_expr_miter'.
Removed a total of 0 cells.

2.7.6. Executing OPT_CLEAN pass (remove unused cells and wires).
Finding unused cells or wires in module \prefetch_hwlp_nextcnt_expr_miter..

2.7.7. Executing OPT_EXPR pass (perform const folding).
Optimizing module prefetch_hwlp_nextcnt_expr_miter.

2.7.8. Rerunning OPT passes. (Maybe there is more to do..)

2.7.9. Executing OPT_MUXTREE pass (detect dead branches in mux trees).
Running muxtree optimizer on module \prefetch_hwlp_nextcnt_expr_miter..
  Creating internal representation of mux trees.
  Evaluating internal representation of mux trees.
  Analyzing evaluation results.
Removed 0 multiplexer ports.
<suppressed ~2 debug messages>

2.7.10. Executing OPT_REDUCE pass (consolidate $*mux and $reduce_* inputs).
  Optimizing cells in module \prefetch_hwlp_nextcnt_expr_miter.
Performed a total of 0 changes.

2.7.11. Executing OPT_MERGE pass (detect identical cells).
Finding identical cells in module `\prefetch_hwlp_nextcnt_expr_miter'.
Computing hashes of 20 cells of `\prefetch_hwlp_nextcnt_expr_miter'.
Finding duplicate cells in `\prefetch_hwlp_nextcnt_expr_miter'.
Removed a total of 0 cells.

2.7.12. Executing OPT_CLEAN pass (remove unused cells and wires).
Finding unused cells or wires in module \prefetch_hwlp_nextcnt_expr_miter..

2.7.13. Executing OPT_EXPR pass (perform const folding).
Optimizing module prefetch_hwlp_nextcnt_expr_miter.

2.7.14. Finished fast OPT passes. (There is nothing left to do.)

2.8. Executing WREDUCE pass (reducing word size of cells).
Removed top 1 bits (of 2) from port B of cell prefetch_hwlp_nextcnt_expr_miter.$procmux$19_CMP0 ($eq).

2.9. Executing OPT_CLEAN pass (remove unused cells and wires).
Finding unused cells or wires in module \prefetch_hwlp_nextcnt_expr_miter..

2.10. Executing MEMORY_COLLECT pass (generating $mem cells).

2.11. Executing OPT pass (performing simple optimizations).

2.11.1. Executing OPT_EXPR pass (perform const folding).
Optimizing module prefetch_hwlp_nextcnt_expr_miter.

2.11.2. Executing OPT_MERGE pass (detect identical cells).
Finding identical cells in module `\prefetch_hwlp_nextcnt_expr_miter'.
Computing hashes of 20 cells of `\prefetch_hwlp_nextcnt_expr_miter'.
Finding duplicate cells in `\prefetch_hwlp_nextcnt_expr_miter'.
Removed a total of 0 cells.

2.11.3. Executing OPT_CLEAN pass (remove unused cells and wires).
Finding unused cells or wires in module \prefetch_hwlp_nextcnt_expr_miter..

2.11.4. Finished fast OPT passes.

2.12. Executing SORT pass.

2.13. Printing statistics.

=== prefetch_hwlp_nextcnt_expr_miter ===

        +----------Local Count, excluding submodules.
        |
       26 wires
       38 wire bits
       11 public wires
       17 public wire bits
       11 ports
       17 port bits
       20 cells
        2   $add
        3   $eq
        4   $logic_and
        4   $logic_not
        1   $logic_or
        1   $ne
        1   $pmux
        1   $reduce_or
        2   $sub
        1   $xor

2.14. Executing CHECK pass (checking for obvious problems).
Checking module prefetch_hwlp_nextcnt_expr_miter...
Found and reported 0 problems.

3. Executing SAT pass (solving SAT problems in the circuit).
Using SAT solver `minisat`.

Setting up SAT problem:
Final constraint equation: { } = { }
Imported 20 cells to SAT database.
Import proof-constraint: \diff_o = 1'0
Final proof equation: \diff_o = 1'0
Import show expression: { \hwlp_jump_i \fifo_empty_i \resp_valid_i \cnt_q \count_up \count_down \old_hwlp_flush_resp_o \new_hwlp_flush_resp_o \old_next_cnt_o \new_next_cnt_o \diff_o }

Solving problem with 236 variables and 623 clauses..
SAT proof finished - model found: FAIL!

   ______                   ___       ___       _ _            _ _
  (_____ \                 / __)     / __)     (_) |          | | |
   _____) )___ ___   ___ _| |__    _| |__ _____ _| | _____  __| | |
  |  ____/ ___) _ \ / _ (_   __)  (_   __|____ | | || ___ |/ _  |_|
  | |   | |  | |_| | |_| || |       | |  / ___ | | || ____( (_| |_
  |_|   |_|   \___/ \___/ |_|       |_|  \_____|_|\_)_____)\____|_|


  Signal Name                         Dec       Hex           Bin
  --------------------------- ----------- --------- -------------
  \cnt_q                                2         2           010
  \count_down                           1         1             1
  \count_up                             0         0             0
  \diff_o                               1         1             1
  \fifo_empty_i                         0         0             0
  \hwlp_jump_i                          1         1             1
  \new_hwlp_flush_resp_o                0         0             0
  \new_next_cnt_o                       1         1           001
  \old_hwlp_flush_resp_o                1         1             1
  \old_next_cnt_o                       1         1           001
  \resp_valid_i                         0         0             0

End of script. Logfile hash: 0a22d82f0f, time: 0.01s, user: 0.01s, system: 0.01s, MEM: 16.75 MB peak
Yosys 0.66+181 (git sha1 afe6b18f2, Release, Clang /usr/bin/clang++ 18.1.8)
Time spent: 22% 1x sat (0 sec), 15% 2x read_verilog (0 sec), ...
