Start Point,End Point,WNS (ns)
branch_i,instr_addr_o[13],2.6664
branch_i,instr_addr_o[9],2.6664
branch_i,instr_addr_o[10],2.6809
branch_i,instr_addr_o[18],2.6809
branch_i,instr_addr_o[19],2.6809
branch_i,instr_addr_o[23],2.6809
branch_i,instr_addr_o[7],2.6848
branch_i,instr_addr_o[12],2.7085
branch_i,instr_addr_o[14],2.7085
branch_i,instr_addr_o[24],2.7085
branch_i,instr_addr_o[26],2.7085
branch_i,instr_addr_o[15],2.7491
branch_i,instr_addr_o[21],2.7491
branch_i,instr_addr_o[25],2.7491
branch_i,instr_addr_o[17],2.7491
branch_i,instr_addr_o[11],2.7623
branch_i,instr_addr_o[16],2.7623
branch_i,instr_addr_o[22],2.7623
branch_i,instr_addr_o[27],2.7623
branch_i,instr_addr_o[28],2.7643
branch_i,instr_addr_o[30],2.7772
branch_i,instr_addr_o[31],2.7834
branch_i,instr_addr_o[20],2.8220
branch_i,instr_addr_o[29],2.8220
branch_i,instr_addr_o[8],2.8586
branch_i,instr_addr_o[2],2.9022
branch_i,busy_o,3.2016
branch_i,instr_req_o,3.2591
branch_i,instr_addr_o[3],3.3294
branch_i,instr_addr_o[6],3.3365
branch_i,instr_addr_o[5],3.3522
branch_i,instr_addr_o[4],3.4026
branch_i,fetch_valid_o,3.6831
instr_rdata_i[0],fetch_rdata_o[0],3.8349
instr_rdata_i[10],fetch_rdata_o[10],3.8349
instr_rdata_i[11],fetch_rdata_o[11],3.8349
instr_rdata_i[12],fetch_rdata_o[12],3.8349
instr_rdata_i[13],fetch_rdata_o[13],3.8349
instr_rdata_i[14],fetch_rdata_o[14],3.8349
instr_rdata_i[15],fetch_rdata_o[15],3.8349
instr_rdata_i[16],fetch_rdata_o[16],3.8349
instr_rdata_i[17],fetch_rdata_o[17],3.8349
instr_rdata_i[18],fetch_rdata_o[18],3.8349
instr_rdata_i[19],fetch_rdata_o[19],3.8349
instr_rdata_i[1],fetch_rdata_o[1],3.8349
instr_rdata_i[20],fetch_rdata_o[20],3.8349
instr_rdata_i[21],fetch_rdata_o[21],3.8349
instr_rdata_i[22],fetch_rdata_o[22],3.8349
instr_rdata_i[23],fetch_rdata_o[23],3.8349
instr_rdata_i[24],fetch_rdata_o[24],3.8349
