Start Point,End Point,WNS (ns)
branch_i,instr_addr_o[13],2.6664
branch_i,instr_addr_o[9],2.6664
branch_i,instr_addr_o[10],2.6809
branch_i,instr_addr_o[18],2.6809
branch_i,instr_addr_o[19],2.6809
branch_i,instr_addr_o[23],2.6809
branch_i,instr_addr_o[7],2.6848
branch_i,instr_addr_o[12],2.7085
branch_i,instr_addr_o[14],2.7085
branch_i,instr_addr_o[24],2.7085
branch_i,instr_addr_o[26],2.7085
branch_i,instr_addr_o[15],2.7491
branch_i,instr_addr_o[21],2.7491
branch_i,instr_addr_o[25],2.7491
branch_i,instr_addr_o[17],2.7491
branch_i,instr_addr_o[11],2.7623
branch_i,instr_addr_o[16],2.7623
branch_i,instr_addr_o[22],2.7623
branch_i,instr_addr_o[27],2.7623
branch_i,instr_addr_o[28],2.7643
branch_i,instr_addr_o[30],2.7772
branch_i,instr_addr_o[31],2.7834
branch_i,instr_addr_o[20],2.8220
branch_i,instr_addr_o[29],2.8220
branch_i,instr_addr_o[8],2.8586
branch_i,instr_addr_o[2],2.9022
branch_i,busy_o,3.2016
branch_i,instr_req_o,3.2591
branch_i,instr_addr_o[3],3.3294
branch_i,instr_addr_o[6],3.3365
branch_i,instr_addr_o[5],3.3522
branch_i,instr_addr_o[4],3.4026
branch_i,fetch_valid_o,3.6831
instr_rdata_i[0],fetch_rdata_o[0],3.8349
instr_rdata_i[10],fetch_rdata_o[10],3.8349
instr_rdata_i[11],fetch_rdata_o[11],3.8349
instr_rdata_i[12],fetch_rdata_o[12],3.8349
instr_rdata_i[13],fetch_rdata_o[13],3.8349
instr_rdata_i[14],fetch_rdata_o[14],3.8349
instr_rdata_i[15],fetch_rdata_o[15],3.8349
instr_rdata_i[16],fetch_rdata_o[16],3.8349
instr_rdata_i[17],fetch_rdata_o[17],3.8349
instr_rdata_i[18],fetch_rdata_o[18],3.8349
instr_rdata_i[19],fetch_rdata_o[19],3.8349
instr_rdata_i[1],fetch_rdata_o[1],3.8349
instr_rdata_i[20],fetch_rdata_o[20],3.8349
instr_rdata_i[21],fetch_rdata_o[21],3.8349
instr_rdata_i[22],fetch_rdata_o[22],3.8349
instr_rdata_i[23],fetch_rdata_o[23],3.8349
instr_rdata_i[24],fetch_rdata_o[24],3.8349
branch_i,_1169_/D,0.3554
branch_i,_1140_/D,0.4867
branch_i,_1141_/D,0.4867
branch_i,_1142_/D,0.4867
branch_i,_1143_/D,0.4867
branch_i,_1144_/D,0.4867
branch_i,_1145_/D,0.4867
branch_i,_1146_/D,0.4867
branch_i,_1147_/D,0.4867
branch_i,_1148_/D,0.4867
branch_i,_1149_/D,0.4867
branch_i,_1150_/D,0.4867
branch_i,_1151_/D,0.4867
branch_i,_1152_/D,0.4867
branch_i,_1153_/D,0.4867
branch_i,_1154_/D,0.4867
branch_i,_1155_/D,0.4867
branch_i,_1156_/D,0.4867
branch_i,_1157_/D,0.4867
branch_i,_1158_/D,0.4867
branch_i,_1159_/D,0.4867
branch_i,_1160_/D,0.4867
branch_i,_1161_/D,0.4867
branch_i,_1162_/D,0.4867
branch_i,_1163_/D,0.4867
branch_i,_1164_/D,0.4867
branch_i,_1165_/D,0.4867
branch_i,_1166_/D,0.4867
branch_i,_1167_/D,0.4867
branch_i,_1168_/D,0.4867
branch_i,_1201_/D,1.2315
branch_i,_1202_/D,1.2315
branch_i,_1173_/D,1.2393
branch_i,_1174_/D,1.2393
branch_i,_1175_/D,1.2393
branch_i,_1176_/D,1.2393
branch_i,_1177_/D,1.2393
branch_i,_1178_/D,1.2393
branch_i,_1179_/D,1.2393
branch_i,_1180_/D,1.2393
branch_i,_1181_/D,1.2393
branch_i,_1182_/D,1.2393
branch_i,_1183_/D,1.2393
branch_i,_1184_/D,1.2393
branch_i,_1185_/D,1.2393
branch_i,_1186_/D,1.2393
branch_i,_1187_/D,1.2393
branch_i,_1188_/D,1.2393
branch_i,_1189_/D,1.2393
branch_i,_1190_/D,1.2393
_1140_/Q,instr_addr_o[31],0.0782
_1140_/Q,instr_addr_o[30],0.3924
_1140_/Q,instr_addr_o[29],0.4092
_1140_/Q,instr_addr_o[28],0.5073
_1140_/Q,instr_addr_o[27],0.6099
_1140_/Q,instr_addr_o[26],0.6841
_1140_/Q,instr_addr_o[25],1.1336
_1140_/Q,instr_addr_o[24],1.2096
_1140_/Q,instr_addr_o[23],1.2946
_1140_/Q,instr_addr_o[22],1.4308
_1140_/Q,instr_addr_o[20],1.5353
_1140_/Q,instr_addr_o[21],1.5374
_1140_/Q,instr_addr_o[19],1.8683
_1140_/Q,instr_addr_o[18],2.0143
_1066_/Q,busy_o,2.1093
_1140_/Q,instr_addr_o[17],2.1550
_1066_/Q,instr_req_o,2.1668
_1140_/Q,instr_addr_o[16],2.1775
_1140_/Q,instr_addr_o[15],2.3570
_1140_/Q,instr_addr_o[14],2.4553
_1066_/Q,fetch_valid_o,2.6034
_1066_/Q,fetch_rdata_o[0],2.6626
_1066_/Q,fetch_rdata_o[10],2.6626
_1066_/Q,fetch_rdata_o[11],2.6626
_1066_/Q,fetch_rdata_o[12],2.6626
_1066_/Q,fetch_rdata_o[13],2.6626
_1066_/Q,fetch_rdata_o[14],2.6626
_1066_/Q,fetch_rdata_o[15],2.6626
_1066_/Q,fetch_rdata_o[16],2.6626
_1066_/Q,fetch_rdata_o[17],2.6626
_1066_/Q,fetch_rdata_o[18],2.6626
_1066_/Q,fetch_rdata_o[19],2.6626
_1066_/Q,fetch_rdata_o[1],2.6626
_1066_/Q,fetch_rdata_o[20],2.6626
_1066_/Q,fetch_rdata_o[21],2.6626
_1066_/Q,fetch_rdata_o[22],2.6626
_1066_/Q,fetch_rdata_o[23],2.6626
_1066_/Q,fetch_rdata_o[24],2.6626
_1066_/Q,fetch_rdata_o[25],2.6626
_1066_/Q,fetch_rdata_o[26],2.6626
_1066_/Q,fetch_rdata_o[27],2.6626
_1066_/Q,fetch_rdata_o[28],2.6626
_1066_/Q,fetch_rdata_o[29],2.6626
_1066_/Q,fetch_rdata_o[2],2.6626
_1066_/Q,fetch_rdata_o[30],2.6626
_1066_/Q,fetch_rdata_o[31],2.6626
_1066_/Q,fetch_rdata_o[3],2.6626
_1066_/Q,fetch_rdata_o[4],2.6626
_1066_/Q,fetch_rdata_o[5],2.6626
_1066_/Q,fetch_rdata_o[6],2.6626
_1066_/Q,_1169_/D,-0.7369
_1066_/Q,_1140_/D,-0.6056
_1066_/Q,_1141_/D,-0.6056
_1066_/Q,_1142_/D,-0.6056
_1066_/Q,_1143_/D,-0.6056
_1066_/Q,_1144_/D,-0.6056
_1066_/Q,_1145_/D,-0.6056
_1066_/Q,_1146_/D,-0.6056
_1066_/Q,_1147_/D,-0.6056
_1066_/Q,_1148_/D,-0.6056
_1066_/Q,_1149_/D,-0.6056
_1066_/Q,_1150_/D,-0.6056
_1066_/Q,_1151_/D,-0.6056
_1066_/Q,_1152_/D,-0.6056
_1066_/Q,_1153_/D,-0.6056
_1066_/Q,_1154_/D,-0.6056
_1066_/Q,_1155_/D,-0.6056
_1066_/Q,_1156_/D,-0.6056
_1066_/Q,_1157_/D,-0.6056
_1066_/Q,_1158_/D,-0.6056
_1066_/Q,_1159_/D,-0.6056
_1066_/Q,_1160_/D,-0.6056
_1066_/Q,_1161_/D,-0.6056
_1066_/Q,_1162_/D,-0.6056
_1066_/Q,_1163_/D,-0.6056
_1066_/Q,_1164_/D,-0.6056
_1066_/Q,_1165_/D,-0.6056
_1066_/Q,_1166_/D,-0.6056
_1066_/Q,_1167_/D,-0.6056
_1066_/Q,_1168_/D,-0.6056
_1065_/Q,_1201_/D,0.2775
_1065_/Q,_1202_/D,0.2775
_1065_/Q,_1173_/D,0.2854
_1065_/Q,_1174_/D,0.2854
_1065_/Q,_1175_/D,0.2854
_1065_/Q,_1176_/D,0.2854
_1065_/Q,_1177_/D,0.2854
_1065_/Q,_1178_/D,0.2854
_1065_/Q,_1179_/D,0.2854
_1065_/Q,_1180_/D,0.2854
_1065_/Q,_1181_/D,0.2854
_1065_/Q,_1182_/D,0.2854
_1065_/Q,_1183_/D,0.2854
_1065_/Q,_1184_/D,0.2854
_1065_/Q,_1185_/D,0.2854
_1065_/Q,_1186_/D,0.2854
_1065_/Q,_1187_/D,0.2854
_1065_/Q,_1188_/D,0.2854
_1065_/Q,_1189_/D,0.2854
_1065_/Q,_1190_/D,0.2854
