Start Point,End Point,WNS (ns)
_1140_/Q,instr_addr_o[31],0.0782
_1140_/Q,instr_addr_o[30],0.3924
_1140_/Q,instr_addr_o[29],0.4092
_1140_/Q,instr_addr_o[28],0.5073
_1140_/Q,instr_addr_o[27],0.6099
_1140_/Q,instr_addr_o[26],0.6841
_1140_/Q,instr_addr_o[25],1.1336
_1140_/Q,instr_addr_o[24],1.2096
_1140_/Q,instr_addr_o[23],1.2946
_1140_/Q,instr_addr_o[22],1.4308
_1140_/Q,instr_addr_o[20],1.5353
_1140_/Q,instr_addr_o[21],1.5374
_1140_/Q,instr_addr_o[19],1.8683
_1140_/Q,instr_addr_o[18],2.0143
_1066_/Q,busy_o,2.1093
_1140_/Q,instr_addr_o[17],2.1550
_1066_/Q,instr_req_o,2.1668
_1140_/Q,instr_addr_o[16],2.1775
_1140_/Q,instr_addr_o[15],2.3570
_1140_/Q,instr_addr_o[14],2.4553
_1066_/Q,fetch_valid_o,2.6034
_1066_/Q,fetch_rdata_o[0],2.6626
_1066_/Q,fetch_rdata_o[10],2.6626
_1066_/Q,fetch_rdata_o[11],2.6626
_1066_/Q,fetch_rdata_o[12],2.6626
_1066_/Q,fetch_rdata_o[13],2.6626
_1066_/Q,fetch_rdata_o[14],2.6626
_1066_/Q,fetch_rdata_o[15],2.6626
_1066_/Q,fetch_rdata_o[16],2.6626
_1066_/Q,fetch_rdata_o[17],2.6626
_1066_/Q,fetch_rdata_o[18],2.6626
_1066_/Q,fetch_rdata_o[19],2.6626
_1066_/Q,fetch_rdata_o[1],2.6626
_1066_/Q,fetch_rdata_o[20],2.6626
_1066_/Q,fetch_rdata_o[21],2.6626
_1066_/Q,fetch_rdata_o[22],2.6626
_1066_/Q,fetch_rdata_o[23],2.6626
_1066_/Q,fetch_rdata_o[24],2.6626
_1066_/Q,fetch_rdata_o[25],2.6626
_1066_/Q,fetch_rdata_o[26],2.6626
_1066_/Q,fetch_rdata_o[27],2.6626
_1066_/Q,fetch_rdata_o[28],2.6626
_1066_/Q,fetch_rdata_o[29],2.6626
_1066_/Q,fetch_rdata_o[2],2.6626
_1066_/Q,fetch_rdata_o[30],2.6626
_1066_/Q,fetch_rdata_o[31],2.6626
_1066_/Q,fetch_rdata_o[3],2.6626
_1066_/Q,fetch_rdata_o[4],2.6626
_1066_/Q,fetch_rdata_o[5],2.6626
_1066_/Q,fetch_rdata_o[6],2.6626
