Start Point,End Point,WNS (ns)
alu_operator_i[5],regfile_alu_wdata_fw_o[1],-20.2186
alu_operator_i[5],regfile_alu_wdata_fw_o[8],-20.2186
alu_operator_i[5],regfile_alu_wdata_fw_o[19],-20.1842
alu_operator_i[5],regfile_alu_wdata_fw_o[3],-20.1842
alu_operator_i[5],regfile_alu_wdata_fw_o[14],-20.1700
alu_operator_i[5],regfile_alu_wdata_fw_o[23],-20.1700
alu_operator_i[5],regfile_alu_wdata_fw_o[0],-20.1459
alu_operator_i[5],regfile_alu_wdata_fw_o[10],-20.1459
alu_operator_i[5],regfile_alu_wdata_fw_o[11],-20.1459
alu_operator_i[5],regfile_alu_wdata_fw_o[15],-20.1459
alu_operator_i[5],regfile_alu_wdata_fw_o[16],-20.1459
alu_operator_i[5],regfile_alu_wdata_fw_o[20],-20.1459
alu_operator_i[5],regfile_alu_wdata_fw_o[21],-20.1459
alu_operator_i[5],regfile_alu_wdata_fw_o[27],-20.1459
alu_operator_i[5],regfile_alu_wdata_fw_o[31],-20.1459
alu_operator_i[5],regfile_alu_wdata_fw_o[4],-20.1459
alu_operator_i[5],regfile_alu_wdata_fw_o[13],-20.0984
alu_operator_i[5],regfile_alu_wdata_fw_o[24],-20.0984
alu_operator_i[5],regfile_alu_wdata_fw_o[25],-20.0984
alu_operator_i[5],regfile_alu_wdata_fw_o[26],-20.0984
alu_operator_i[5],regfile_alu_wdata_fw_o[29],-20.0984
alu_operator_i[5],regfile_alu_wdata_fw_o[2],-20.0984
alu_operator_i[5],regfile_alu_wdata_fw_o[5],-20.0984
alu_operator_i[5],regfile_alu_wdata_fw_o[6],-20.0984
alu_operator_i[5],regfile_alu_wdata_fw_o[7],-20.0984
alu_operator_i[5],regfile_alu_wdata_fw_o[9],-20.0984
alu_operator_i[5],regfile_alu_wdata_fw_o[12],-20.0484
alu_operator_i[5],regfile_alu_wdata_fw_o[17],-20.0484
alu_operator_i[5],regfile_alu_wdata_fw_o[18],-20.0484
alu_operator_i[5],regfile_alu_wdata_fw_o[22],-20.0484
alu_operator_i[5],regfile_alu_wdata_fw_o[28],-20.0484
alu_operator_i[5],regfile_alu_wdata_fw_o[30],-20.0484
alu_vec_mode_i[1],branch_decision_o,0.6778
alu_operator_i[6],regfile_alu_we_fw_power_o,1.6408
alu_operator_i[6],alu_ready_o,1.7788
regfile_alu_waddr_i[0],regfile_alu_waddr_fw_o[0],3.9994
regfile_alu_waddr_i[1],regfile_alu_waddr_fw_o[1],3.9994
regfile_alu_waddr_i[2],regfile_alu_waddr_fw_o[2],3.9994
regfile_alu_waddr_i[3],regfile_alu_waddr_fw_o[3],3.9994
regfile_alu_waddr_i[4],regfile_alu_waddr_fw_o[4],3.9994
regfile_alu_waddr_i[5],regfile_alu_waddr_fw_o[5],3.9994
alu_operand_c_i[0],jump_target_o[0],3.9997
alu_operand_c_i[10],jump_target_o[10],3.9997
alu_operand_c_i[11],jump_target_o[11],3.9997
alu_operand_c_i[12],jump_target_o[12],3.9997
alu_operand_c_i[13],jump_target_o[13],3.9997
alu_operand_c_i[14],jump_target_o[14],3.9997
alu_operand_c_i[15],jump_target_o[15],3.9997
alu_operand_c_i[16],jump_target_o[16],3.9997
alu_operand_c_i[17],jump_target_o[17],3.9997
alu_operator_i[5],_9386_/D,-16.2551
alu_operator_i[5],_9382_/D,-16.2501
alu_operator_i[5],_9369_/D,-16.1797
alu_operator_i[5],_9395_/D,-16.1577
alu_operator_i[5],_9372_/D,-16.1026
alu_operator_i[5],_9375_/D,-16.0887
alu_operator_i[5],_9388_/D,-16.0805
alu_operator_i[5],_9373_/D,-16.0763
alu_operator_i[5],_9378_/D,-16.0762
alu_operator_i[5],_9376_/D,-16.0583
alu_operator_i[5],_9370_/D,-16.0451
alu_operator_i[5],_9377_/D,-16.0445
alu_operator_i[5],_9390_/D,-16.0328
alu_operator_i[5],_9394_/D,-16.0103
alu_operator_i[5],_9385_/D,-16.0103
alu_operator_i[5],_9393_/D,-15.9995
alu_operator_i[5],_9398_/D,-15.9990
alu_operator_i[5],_9379_/D,-15.9684
alu_operator_i[5],_9371_/D,-15.9564
alu_operator_i[5],_9387_/D,-15.9402
alu_operator_i[5],_9392_/D,-15.9273
alu_operator_i[5],_9383_/D,-15.9221
alu_operator_i[5],_9374_/D,-15.9060
alu_operator_i[5],_9391_/D,-15.8995
alu_operator_i[5],_9389_/D,-15.8669
alu_operator_i[5],_9399_/D,-15.8615
alu_operator_i[5],_9380_/D,-15.8403
alu_operator_i[5],_9381_/D,-15.7965
alu_operator_i[5],_9396_/D,-15.7526
alu_operator_i[5],_9384_/D,-15.7432
alu_operator_i[5],_9397_/D,-15.6882
alu_operator_i[5],_9400_/D,-14.6005
alu_operator_i[6],_9432_/D,-6.4948
alu_operator_i[6],_9431_/D,-6.2608
alu_operator_i[6],_9430_/D,-6.0742
alu_operator_i[6],_9429_/D,-5.7234
alu_operator_i[6],_9428_/D,-5.5836
alu_operator_i[6],_9427_/D,-5.4771
alu_operator_i[6],_9426_/D,-5.1523
alu_operator_i[6],_9424_/D,-4.9362
alu_operator_i[6],_9425_/D,-4.8190
alu_operator_i[6],_9423_/D,-4.5619
alu_operator_i[6],_9422_/D,-4.2849
alu_operator_i[6],_9421_/D,-4.0735
alu_operator_i[6],_9420_/D,-3.8714
alu_operator_i[6],_9419_/D,-3.6879
alu_operator_i[6],_9418_/D,-3.4505
alu_operator_i[6],_9417_/D,-3.2492
alu_operator_i[6],_9416_/D,-3.2415
alu_operator_i[6],_9415_/D,-3.0496
_9336_/Q,regfile_alu_wdata_fw_o[31],-2.4968
_9336_/Q,regfile_alu_wdata_fw_o[30],-2.2470
_9336_/Q,regfile_alu_wdata_fw_o[29],-2.1049
_9336_/Q,regfile_alu_wdata_fw_o[27],-1.9258
_9336_/Q,regfile_alu_wdata_fw_o[28],-1.8932
_9336_/Q,regfile_alu_wdata_fw_o[26],-1.6436
_9336_/Q,regfile_alu_wdata_fw_o[25],-1.5025
_9336_/Q,regfile_alu_wdata_fw_o[23],-1.4052
_9336_/Q,regfile_alu_wdata_fw_o[24],-1.2591
_9336_/Q,regfile_alu_wdata_fw_o[21],-1.1050
_9336_/Q,regfile_alu_wdata_fw_o[20],-0.9041
_9336_/Q,regfile_alu_wdata_fw_o[19],-0.7895
_9336_/Q,regfile_alu_wdata_fw_o[22],-0.7136
_9336_/Q,regfile_alu_wdata_fw_o[18],-0.4715
_9336_/Q,regfile_alu_wdata_fw_o[17],-0.4491
_9336_/Q,regfile_alu_wdata_fw_o[16],-0.3877
_9336_/Q,regfile_alu_wdata_fw_o[15],0.0270
_9336_/Q,regfile_alu_wdata_fw_o[14],0.0316
_9336_/Q,regfile_alu_wdata_fw_o[13],0.0974
_9336_/Q,regfile_alu_wdata_fw_o[12],0.2608
_9336_/Q,regfile_alu_wdata_fw_o[11],0.2663
_9336_/Q,regfile_alu_wdata_fw_o[10],0.4669
_9336_/Q,regfile_alu_wdata_fw_o[5],0.6450
_9336_/Q,regfile_alu_wdata_fw_o[9],0.7617
_9336_/Q,regfile_alu_wdata_fw_o[6],0.7622
_9336_/Q,regfile_alu_wdata_fw_o[3],0.8599
_9336_/Q,regfile_alu_wdata_fw_o[8],0.9002
_9336_/Q,regfile_alu_wdata_fw_o[2],0.9961
_9336_/Q,regfile_alu_wdata_fw_o[7],1.0495
_9336_/Q,regfile_alu_wdata_fw_o[4],1.0750
_9336_/Q,regfile_alu_wdata_fw_o[1],1.4459
_9336_/Q,regfile_alu_wdata_fw_o[0],1.5800
_9334_/Q,regfile_alu_we_fw_power_o,3.7450
_9334_/Q,alu_ready_o,3.8830
_9334_/Q,_9432_/D,-4.9985
_9334_/Q,_9431_/D,-4.7914
_9334_/Q,_9430_/D,-4.6217
_9334_/Q,_9429_/D,-4.1954
_9334_/Q,_9428_/D,-4.0415
_9334_/Q,_9427_/D,-3.8151
_9334_/Q,_9426_/D,-3.5707
_9334_/Q,_9424_/D,-3.3138
_9334_/Q,_9425_/D,-3.3074
_9334_/Q,_9423_/D,-3.0022
_9334_/Q,_9422_/D,-2.7203
_9334_/Q,_9421_/D,-2.5597
_9334_/Q,_9420_/D,-2.3552
_9334_/Q,_9419_/D,-2.1101
_9334_/Q,_9418_/D,-1.7235
_9334_/Q,_9417_/D,-1.6367
_9334_/Q,_9416_/D,-1.6134
_9334_/Q,_9415_/D,-1.3944
_9334_/Q,_9414_/D,-1.3725
_9334_/Q,_9413_/D,-1.0405
_9334_/Q,_9412_/D,-0.7687
_9334_/Q,_9411_/D,-0.6326
_9334_/Q,_9410_/D,-0.5149
_9334_/Q,_9404_/D,-0.3406
_9334_/Q,_9408_/D,-0.3406
_9334_/Q,_9402_/D,-0.3334
_9334_/Q,_9403_/D,-0.3334
_9334_/Q,_9405_/D,-0.3334
_9334_/Q,_9406_/D,-0.3334
_9334_/Q,_9407_/D,-0.3334
_9334_/Q,_9409_/D,-0.3334
_9334_/Q,_9401_/D,-0.3312
_9334_/Q,_9369_/D,-0.1446
_9334_/Q,_9370_/D,-0.1446
_9334_/Q,_9372_/D,-0.1446
_9334_/Q,_9373_/D,-0.1446
_9334_/Q,_9374_/D,-0.1446
_9334_/Q,_9375_/D,-0.1446
_9334_/Q,_9376_/D,-0.1446
_9334_/Q,_9377_/D,-0.1446
_9334_/Q,_9378_/D,-0.1446
_9334_/Q,_9380_/D,-0.1446
_9334_/Q,_9383_/D,-0.1446
_9334_/Q,_9390_/D,-0.1446
_9334_/Q,_9395_/D,-0.1446
_9334_/Q,_9398_/D,-0.1446
_9334_/Q,_9400_/D,-0.1446
_9334_/Q,_9392_/D,-0.0231
_9334_/Q,_9371_/D,0.0070
_9334_/Q,_9379_/D,0.0070
