
22. Printing statistics.

=== cv32e40p_alu_parent_context ===

        +----------Local Count, excluding submodules.
        |        +-Local Area, excluding submodules.
        |        | 
     5280        - wires
     5493        - wire bits
      702        - public wires
      915        - public wire bits
       26        - ports
      239        - port bits
     4724 2.94E+04 cells
        4        -   $scopeinfo
       10   87.584   sky130_fd_sc_hd__a2111oi_0
       26  227.718   sky130_fd_sc_hd__a211o_1
       99  743.213   sky130_fd_sc_hd__a211oi_1
        4   40.038   sky130_fd_sc_hd__a21bo_1
       10   75.072   sky130_fd_sc_hd__a21boi_0
       36  270.259   sky130_fd_sc_hd__a21o_1
      628 3.14E+03   sky130_fd_sc_hd__a21oi_1
        6   60.058   sky130_fd_sc_hd__a221o_1
       34  297.786   sky130_fd_sc_hd__a221oi_1
        2   20.019   sky130_fd_sc_hd__a222oi_1
       72  630.605   sky130_fd_sc_hd__a22o_1
       66  495.475   sky130_fd_sc_hd__a22oi_1
        7   61.309   sky130_fd_sc_hd__a2bb2oi_1
        2   20.019   sky130_fd_sc_hd__a311o_1
       13  113.859   sky130_fd_sc_hd__a311oi_1
        5   43.792   sky130_fd_sc_hd__a31o_1
       82  512.992   sky130_fd_sc_hd__a31oi_1
        2   20.019   sky130_fd_sc_hd__a32o_1
       20  175.168   sky130_fd_sc_hd__a32oi_1
       39  243.984   sky130_fd_sc_hd__and2_0
       33  206.448   sky130_fd_sc_hd__and3_1
        1    8.758   sky130_fd_sc_hd__and3b_1
        1    8.758   sky130_fd_sc_hd__and4_1
       92  345.331   sky130_fd_sc_hd__clkinv_1
      107 2.68E+03   sky130_fd_sc_hd__dfrtp_1
       48  300.288   sky130_fd_sc_hd__lpflow_inputiso1p_1
       74  462.944   sky130_fd_sc_hd__lpflow_isobufsrc_1
       46  460.442   sky130_fd_sc_hd__maj3_1
       41  461.693   sky130_fd_sc_hd__mux2_1
      152 1.52E+03   sky130_fd_sc_hd__mux2i_1
        2   45.043   sky130_fd_sc_hd__mux4_2
      625     2346   sky130_fd_sc_hd__nand2_1
       67  419.152   sky130_fd_sc_hd__nand2b_1
      174  870.835   sky130_fd_sc_hd__nand3_1
        6   45.043   sky130_fd_sc_hd__nand3b_1
       35   218.96   sky130_fd_sc_hd__nand4_1
        3   26.275   sky130_fd_sc_hd__nand4b_1
      549 2.06E+03   sky130_fd_sc_hd__nor2_1
       17  106.352   sky130_fd_sc_hd__nor2b_1
      137  685.658   sky130_fd_sc_hd__nor3_1
        3   22.522   sky130_fd_sc_hd__nor3b_1
       34  212.704   sky130_fd_sc_hd__nor4_1
        2   17.517   sky130_fd_sc_hd__nor4b_1
        1    10.01   sky130_fd_sc_hd__nor4bb_1
        1   11.261   sky130_fd_sc_hd__o2111a_1
       14  122.618   sky130_fd_sc_hd__o2111ai_1
        7   70.067   sky130_fd_sc_hd__o211a_1
       67  502.982   sky130_fd_sc_hd__o211ai_1
       37  277.766   sky130_fd_sc_hd__o21a_1
      630 3.15E+03   sky130_fd_sc_hd__o21ai_0
        1    10.01   sky130_fd_sc_hd__o21ba_1
        9   67.565   sky130_fd_sc_hd__o21bai_1
        1   11.261   sky130_fd_sc_hd__o221a_1
       34  297.786   sky130_fd_sc_hd__o221ai_1
        9   78.826   sky130_fd_sc_hd__o22a_1
       91  569.296   sky130_fd_sc_hd__o22ai_1
        5   43.792   sky130_fd_sc_hd__o2bb2ai_1
        6   60.058   sky130_fd_sc_hd__o311a_1
       45  394.128   sky130_fd_sc_hd__o311ai_0
       18  157.651   sky130_fd_sc_hd__o31a_1
       49  367.853   sky130_fd_sc_hd__o31ai_1
        2   20.019   sky130_fd_sc_hd__o32a_1
        6    52.55   sky130_fd_sc_hd__o32ai_1
        3   26.275   sky130_fd_sc_hd__o41ai_1
       24  150.144   sky130_fd_sc_hd__or3_1
        2   17.517   sky130_fd_sc_hd__or3b_1
        5   37.536   sky130_fd_sc_hd__or4_1
      143 1.25E+03   sky130_fd_sc_hd__xnor2_1
       98  858.323   sky130_fd_sc_hd__xor2_1

   Area for cell type $scopeinfo is unknown!

   Chip area for module '\cv32e40p_alu_parent_context': 29433.228800
     of which used for sequential elements: 2677.568000 (9.10%)

