Start Point,End Point,WNS (ns)
instr_rdata_i[16],jump_target_o[31],-3.7434
instr_rdata_i[16],jump_target_o[30],-3.6811
instr_rdata_i[16],jump_target_o[27],-3.5921
instr_rdata_i[16],jump_target_o[23],-3.5393
instr_rdata_i[16],jump_target_o[26],-3.5016
instr_rdata_i[16],jump_target_o[29],-3.3697
instr_rdata_i[16],jump_target_o[25],-3.3086
instr_rdata_i[16],jump_target_o[22],-3.2611
instr_rdata_i[16],jump_target_o[28],-3.1801
instr_rdata_i[16],jump_target_o[19],-3.1339
instr_rdata_i[16],jump_target_o[21],-3.0842
instr_rdata_i[16],jump_target_o[24],-3.0407
instr_rdata_i[16],jump_target_o[20],-3.0000
instr_rdata_i[16],jump_target_o[18],-2.8909
instr_rdata_i[16],jump_target_o[17],-2.8759
pc_id_i[6],hwlp_jump_o,-2.8123
instr_rdata_i[16],jump_target_o[15],-2.8029
pc_id_i[6],hwlp_target_o[0],-2.7181
pc_id_i[6],hwlp_target_o[10],-2.6713
pc_id_i[6],hwlp_target_o[11],-2.6713
pc_id_i[6],hwlp_target_o[12],-2.6713
pc_id_i[6],hwlp_target_o[13],-2.6713
pc_id_i[6],hwlp_target_o[14],-2.6713
pc_id_i[6],hwlp_target_o[15],-2.6713
pc_id_i[6],hwlp_target_o[16],-2.6713
pc_id_i[6],hwlp_target_o[17],-2.6713
pc_id_i[6],hwlp_target_o[18],-2.6713
pc_id_i[6],hwlp_target_o[19],-2.6713
pc_id_i[6],hwlp_target_o[1],-2.6713
pc_id_i[6],hwlp_target_o[20],-2.6713
pc_id_i[6],hwlp_target_o[21],-2.6713
pc_id_i[6],hwlp_target_o[22],-2.6713
pc_id_i[6],hwlp_target_o[23],-2.6713
pc_id_i[6],hwlp_target_o[24],-2.6713
pc_id_i[6],hwlp_target_o[25],-2.6713
pc_id_i[6],hwlp_target_o[26],-2.6713
pc_id_i[6],hwlp_target_o[27],-2.6713
pc_id_i[6],hwlp_target_o[28],-2.6713
pc_id_i[6],hwlp_target_o[29],-2.6713
pc_id_i[6],hwlp_target_o[2],-2.6713
pc_id_i[6],hwlp_target_o[30],-2.6713
pc_id_i[6],hwlp_target_o[31],-2.6713
pc_id_i[6],hwlp_target_o[3],-2.6713
pc_id_i[6],hwlp_target_o[4],-2.6713
pc_id_i[6],hwlp_target_o[5],-2.6713
pc_id_i[6],hwlp_target_o[6],-2.6713
pc_id_i[6],hwlp_target_o[7],-2.6713
pc_id_i[6],hwlp_target_o[8],-2.6713
pc_id_i[6],hwlp_target_o[9],-2.6713
instr_rdata_i[16],jump_target_o[13],-2.6289
