Start Point,End Point,WNS (ns)
instr_rdata_i[16],jump_target_o[31],-3.7434
instr_rdata_i[16],jump_target_o[30],-3.6811
instr_rdata_i[16],jump_target_o[27],-3.5921
instr_rdata_i[16],jump_target_o[23],-3.5393
instr_rdata_i[16],jump_target_o[26],-3.5016
instr_rdata_i[16],jump_target_o[29],-3.3697
instr_rdata_i[16],jump_target_o[25],-3.3086
instr_rdata_i[16],jump_target_o[22],-3.2611
instr_rdata_i[16],jump_target_o[28],-3.1801
instr_rdata_i[16],jump_target_o[19],-3.1339
instr_rdata_i[16],jump_target_o[21],-3.0842
instr_rdata_i[16],jump_target_o[24],-3.0407
instr_rdata_i[16],jump_target_o[20],-3.0000
instr_rdata_i[16],jump_target_o[18],-2.8909
instr_rdata_i[16],jump_target_o[17],-2.8759
pc_id_i[6],hwlp_jump_o,-2.8123
instr_rdata_i[16],jump_target_o[15],-2.8029
pc_id_i[6],hwlp_target_o[0],-2.7181
pc_id_i[6],hwlp_target_o[10],-2.6713
pc_id_i[6],hwlp_target_o[11],-2.6713
pc_id_i[6],hwlp_target_o[12],-2.6713
pc_id_i[6],hwlp_target_o[13],-2.6713
pc_id_i[6],hwlp_target_o[14],-2.6713
pc_id_i[6],hwlp_target_o[15],-2.6713
pc_id_i[6],hwlp_target_o[16],-2.6713
pc_id_i[6],hwlp_target_o[17],-2.6713
pc_id_i[6],hwlp_target_o[18],-2.6713
pc_id_i[6],hwlp_target_o[19],-2.6713
pc_id_i[6],hwlp_target_o[1],-2.6713
pc_id_i[6],hwlp_target_o[20],-2.6713
pc_id_i[6],hwlp_target_o[21],-2.6713
pc_id_i[6],hwlp_target_o[22],-2.6713
pc_id_i[6],hwlp_target_o[23],-2.6713
pc_id_i[6],hwlp_target_o[24],-2.6713
pc_id_i[6],hwlp_target_o[25],-2.6713
pc_id_i[6],hwlp_target_o[26],-2.6713
pc_id_i[6],hwlp_target_o[27],-2.6713
pc_id_i[6],hwlp_target_o[28],-2.6713
pc_id_i[6],hwlp_target_o[29],-2.6713
pc_id_i[6],hwlp_target_o[2],-2.6713
pc_id_i[6],hwlp_target_o[30],-2.6713
pc_id_i[6],hwlp_target_o[31],-2.6713
pc_id_i[6],hwlp_target_o[3],-2.6713
pc_id_i[6],hwlp_target_o[4],-2.6713
pc_id_i[6],hwlp_target_o[5],-2.6713
pc_id_i[6],hwlp_target_o[6],-2.6713
pc_id_i[6],hwlp_target_o[7],-2.6713
pc_id_i[6],hwlp_target_o[8],-2.6713
pc_id_i[6],hwlp_target_o[9],-2.6713
instr_rdata_i[16],jump_target_o[13],-2.6289
instr_rdata_i[2],_13199_/D,-10.2198
instr_rdata_i[2],_13215_/D,-10.2198
instr_rdata_i[2],_13415_/D,-10.2170
instr_rdata_i[2],_13431_/D,-10.2170
instr_rdata_i[2],_13212_/D,-10.1439
instr_rdata_i[2],_13196_/D,-10.1151
instr_rdata_i[2],_13217_/D,-10.1121
instr_rdata_i[2],_13433_/D,-10.1092
instr_rdata_i[2],_13277_/D,-10.0979
instr_rdata_i[2],_13293_/D,-10.0979
instr_rdata_i[2],_13428_/D,-10.0957
instr_rdata_i[2],_13412_/D,-10.0660
instr_rdata_i[2],_13295_/D,-10.0505
instr_rdata_i[2],_13290_/D,-10.0478
instr_rdata_i[2],_13207_/D,-10.0196
instr_rdata_i[2],_13200_/D,-10.0169
instr_rdata_i[2],_13216_/D,-10.0169
instr_rdata_i[2],_13423_/D,-10.0167
instr_rdata_i[2],_13274_/D,-10.0162
instr_rdata_i[2],_13194_/D,-9.9963
instr_rdata_i[2],_13210_/D,-9.9963
instr_rdata_i[2],_13204_/D,-9.9949
instr_rdata_i[2],_13420_/D,-9.9920
instr_rdata_i[2],_13197_/D,-9.9762
instr_rdata_i[2],_13213_/D,-9.9762
instr_rdata_i[2],_13201_/D,-9.9682
instr_rdata_i[2],_13416_/D,-9.9671
instr_rdata_i[2],_13432_/D,-9.9671
instr_rdata_i[2],_13410_/D,-9.9481
instr_rdata_i[2],_13426_/D,-9.9481
instr_rdata_i[2],_13198_/D,-9.9326
instr_rdata_i[2],_13413_/D,-9.9271
instr_rdata_i[2],_13429_/D,-9.9271
instr_rdata_i[2],_13417_/D,-9.9184
instr_rdata_i[2],_13278_/D,-9.9146
instr_rdata_i[2],_13294_/D,-9.9146
instr_rdata_i[2],_13205_/D,-9.9058
instr_rdata_i[2],_13209_/D,-9.9046
instr_rdata_i[2],_13421_/D,-9.9029
instr_rdata_i[2],_13214_/D,-9.9018
instr_rdata_i[2],_13425_/D,-9.9017
instr_rdata_i[2],_13285_/D,-9.9013
instr_rdata_i[2],_13272_/D,-9.9002
instr_rdata_i[2],_13288_/D,-9.9002
instr_rdata_i[2],_13414_/D,-9.8844
instr_rdata_i[2],_13195_/D,-9.8789
instr_rdata_i[2],_13211_/D,-9.8789
instr_rdata_i[2],_13275_/D,-9.8773
instr_rdata_i[2],_13291_/D,-9.8773
instr_rdata_i[2],_13282_/D,-9.8766
_15943_/Q,hwlp_jump_o,-2.0943
_15943_/Q,hwlp_target_o[0],-2.0001
_15943_/Q,hwlp_target_o[10],-1.9533
_15943_/Q,hwlp_target_o[11],-1.9533
_15943_/Q,hwlp_target_o[12],-1.9533
_15943_/Q,hwlp_target_o[13],-1.9533
_15943_/Q,hwlp_target_o[14],-1.9533
_15943_/Q,hwlp_target_o[15],-1.9533
_15943_/Q,hwlp_target_o[16],-1.9533
_15943_/Q,hwlp_target_o[17],-1.9533
_15943_/Q,hwlp_target_o[18],-1.9533
_15943_/Q,hwlp_target_o[19],-1.9533
_15943_/Q,hwlp_target_o[1],-1.9533
_15943_/Q,hwlp_target_o[20],-1.9533
_15943_/Q,hwlp_target_o[21],-1.9533
_15943_/Q,hwlp_target_o[22],-1.9533
_15943_/Q,hwlp_target_o[23],-1.9533
_15943_/Q,hwlp_target_o[24],-1.9533
_15943_/Q,hwlp_target_o[25],-1.9533
_15943_/Q,hwlp_target_o[26],-1.9533
_15943_/Q,hwlp_target_o[27],-1.9533
_15943_/Q,hwlp_target_o[28],-1.9533
_15943_/Q,hwlp_target_o[29],-1.9533
_15943_/Q,hwlp_target_o[2],-1.9533
_15943_/Q,hwlp_target_o[30],-1.9533
_15943_/Q,hwlp_target_o[31],-1.9533
_15943_/Q,hwlp_target_o[3],-1.9533
_15943_/Q,hwlp_target_o[4],-1.9533
_15943_/Q,hwlp_target_o[5],-1.9533
_15943_/Q,hwlp_target_o[6],-1.9533
_15943_/Q,hwlp_target_o[7],-1.9533
_15943_/Q,hwlp_target_o[8],-1.9533
_15943_/Q,hwlp_target_o[9],-1.9533
_22607_/Q,jump_target_o[31],-0.6502
_22607_/Q,jump_target_o[30],-0.5878
_22607_/Q,jump_target_o[27],-0.4988
_22607_/Q,jump_target_o[23],-0.4460
_22607_/Q,jump_target_o[26],-0.4083
_22607_/Q,jump_target_o[29],-0.2764
_22607_/Q,jump_target_o[25],-0.2154
_22607_/Q,jump_target_o[22],-0.1678
_22607_/Q,jump_target_o[28],-0.0868
_22607_/Q,jump_target_o[19],-0.0407
_22607_/Q,jump_target_o[21],0.0090
_22607_/Q,jump_target_o[24],0.0525
_22607_/Q,jump_target_o[20],0.0932
_22607_/Q,jump_target_o[18],0.2024
_22607_/Q,jump_target_o[15],0.2122
_22607_/Q,jump_target_o[17],0.2174
_22607_/Q,jump_target_o[14],0.4160
_16147_/Q,_13107_/D,-4.3976
_16147_/Q,_13108_/D,-4.3976
_16147_/Q,_13109_/D,-4.3976
_16147_/Q,_13369_/D,-3.9741
_16147_/Q,_13186_/D,-3.7429
_16147_/Q,_13188_/D,-3.7429
_16147_/Q,_13189_/D,-3.7429
_16147_/Q,_13190_/D,-3.7429
_16147_/Q,_13191_/D,-3.7429
_16147_/Q,_13193_/D,-3.7429
_16147_/Q,_13194_/D,-3.7429
_16147_/Q,_13196_/D,-3.7429
_16147_/Q,_13197_/D,-3.7429
_16147_/Q,_13198_/D,-3.7429
_16147_/Q,_13200_/D,-3.7429
_16147_/Q,_13201_/D,-3.7429
_16147_/Q,_13203_/D,-3.7429
_16147_/Q,_13208_/D,-3.7429
_16147_/Q,_13210_/D,-3.7429
_16147_/Q,_13212_/D,-3.7429
_16147_/Q,_13213_/D,-3.7429
_16147_/Q,_13214_/D,-3.7429
_16147_/Q,_13216_/D,-3.7429
_16147_/Q,_13116_/D,-3.7280
_16147_/Q,_13187_/D,-3.7280
_16147_/Q,_13192_/D,-3.7280
_16147_/Q,_13195_/D,-3.7280
_16147_/Q,_13199_/D,-3.7280
_16147_/Q,_13202_/D,-3.7280
_16147_/Q,_13204_/D,-3.7280
_16147_/Q,_13205_/D,-3.7280
_16147_/Q,_13206_/D,-3.7280
_16147_/Q,_13207_/D,-3.7280
_16147_/Q,_13209_/D,-3.7280
_16147_/Q,_13211_/D,-3.7280
_16147_/Q,_13215_/D,-3.7280
_16147_/Q,_13217_/D,-3.7280
_16147_/Q,_13262_/D,-3.7280
_16147_/Q,_13263_/D,-3.7280
_16147_/Q,_13370_/D,-3.7280
_16147_/Q,_13257_/D,-3.6326
_16147_/Q,_13258_/D,-3.6326
_16147_/Q,_13259_/D,-3.6326
_16147_/Q,_13260_/D,-3.6326
_16147_/Q,_13261_/D,-3.6326
_16147_/Q,_13371_/D,-3.6326
_16147_/Q,_13372_/D,-3.6326
_16147_/Q,_13373_/D,-3.6326
_16147_/Q,_13374_/D,-3.6326
_16147_/Q,_13375_/D,-3.6326
