Start Point,End Point,WNS (ns)
_15943_/Q,hwlp_jump_o,-2.0943
_15943_/Q,hwlp_target_o[0],-2.0001
_15943_/Q,hwlp_target_o[10],-1.9533
_15943_/Q,hwlp_target_o[11],-1.9533
_15943_/Q,hwlp_target_o[12],-1.9533
_15943_/Q,hwlp_target_o[13],-1.9533
_15943_/Q,hwlp_target_o[14],-1.9533
_15943_/Q,hwlp_target_o[15],-1.9533
_15943_/Q,hwlp_target_o[16],-1.9533
_15943_/Q,hwlp_target_o[17],-1.9533
_15943_/Q,hwlp_target_o[18],-1.9533
_15943_/Q,hwlp_target_o[19],-1.9533
_15943_/Q,hwlp_target_o[1],-1.9533
_15943_/Q,hwlp_target_o[20],-1.9533
_15943_/Q,hwlp_target_o[21],-1.9533
_15943_/Q,hwlp_target_o[22],-1.9533
_15943_/Q,hwlp_target_o[23],-1.9533
_15943_/Q,hwlp_target_o[24],-1.9533
_15943_/Q,hwlp_target_o[25],-1.9533
_15943_/Q,hwlp_target_o[26],-1.9533
_15943_/Q,hwlp_target_o[27],-1.9533
_15943_/Q,hwlp_target_o[28],-1.9533
_15943_/Q,hwlp_target_o[29],-1.9533
_15943_/Q,hwlp_target_o[2],-1.9533
_15943_/Q,hwlp_target_o[30],-1.9533
_15943_/Q,hwlp_target_o[31],-1.9533
_15943_/Q,hwlp_target_o[3],-1.9533
_15943_/Q,hwlp_target_o[4],-1.9533
_15943_/Q,hwlp_target_o[5],-1.9533
_15943_/Q,hwlp_target_o[6],-1.9533
_15943_/Q,hwlp_target_o[7],-1.9533
_15943_/Q,hwlp_target_o[8],-1.9533
_15943_/Q,hwlp_target_o[9],-1.9533
_22607_/Q,jump_target_o[31],-0.6502
_22607_/Q,jump_target_o[30],-0.5878
_22607_/Q,jump_target_o[27],-0.4988
_22607_/Q,jump_target_o[23],-0.4460
_22607_/Q,jump_target_o[26],-0.4083
_22607_/Q,jump_target_o[29],-0.2764
_22607_/Q,jump_target_o[25],-0.2154
_22607_/Q,jump_target_o[22],-0.1678
_22607_/Q,jump_target_o[28],-0.0868
_22607_/Q,jump_target_o[19],-0.0407
_22607_/Q,jump_target_o[21],0.0090
_22607_/Q,jump_target_o[24],0.0525
_22607_/Q,jump_target_o[20],0.0932
_22607_/Q,jump_target_o[18],0.2024
_22607_/Q,jump_target_o[15],0.2122
_22607_/Q,jump_target_o[17],0.2174
_22607_/Q,jump_target_o[14],0.4160
