
22. Printing statistics.

=== cv32e40p_prefetch_buffer ===

        +----------Local Count, excluding submodules.
        |        +-Local Area, excluding submodules.
        |        |
     1031        - wires
     1186        - wire bits
      533        - public wires
      688        - public wire bits
       18        - ports
      173        - port bits
      709 7.19E+03 cells
        3        -   $scopeinfo
        2   17.517   sky130_fd_sc_hd__a211o_1
        2   15.014   sky130_fd_sc_hd__a211oi_1
        1    7.507   sky130_fd_sc_hd__a21boi_0
        2   15.014   sky130_fd_sc_hd__a21o_1
       58  290.278   sky130_fd_sc_hd__a21oi_1
       10   87.584   sky130_fd_sc_hd__a221oi_1
        2   20.019   sky130_fd_sc_hd__a222oi_1
        5   43.792   sky130_fd_sc_hd__a22o_1
        5   37.536   sky130_fd_sc_hd__a22oi_1
        1    10.01   sky130_fd_sc_hd__a311o_1
        2   12.512   sky130_fd_sc_hd__a31oi_1
        1    10.01   sky130_fd_sc_hd__a32o_1
        4   25.024   sky130_fd_sc_hd__and2_0
        4   25.024   sky130_fd_sc_hd__and3_1
        2   17.517   sky130_fd_sc_hd__and3b_1
        3   26.275   sky130_fd_sc_hd__and4_1
       14    52.55   sky130_fd_sc_hd__clkinv_1
      139 3.48E+03   sky130_fd_sc_hd__dfrtp_1
        6   37.536   sky130_fd_sc_hd__lpflow_inputiso1p_1
        8   50.048   sky130_fd_sc_hd__lpflow_isobufsrc_1
       92 1.04E+03   sky130_fd_sc_hd__mux2_1
       33  330.317   sky130_fd_sc_hd__mux2i_1
       90  337.824   sky130_fd_sc_hd__nand2_1
        3   18.768   sky130_fd_sc_hd__nand2b_1
        4   20.019   sky130_fd_sc_hd__nand3_1
        1    7.507   sky130_fd_sc_hd__nand3b_1
        4   25.024   sky130_fd_sc_hd__nand4_1
       55  206.448   sky130_fd_sc_hd__nor2_1
        2   12.512   sky130_fd_sc_hd__nor2b_1
        6   30.029   sky130_fd_sc_hd__nor3_1
        1    7.507   sky130_fd_sc_hd__nor3b_1
        3   18.768   sky130_fd_sc_hd__nor4_1
        3   22.522   sky130_fd_sc_hd__o211ai_1
        9   67.565   sky130_fd_sc_hd__o21a_1
       98   490.47   sky130_fd_sc_hd__o21ai_0
        4   45.043   sky130_fd_sc_hd__o221a_1
        5   43.792   sky130_fd_sc_hd__o221ai_1
        1    6.256   sky130_fd_sc_hd__o22ai_1
        1    10.01   sky130_fd_sc_hd__o311a_1
        1    7.507   sky130_fd_sc_hd__o31ai_1
        2   17.517   sky130_fd_sc_hd__o41ai_1
        1    6.256   sky130_fd_sc_hd__or3_1
       11   96.342   sky130_fd_sc_hd__xnor2_1
        5   43.792   sky130_fd_sc_hd__xor2_1

   Area for cell type $scopeinfo is unknown!

   Chip area for module '\cv32e40p_prefetch_buffer': 7186.892800
     of which used for sequential elements: 3478.336000 (48.40%)
