Start Point,End Point,WNS (ns)
alu_operator_i[4],regfile_alu_wdata_fw_o[31],-14.8633
alu_operator_i[4],regfile_alu_wdata_fw_o[12],-14.8450
alu_operator_i[4],regfile_alu_wdata_fw_o[30],-14.8308
alu_operator_i[4],regfile_alu_wdata_fw_o[11],-14.8264
alu_operator_i[4],regfile_alu_wdata_fw_o[14],-14.8264
alu_operator_i[4],regfile_alu_wdata_fw_o[22],-14.8242
alu_operator_i[4],regfile_alu_wdata_fw_o[23],-14.8172
alu_operator_i[4],regfile_alu_wdata_fw_o[26],-14.8172
alu_operator_i[4],regfile_alu_wdata_fw_o[29],-14.7790
alu_operator_i[4],regfile_alu_wdata_fw_o[2],-14.7790
alu_operator_i[4],regfile_alu_wdata_fw_o[6],-14.7790
alu_operator_i[4],regfile_alu_wdata_fw_o[5],-14.7712
alu_operator_i[4],regfile_alu_wdata_fw_o[27],-14.7289
alu_operator_i[4],regfile_alu_wdata_fw_o[15],-14.6485
alu_operator_i[4],regfile_alu_wdata_fw_o[16],-14.6485
alu_operator_i[4],regfile_alu_wdata_fw_o[17],-14.6485
alu_operator_i[4],regfile_alu_wdata_fw_o[18],-14.6485
alu_operator_i[4],regfile_alu_wdata_fw_o[20],-14.6485
alu_operator_i[4],regfile_alu_wdata_fw_o[21],-14.6485
alu_operator_i[4],regfile_alu_wdata_fw_o[9],-14.6485
alu_operator_i[4],regfile_alu_wdata_fw_o[10],-14.6045
alu_operator_i[4],regfile_alu_wdata_fw_o[3],-14.5909
alu_operator_i[4],regfile_alu_wdata_fw_o[25],-14.5816
alu_operator_i[4],regfile_alu_wdata_fw_o[24],-14.5474
alu_operator_i[4],regfile_alu_wdata_fw_o[13],-14.5359
alu_operator_i[4],regfile_alu_wdata_fw_o[19],-14.5359
alu_operator_i[4],regfile_alu_wdata_fw_o[28],-14.5359
alu_operator_i[4],regfile_alu_wdata_fw_o[8],-14.5359
alu_operator_i[4],regfile_alu_wdata_fw_o[0],-14.4848
alu_operator_i[4],regfile_alu_wdata_fw_o[1],-14.4777
alu_operator_i[4],regfile_alu_wdata_fw_o[7],-14.4777
alu_operator_i[4],regfile_alu_wdata_fw_o[4],-14.4766
alu_operator_i[6],branch_decision_o,0.8657
alu_operator_i[6],regfile_alu_we_fw_power_o,1.2364
alu_operator_i[6],alu_ready_o,1.3748
regfile_alu_waddr_i[0],regfile_alu_waddr_fw_o[0],3.9994
regfile_alu_waddr_i[1],regfile_alu_waddr_fw_o[1],3.9994
regfile_alu_waddr_i[2],regfile_alu_waddr_fw_o[2],3.9994
regfile_alu_waddr_i[3],regfile_alu_waddr_fw_o[3],3.9994
regfile_alu_waddr_i[4],regfile_alu_waddr_fw_o[4],3.9994
regfile_alu_waddr_i[5],regfile_alu_waddr_fw_o[5],3.9994
alu_operand_c_i[0],jump_target_o[0],3.9997
alu_operand_c_i[10],jump_target_o[10],3.9997
alu_operand_c_i[11],jump_target_o[11],3.9997
alu_operand_c_i[12],jump_target_o[12],3.9997
alu_operand_c_i[13],jump_target_o[13],3.9997
alu_operand_c_i[14],jump_target_o[14],3.9997
alu_operand_c_i[15],jump_target_o[15],3.9997
alu_operand_c_i[16],jump_target_o[16],3.9997
alu_operand_c_i[17],jump_target_o[17],3.9997
alu_operator_i[4],_9248_/D,-11.1514
alu_operator_i[4],_9240_/D,-11.1316
alu_operator_i[4],_9252_/D,-11.1217
alu_operator_i[4],_9239_/D,-11.0855
alu_operator_i[4],_9236_/D,-11.0803
alu_operator_i[4],_9234_/D,-11.0484
alu_operator_i[4],_9241_/D,-11.0234
alu_operator_i[4],_9246_/D,-11.0230
alu_operator_i[4],_9242_/D,-11.0147
alu_operator_i[4],_9244_/D,-10.9959
alu_operator_i[4],_9250_/D,-10.9898
alu_operator_i[4],_9228_/D,-10.9650
alu_operator_i[4],_9245_/D,-10.9471
alu_operator_i[4],_9256_/D,-10.9414
alu_operator_i[4],_9232_/D,-10.9399
alu_operator_i[4],_9238_/D,-10.9019
alu_operator_i[4],_9227_/D,-10.8620
alu_operator_i[4],_9253_/D,-10.8492
alu_operator_i[4],_9231_/D,-10.8491
alu_operator_i[4],_9237_/D,-10.8405
alu_operator_i[4],_9247_/D,-10.8365
alu_operator_i[4],_9233_/D,-10.8256
alu_operator_i[4],_9229_/D,-10.8192
alu_operator_i[4],_9243_/D,-10.8054
alu_operator_i[4],_9255_/D,-10.7651
alu_operator_i[4],_9249_/D,-10.7405
alu_operator_i[4],_9235_/D,-10.7233
alu_operator_i[4],_9230_/D,-10.6931
alu_operator_i[4],_9251_/D,-10.6885
alu_operator_i[4],_9254_/D,-10.6473
alu_operator_i[4],_9257_/D,-10.2098
alu_operator_i[4],_9258_/D,-9.7394
alu_operator_i[6],_9290_/D,-6.3421
alu_operator_i[6],_9289_/D,-6.0672
alu_operator_i[6],_9288_/D,-6.0094
alu_operator_i[6],_9287_/D,-5.8760
alu_operator_i[6],_9286_/D,-5.8747
alu_operator_i[6],_9285_/D,-5.5568
alu_operator_i[6],_9284_/D,-5.4436
alu_operator_i[6],_9283_/D,-5.0541
alu_operator_i[6],_9282_/D,-5.0515
alu_operator_i[6],_9281_/D,-4.8061
alu_operator_i[6],_9280_/D,-4.5164
alu_operator_i[6],_9279_/D,-4.4718
alu_operator_i[6],_9278_/D,-4.2544
alu_operator_i[6],_9277_/D,-4.1092
alu_operator_i[6],_9276_/D,-3.7832
alu_operator_i[6],_9275_/D,-3.6502
alu_operator_i[6],_9273_/D,-3.4697
alu_operator_i[6],_9274_/D,-3.4651
_9194_/Q,regfile_alu_wdata_fw_o[31],-2.1748
_9194_/Q,regfile_alu_wdata_fw_o[30],-2.1476
_9194_/Q,regfile_alu_wdata_fw_o[29],-1.8578
_9194_/Q,regfile_alu_wdata_fw_o[28],-1.7572
_9194_/Q,regfile_alu_wdata_fw_o[27],-1.5442
_9194_/Q,regfile_alu_wdata_fw_o[26],-1.4941
_9194_/Q,regfile_alu_wdata_fw_o[25],-1.1993
_9194_/Q,regfile_alu_wdata_fw_o[24],-0.9734
_9194_/Q,regfile_alu_wdata_fw_o[23],-0.8698
_9194_/Q,regfile_alu_wdata_fw_o[22],-0.6640
_9194_/Q,regfile_alu_wdata_fw_o[19],-0.4462
_9194_/Q,regfile_alu_wdata_fw_o[20],-0.3941
_9194_/Q,regfile_alu_wdata_fw_o[21],-0.3716
_9194_/Q,regfile_alu_wdata_fw_o[18],-0.2076
_9194_/Q,regfile_alu_wdata_fw_o[16],-0.1540
_9194_/Q,regfile_alu_wdata_fw_o[13],0.3016
_9194_/Q,regfile_alu_wdata_fw_o[17],0.3723
_9194_/Q,regfile_alu_wdata_fw_o[15],0.5110
_9194_/Q,regfile_alu_wdata_fw_o[11],0.5266
_9194_/Q,regfile_alu_wdata_fw_o[12],0.6308
_9194_/Q,regfile_alu_wdata_fw_o[14],0.7054
_9194_/Q,regfile_alu_wdata_fw_o[9],0.7993
_9194_/Q,regfile_alu_wdata_fw_o[1],0.8879
_9194_/Q,regfile_alu_wdata_fw_o[8],0.9315
_9194_/Q,regfile_alu_wdata_fw_o[10],0.9469
_9194_/Q,regfile_alu_wdata_fw_o[5],1.0127
_9194_/Q,regfile_alu_wdata_fw_o[7],1.1042
_9194_/Q,regfile_alu_wdata_fw_o[3],1.2061
_9194_/Q,regfile_alu_wdata_fw_o[4],1.3189
_9194_/Q,regfile_alu_wdata_fw_o[6],1.3396
_9194_/Q,regfile_alu_wdata_fw_o[2],1.5519
_9194_/Q,regfile_alu_wdata_fw_o[0],1.7101
_9192_/Q,regfile_alu_we_fw_power_o,3.7438
_9192_/Q,alu_ready_o,3.8822
_9192_/Q,_9290_/D,-4.6204
_9192_/Q,_9289_/D,-4.3455
_9192_/Q,_9288_/D,-4.2877
_9192_/Q,_9287_/D,-4.1543
_9192_/Q,_9286_/D,-4.1530
_9192_/Q,_9285_/D,-3.8351
_9192_/Q,_9284_/D,-3.7219
_9192_/Q,_9283_/D,-3.3324
_9192_/Q,_9282_/D,-3.3299
_9192_/Q,_9281_/D,-3.0844
_9192_/Q,_9280_/D,-2.7947
_9192_/Q,_9279_/D,-2.7501
_9192_/Q,_9278_/D,-2.5327
_9192_/Q,_9277_/D,-2.3875
_9192_/Q,_9276_/D,-2.1315
_9192_/Q,_9274_/D,-2.0956
_9192_/Q,_9270_/D,-2.0671
_9192_/Q,_9265_/D,-2.0054
_9192_/Q,_9266_/D,-2.0054
_9192_/Q,_9267_/D,-2.0054
_9192_/Q,_9269_/D,-2.0054
_9192_/Q,_9259_/D,-1.9962
_9192_/Q,_9268_/D,-1.9837
_9192_/Q,_9275_/D,-1.9285
_9192_/Q,_9273_/D,-1.7480
_9192_/Q,_9272_/D,-1.5760
_9192_/Q,_9271_/D,-1.3869
_9192_/Q,_9264_/D,-1.1266
_9192_/Q,_9261_/D,-1.0438
_9192_/Q,_9260_/D,-1.0335
_9192_/Q,_9262_/D,-1.0335
_9192_/Q,_9263_/D,-1.0335
_9192_/Q,_9228_/D,-0.2567
_9192_/Q,_9229_/D,-0.2567
_9192_/Q,_9231_/D,-0.2567
_9192_/Q,_9233_/D,-0.2567
_9192_/Q,_9234_/D,-0.2567
_9192_/Q,_9235_/D,-0.2567
_9192_/Q,_9236_/D,-0.2567
_9192_/Q,_9237_/D,-0.2567
_9192_/Q,_9241_/D,-0.2567
_9192_/Q,_9245_/D,-0.2567
_9192_/Q,_9253_/D,-0.2567
_9192_/Q,_9258_/D,-0.2567
_9192_/Q,_9232_/D,-0.2098
_9192_/Q,_9238_/D,-0.2098
_9192_/Q,_9239_/D,-0.1460
_9192_/Q,_9227_/D,-0.1360
_9192_/Q,_9230_/D,-0.1056
_9192_/Q,_9249_/D,-0.1056
